[0.291s] DEBUG:colcon:Command line arguments: ['/usr/bin/colcon', 'build', '--packages-select', 'test_action']
[0.291s] DEBUG:colcon:Parsed command line arguments: Namespace(log_base=None, log_level=None, verb_name='build', build_base='build', install_base='install', merge_install=False, symlink_install=False, test_result_base=None, continue_on_error=False, executor='parallel', parallel_workers=4, event_handlers=None, ignore_user_meta=False, metas=['./colcon.meta'], base_paths=['.'], packages_ignore=None, packages_ignore_regex=None, paths=None, packages_up_to=None, packages_up_to_regex=None, packages_above=None, packages_above_and_dependencies=None, packages_above_depth=None, packages_select_by_dep=None, packages_skip_by_dep=None, packages_skip_up_to=None, packages_select_build_failed=False, packages_skip_build_finished=False, packages_select_test_failures=False, packages_skip_test_passed=False, packages_select=['test_action'], packages_skip=None, packages_select_regex=None, packages_skip_regex=None, packages_start=None, packages_end=None, allow_overriding=[], cmake_args=None, cmake_target=None, cmake_target_skip_unavailable=False, cmake_clean_cache=False, cmake_clean_first=False, cmake_force_configure=False, ament_cmake_args=None, catkin_cmake_args=None, catkin_skip_building_tests=False, mixin_files=None, mixin=None, verb_parser=<colcon_mixin.mixin.mixin_argument.MixinArgumentDecorator object at 0x73be5373aa10>, verb_extension=<colcon_core.verb.build.BuildVerb object at 0x73be5384b0a0>, main=<bound method BuildVerb.main of <colcon_core.verb.build.BuildVerb object at 0x73be5384b0a0>>, mixin_verb=('build',))
[0.980s] Level 1:colcon.colcon_core.package_discovery:discover_packages(colcon_meta) check parameters
[0.980s] Level 1:colcon.colcon_core.package_discovery:discover_packages(recursive) check parameters
[0.981s] Level 1:colcon.colcon_core.package_discovery:discover_packages(ignore) check parameters
[0.981s] Level 1:colcon.colcon_core.package_discovery:discover_packages(path) check parameters
[0.981s] Level 1:colcon.colcon_core.package_discovery:discover_packages(colcon_meta) discover
[0.981s] Level 1:colcon.colcon_core.package_discovery:discover_packages(recursive) discover
[0.981s] INFO:colcon.colcon_core.package_discovery:Crawling recursively for packages in '/home/vkj/ros2_ws'
[0.982s] Level 1:colcon.colcon_core.package_identification:_identify(.) by extensions ['ignore', 'ignore_ament_install']
[0.982s] Level 1:colcon.colcon_core.package_identification:_identify(.) by extension 'ignore'
[0.982s] Level 1:colcon.colcon_core.package_identification:_identify(.) by extension 'ignore_ament_install'
[0.982s] Level 1:colcon.colcon_core.package_identification:_identify(.) by extensions ['colcon_pkg']
[0.982s] Level 1:colcon.colcon_core.package_identification:_identify(.) by extension 'colcon_pkg'
[0.983s] Level 1:colcon.colcon_core.package_identification:_identify(.) by extensions ['colcon_meta']
[0.984s] Level 1:colcon.colcon_core.package_identification:_identify(.) by extension 'colcon_meta'
[0.984s] Level 1:colcon.colcon_core.package_identification:_identify(.) by extensions ['ros']
[0.984s] Level 1:colcon.colcon_core.package_identification:_identify(.) by extension 'ros'
[1.036s] Level 1:colcon.colcon_core.package_identification:_identify(.) by extensions ['cmake', 'python']
[1.037s] Level 1:colcon.colcon_core.package_identification:_identify(.) by extension 'cmake'
[1.037s] Level 1:colcon.colcon_core.package_identification:_identify(.) by extension 'python'
[1.037s] Level 1:colcon.colcon_core.package_identification:_identify(.) by extensions ['python_setup_py']
[1.037s] Level 1:colcon.colcon_core.package_identification:_identify(.) by extension 'python_setup_py'
[1.037s] Level 1:colcon.colcon_core.package_identification:_identify(build) by extensions ['ignore', 'ignore_ament_install']
[1.037s] Level 1:colcon.colcon_core.package_identification:_identify(build) by extension 'ignore'
[1.038s] Level 1:colcon.colcon_core.package_identification:_identify(build) ignored
[1.038s] Level 1:colcon.colcon_core.package_identification:_identify(install) by extensions ['ignore', 'ignore_ament_install']
[1.038s] Level 1:colcon.colcon_core.package_identification:_identify(install) by extension 'ignore'
[1.038s] Level 1:colcon.colcon_core.package_identification:_identify(install) ignored
[1.038s] Level 1:colcon.colcon_core.package_identification:_identify(log) by extensions ['ignore', 'ignore_ament_install']
[1.038s] Level 1:colcon.colcon_core.package_identification:_identify(log) by extension 'ignore'
[1.039s] Level 1:colcon.colcon_core.package_identification:_identify(log) ignored
[1.039s] Level 1:colcon.colcon_core.package_identification:_identify(src) by extensions ['ignore', 'ignore_ament_install']
[1.039s] Level 1:colcon.colcon_core.package_identification:_identify(src) by extension 'ignore'
[1.039s] Level 1:colcon.colcon_core.package_identification:_identify(src) by extension 'ignore_ament_install'
[1.039s] Level 1:colcon.colcon_core.package_identification:_identify(src) by extensions ['colcon_pkg']
[1.039s] Level 1:colcon.colcon_core.package_identification:_identify(src) by extension 'colcon_pkg'
[1.040s] Level 1:colcon.colcon_core.package_identification:_identify(src) by extensions ['colcon_meta']
[1.040s] Level 1:colcon.colcon_core.package_identification:_identify(src) by extension 'colcon_meta'
[1.040s] Level 1:colcon.colcon_core.package_identification:_identify(src) by extensions ['ros']
[1.040s] Level 1:colcon.colcon_core.package_identification:_identify(src) by extension 'ros'
[1.040s] Level 1:colcon.colcon_core.package_identification:_identify(src) by extensions ['cmake', 'python']
[1.040s] Level 1:colcon.colcon_core.package_identification:_identify(src) by extension 'cmake'
[1.041s] Level 1:colcon.colcon_core.package_identification:_identify(src) by extension 'python'
[1.041s] Level 1:colcon.colcon_core.package_identification:_identify(src) by extensions ['python_setup_py']
[1.042s] Level 1:colcon.colcon_core.package_identification:_identify(src) by extension 'python_setup_py'
[1.043s] Level 1:colcon.colcon_core.package_identification:_identify(src/cli) by extensions ['ignore', 'ignore_ament_install']
[1.044s] Level 1:colcon.colcon_core.package_identification:_identify(src/cli) by extension 'ignore'
[1.045s] Level 1:colcon.colcon_core.package_identification:_identify(src/cli) by extension 'ignore_ament_install'
[1.045s] Level 1:colcon.colcon_core.package_identification:_identify(src/cli) by extensions ['colcon_pkg']
[1.046s] Level 1:colcon.colcon_core.package_identification:_identify(src/cli) by extension 'colcon_pkg'
[1.046s] Level 1:colcon.colcon_core.package_identification:_identify(src/cli) by extensions ['colcon_meta']
[1.046s] Level 1:colcon.colcon_core.package_identification:_identify(src/cli) by extension 'colcon_meta'
[1.046s] Level 1:colcon.colcon_core.package_identification:_identify(src/cli) by extensions ['ros']
[1.046s] Level 1:colcon.colcon_core.package_identification:_identify(src/cli) by extension 'ros'
[1.046s] Level 1:colcon.colcon_core.package_identification:_identify(src/cli) by extensions ['cmake', 'python']
[1.046s] Level 1:colcon.colcon_core.package_identification:_identify(src/cli) by extension 'cmake'
[1.046s] Level 1:colcon.colcon_core.package_identification:_identify(src/cli) by extension 'python'
[1.046s] Level 1:colcon.colcon_core.package_identification:_identify(src/cli) by extensions ['python_setup_py']
[1.046s] Level 1:colcon.colcon_core.package_identification:_identify(src/cli) by extension 'python_setup_py'
[1.047s] Level 1:colcon.colcon_core.package_identification:_identify(src/custom_interfaces) by extensions ['ignore', 'ignore_ament_install']
[1.047s] Level 1:colcon.colcon_core.package_identification:_identify(src/custom_interfaces) by extension 'ignore'
[1.047s] Level 1:colcon.colcon_core.package_identification:_identify(src/custom_interfaces) by extension 'ignore_ament_install'
[1.047s] Level 1:colcon.colcon_core.package_identification:_identify(src/custom_interfaces) by extensions ['colcon_pkg']
[1.047s] Level 1:colcon.colcon_core.package_identification:_identify(src/custom_interfaces) by extension 'colcon_pkg'
[1.048s] Level 1:colcon.colcon_core.package_identification:_identify(src/custom_interfaces) by extensions ['colcon_meta']
[1.048s] Level 1:colcon.colcon_core.package_identification:_identify(src/custom_interfaces) by extension 'colcon_meta'
[1.048s] Level 1:colcon.colcon_core.package_identification:_identify(src/custom_interfaces) by extensions ['ros']
[1.048s] Level 1:colcon.colcon_core.package_identification:_identify(src/custom_interfaces) by extension 'ros'
[1.089s] DEBUG:colcon.colcon_core.package_identification:Package 'src/custom_interfaces' with type 'ros.ament_cmake' and name 'custom_interfaces'
[1.090s] Level 1:colcon.colcon_core.package_identification:_identify(src/dc_motor_control) by extensions ['ignore', 'ignore_ament_install']
[1.090s] Level 1:colcon.colcon_core.package_identification:_identify(src/dc_motor_control) by extension 'ignore'
[1.090s] Level 1:colcon.colcon_core.package_identification:_identify(src/dc_motor_control) by extension 'ignore_ament_install'
[1.090s] Level 1:colcon.colcon_core.package_identification:_identify(src/dc_motor_control) by extensions ['colcon_pkg']
[1.091s] Level 1:colcon.colcon_core.package_identification:_identify(src/dc_motor_control) by extension 'colcon_pkg'
[1.091s] Level 1:colcon.colcon_core.package_identification:_identify(src/dc_motor_control) by extensions ['colcon_meta']
[1.091s] Level 1:colcon.colcon_core.package_identification:_identify(src/dc_motor_control) by extension 'colcon_meta'
[1.091s] Level 1:colcon.colcon_core.package_identification:_identify(src/dc_motor_control) by extensions ['ros']
[1.091s] Level 1:colcon.colcon_core.package_identification:_identify(src/dc_motor_control) by extension 'ros'
[1.094s] DEBUG:colcon.colcon_core.package_identification:Package 'src/dc_motor_control' with type 'ros.ament_python' and name 'dc_motor_control'
[1.095s] Level 1:colcon.colcon_core.package_identification:_identify(src/test_action) by extensions ['ignore', 'ignore_ament_install']
[1.095s] Level 1:colcon.colcon_core.package_identification:_identify(src/test_action) by extension 'ignore'
[1.095s] Level 1:colcon.colcon_core.package_identification:_identify(src/test_action) by extension 'ignore_ament_install'
[1.095s] Level 1:colcon.colcon_core.package_identification:_identify(src/test_action) by extensions ['colcon_pkg']
[1.095s] Level 1:colcon.colcon_core.package_identification:_identify(src/test_action) by extension 'colcon_pkg'
[1.096s] Level 1:colcon.colcon_core.package_identification:_identify(src/test_action) by extensions ['colcon_meta']
[1.096s] Level 1:colcon.colcon_core.package_identification:_identify(src/test_action) by extension 'colcon_meta'
[1.096s] Level 1:colcon.colcon_core.package_identification:_identify(src/test_action) by extensions ['ros']
[1.096s] Level 1:colcon.colcon_core.package_identification:_identify(src/test_action) by extension 'ros'
[1.101s] DEBUG:colcon.colcon_core.package_identification:Package 'src/test_action' with type 'ros.ament_python' and name 'test_action'
[1.101s] Level 1:colcon.colcon_core.package_identification:_identify(src/test_interfaces) by extensions ['ignore', 'ignore_ament_install']
[1.102s] Level 1:colcon.colcon_core.package_identification:_identify(src/test_interfaces) by extension 'ignore'
[1.102s] Level 1:colcon.colcon_core.package_identification:_identify(src/test_interfaces) by extension 'ignore_ament_install'
[1.102s] Level 1:colcon.colcon_core.package_identification:_identify(src/test_interfaces) by extensions ['colcon_pkg']
[1.102s] Level 1:colcon.colcon_core.package_identification:_identify(src/test_interfaces) by extension 'colcon_pkg'
[1.102s] Level 1:colcon.colcon_core.package_identification:_identify(src/test_interfaces) by extensions ['colcon_meta']
[1.102s] Level 1:colcon.colcon_core.package_identification:_identify(src/test_interfaces) by extension 'colcon_meta'
[1.103s] Level 1:colcon.colcon_core.package_identification:_identify(src/test_interfaces) by extensions ['ros']
[1.103s] Level 1:colcon.colcon_core.package_identification:_identify(src/test_interfaces) by extension 'ros'
[1.105s] DEBUG:colcon.colcon_core.package_identification:Package 'src/test_interfaces' with type 'ros.ament_python' and name 'test_interfaces'
[1.106s] Level 1:colcon.colcon_core.package_identification:_identify(src/test_param) by extensions ['ignore', 'ignore_ament_install']
[1.107s] Level 1:colcon.colcon_core.package_identification:_identify(src/test_param) by extension 'ignore'
[1.108s] Level 1:colcon.colcon_core.package_identification:_identify(src/test_param) by extension 'ignore_ament_install'
[1.108s] Level 1:colcon.colcon_core.package_identification:_identify(src/test_param) by extensions ['colcon_pkg']
[1.108s] Level 1:colcon.colcon_core.package_identification:_identify(src/test_param) by extension 'colcon_pkg'
[1.108s] Level 1:colcon.colcon_core.package_identification:_identify(src/test_param) by extensions ['colcon_meta']
[1.108s] Level 1:colcon.colcon_core.package_identification:_identify(src/test_param) by extension 'colcon_meta'
[1.108s] Level 1:colcon.colcon_core.package_identification:_identify(src/test_param) by extensions ['ros']
[1.108s] Level 1:colcon.colcon_core.package_identification:_identify(src/test_param) by extension 'ros'
[1.111s] DEBUG:colcon.colcon_core.package_identification:Package 'src/test_param' with type 'ros.ament_python' and name 'test_param'
[1.112s] Level 1:colcon.colcon_core.package_identification:_identify(src/test_service) by extensions ['ignore', 'ignore_ament_install']
[1.113s] Level 1:colcon.colcon_core.package_identification:_identify(src/test_service) by extension 'ignore'
[1.114s] Level 1:colcon.colcon_core.package_identification:_identify(src/test_service) by extension 'ignore_ament_install'
[1.115s] Level 1:colcon.colcon_core.package_identification:_identify(src/test_service) by extensions ['colcon_pkg']
[1.116s] Level 1:colcon.colcon_core.package_identification:_identify(src/test_service) by extension 'colcon_pkg'
[1.117s] Level 1:colcon.colcon_core.package_identification:_identify(src/test_service) by extensions ['colcon_meta']
[1.117s] Level 1:colcon.colcon_core.package_identification:_identify(src/test_service) by extension 'colcon_meta'
[1.118s] Level 1:colcon.colcon_core.package_identification:_identify(src/test_service) by extensions ['ros']
[1.118s] Level 1:colcon.colcon_core.package_identification:_identify(src/test_service) by extension 'ros'
[1.121s] DEBUG:colcon.colcon_core.package_identification:Package 'src/test_service' with type 'ros.ament_python' and name 'test_service'
[1.121s] Level 1:colcon.colcon_core.package_identification:_identify(src/test_topic) by extensions ['ignore', 'ignore_ament_install']
[1.121s] Level 1:colcon.colcon_core.package_identification:_identify(src/test_topic) by extension 'ignore'
[1.122s] Level 1:colcon.colcon_core.package_identification:_identify(src/test_topic) by extension 'ignore_ament_install'
[1.122s] Level 1:colcon.colcon_core.package_identification:_identify(src/test_topic) by extensions ['colcon_pkg']
[1.122s] Level 1:colcon.colcon_core.package_identification:_identify(src/test_topic) by extension 'colcon_pkg'
[1.122s] Level 1:colcon.colcon_core.package_identification:_identify(src/test_topic) by extensions ['colcon_meta']
[1.122s] Level 1:colcon.colcon_core.package_identification:_identify(src/test_topic) by extension 'colcon_meta'
[1.122s] Level 1:colcon.colcon_core.package_identification:_identify(src/test_topic) by extensions ['ros']
[1.122s] Level 1:colcon.colcon_core.package_identification:_identify(src/test_topic) by extension 'ros'
[1.125s] DEBUG:colcon.colcon_core.package_identification:Package 'src/test_topic' with type 'ros.ament_python' and name 'test_topic'
[1.125s] Level 1:colcon.colcon_core.package_identification:_identify(src/test_turtle) by extensions ['ignore', 'ignore_ament_install']
[1.126s] Level 1:colcon.colcon_core.package_identification:_identify(src/test_turtle) by extension 'ignore'
[1.126s] Level 1:colcon.colcon_core.package_identification:_identify(src/test_turtle) by extension 'ignore_ament_install'
[1.126s] Level 1:colcon.colcon_core.package_identification:_identify(src/test_turtle) by extensions ['colcon_pkg']
[1.126s] Level 1:colcon.colcon_core.package_identification:_identify(src/test_turtle) by extension 'colcon_pkg'
[1.127s] Level 1:colcon.colcon_core.package_identification:_identify(src/test_turtle) by extensions ['colcon_meta']
[1.127s] Level 1:colcon.colcon_core.package_identification:_identify(src/test_turtle) by extension 'colcon_meta'
[1.127s] Level 1:colcon.colcon_core.package_identification:_identify(src/test_turtle) by extensions ['ros']
[1.127s] Level 1:colcon.colcon_core.package_identification:_identify(src/test_turtle) by extension 'ros'
[1.131s] DEBUG:colcon.colcon_core.package_identification:Package 'src/test_turtle' with type 'ros.ament_python' and name 'test_turtle'
[1.132s] Level 1:colcon.colcon_core.package_discovery:discover_packages(recursive) using defaults
[1.133s] Level 1:colcon.colcon_core.package_discovery:discover_packages(ignore) discover
[1.134s] Level 1:colcon.colcon_core.package_discovery:discover_packages(ignore) using defaults
[1.134s] Level 1:colcon.colcon_core.package_discovery:discover_packages(path) discover
[1.135s] Level 1:colcon.colcon_core.package_discovery:discover_packages(path) using defaults
[1.223s] INFO:colcon.colcon_core.package_selection:Skipping not selected package 'custom_interfaces' in 'src/custom_interfaces'
[1.223s] INFO:colcon.colcon_core.package_selection:Skipping not selected package 'dc_motor_control' in 'src/dc_motor_control'
[1.223s] INFO:colcon.colcon_core.package_selection:Skipping not selected package 'test_param' in 'src/test_param'
[1.224s] INFO:colcon.colcon_core.package_selection:Skipping not selected package 'test_service' in 'src/test_service'
[1.224s] INFO:colcon.colcon_core.package_selection:Skipping not selected package 'test_topic' in 'src/test_topic'
[1.224s] INFO:colcon.colcon_core.package_selection:Skipping not selected package 'test_turtle' in 'src/test_turtle'
[1.224s] INFO:colcon.colcon_core.package_selection:Skipping not selected package 'test_interfaces' in 'src/test_interfaces'
[1.226s] Level 1:colcon.colcon_core.package_discovery:discover_packages(prefix_path) check parameters
[1.226s] Level 1:colcon.colcon_core.package_discovery:discover_packages(prefix_path) discover
[1.237s] DEBUG:colcon.colcon_installed_package_information.package_discovery:Found 3 installed packages in /home/vkj/ros2_ws/install
[1.242s] DEBUG:colcon.colcon_installed_package_information.package_discovery:Found 294 installed packages in /opt/ros/humble
[1.251s] Level 1:colcon.colcon_core.package_discovery:discover_packages(prefix_path) using defaults
[1.457s] Level 5:colcon.colcon_core.verb:set package 'test_action' build argument 'cmake_args' from command line to 'None'
[1.457s] Level 5:colcon.colcon_core.verb:set package 'test_action' build argument 'cmake_target' from command line to 'None'
[1.457s] Level 5:colcon.colcon_core.verb:set package 'test_action' build argument 'cmake_target_skip_unavailable' from command line to 'False'
[1.457s] Level 5:colcon.colcon_core.verb:set package 'test_action' build argument 'cmake_clean_cache' from command line to 'False'
[1.457s] Level 5:colcon.colcon_core.verb:set package 'test_action' build argument 'cmake_clean_first' from command line to 'False'
[1.458s] Level 5:colcon.colcon_core.verb:set package 'test_action' build argument 'cmake_force_configure' from command line to 'False'
[1.458s] Level 5:colcon.colcon_core.verb:set package 'test_action' build argument 'ament_cmake_args' from command line to 'None'
[1.458s] Level 5:colcon.colcon_core.verb:set package 'test_action' build argument 'catkin_cmake_args' from command line to 'None'
[1.458s] Level 5:colcon.colcon_core.verb:set package 'test_action' build argument 'catkin_skip_building_tests' from command line to 'False'
[1.458s] DEBUG:colcon.colcon_core.verb:Building package 'test_action' with the following arguments: {'ament_cmake_args': None, 'build_base': '/home/vkj/ros2_ws/build/test_action', 'catkin_cmake_args': None, 'catkin_skip_building_tests': False, 'cmake_args': None, 'cmake_clean_cache': False, 'cmake_clean_first': False, 'cmake_force_configure': False, 'cmake_target': None, 'cmake_target_skip_unavailable': False, 'install_base': '/home/vkj/ros2_ws/install/test_action', 'merge_install': False, 'path': '/home/vkj/ros2_ws/src/test_action', 'symlink_install': False, 'test_result_base': None}
[1.458s] INFO:colcon.colcon_core.executor:Executing jobs using 'parallel' executor
[1.465s] DEBUG:colcon.colcon_parallel_executor.executor.parallel:run_until_complete
[1.466s] INFO:colcon.colcon_ros.task.ament_python.build:Building ROS package in '/home/vkj/ros2_ws/src/test_action' with build type 'ament_python'
[1.467s] Level 1:colcon.colcon_core.shell:create_environment_hook('test_action', 'ament_prefix_path')
[1.474s] INFO:colcon.colcon_core.plugin_system:Skipping extension 'colcon_core.shell.bat': Not used on non-Windows systems
[1.475s] INFO:colcon.colcon_core.shell:Creating environment hook '/home/vkj/ros2_ws/install/test_action/share/test_action/hook/ament_prefix_path.ps1'
[1.476s] INFO:colcon.colcon_core.shell:Creating environment descriptor '/home/vkj/ros2_ws/install/test_action/share/test_action/hook/ament_prefix_path.dsv'
[1.480s] INFO:colcon.colcon_core.shell:Creating environment hook '/home/vkj/ros2_ws/install/test_action/share/test_action/hook/ament_prefix_path.sh'
[1.486s] INFO:colcon.colcon_core.shell:Skip shell extension 'powershell' for command environment: Not usable outside of PowerShell
[1.486s] DEBUG:colcon.colcon_core.shell:Skip shell extension 'dsv' for command environment
[2.708s] INFO:colcon.colcon_core.task.python.build:Building Python package in '/home/vkj/ros2_ws/src/test_action'
[2.709s] INFO:colcon.colcon_core.shell:Skip shell extension 'powershell' for command environment: Not usable outside of PowerShell
[2.709s] DEBUG:colcon.colcon_core.shell:Skip shell extension 'dsv' for command environment
[3.533s] DEBUG:colcon.colcon_core.event_handler.log_command:Invoking command in '/home/vkj/ros2_ws/src/test_action': PYTHONPATH=/home/vkj/ros2_ws/build/test_action/prefix_override:/usr/lib/python3/dist-packages/colcon_core/task/python/colcon_distutils_commands:/home/vkj/ros2_ws/install/test_action/lib/python3.10/site-packages:${PYTHONPATH} /usr/bin/python3 -W ignore:setup.py install is deprecated setup.py egg_info --egg-base ../../build/test_action build --build-base /home/vkj/ros2_ws/build/test_action/build install --record /home/vkj/ros2_ws/build/test_action/install.log --single-version-externally-managed install_data
[4.333s] DEBUG:colcon.colcon_core.event_handler.log_command:Invoked command in '/home/vkj/ros2_ws/src/test_action' returned '0': PYTHONPATH=/home/vkj/ros2_ws/build/test_action/prefix_override:/usr/lib/python3/dist-packages/colcon_core/task/python/colcon_distutils_commands:/home/vkj/ros2_ws/install/test_action/lib/python3.10/site-packages:${PYTHONPATH} /usr/bin/python3 -W ignore:setup.py install is deprecated setup.py egg_info --egg-base ../../build/test_action build --build-base /home/vkj/ros2_ws/build/test_action/build install --record /home/vkj/ros2_ws/build/test_action/install.log --single-version-externally-managed install_data
[4.337s] Level 1:colcon.colcon_core.environment:checking '/home/vkj/ros2_ws/install/test_action' for CMake module files
[4.339s] Level 1:colcon.colcon_core.environment:checking '/home/vkj/ros2_ws/install/test_action' for CMake config files
[4.341s] Level 1:colcon.colcon_core.environment:checking '/home/vkj/ros2_ws/install/test_action/lib'
[4.341s] Level 1:colcon.colcon_core.environment:checking '/home/vkj/ros2_ws/install/test_action/bin'
[4.341s] Level 1:colcon.colcon_core.environment:checking '/home/vkj/ros2_ws/install/test_action/lib/pkgconfig/test_action.pc'
[4.342s] Level 1:colcon.colcon_core.environment:checking '/home/vkj/ros2_ws/install/test_action/lib/python3.10/site-packages'
[4.342s] Level 1:colcon.colcon_core.shell:create_environment_hook('test_action', 'pythonpath')
[4.343s] INFO:colcon.colcon_core.shell:Creating environment hook '/home/vkj/ros2_ws/install/test_action/share/test_action/hook/pythonpath.ps1'
[4.344s] INFO:colcon.colcon_core.shell:Creating environment descriptor '/home/vkj/ros2_ws/install/test_action/share/test_action/hook/pythonpath.dsv'
[4.345s] INFO:colcon.colcon_core.shell:Creating environment hook '/home/vkj/ros2_ws/install/test_action/share/test_action/hook/pythonpath.sh'
[4.346s] Level 1:colcon.colcon_core.environment:checking '/home/vkj/ros2_ws/install/test_action/bin'
[4.346s] Level 1:colcon.colcon_core.environment:create_environment_scripts_only(test_action)
[4.347s] INFO:colcon.colcon_core.shell:Creating package script '/home/vkj/ros2_ws/install/test_action/share/test_action/package.ps1'
[4.348s] INFO:colcon.colcon_core.shell:Creating package descriptor '/home/vkj/ros2_ws/install/test_action/share/test_action/package.dsv'
[4.350s] INFO:colcon.colcon_core.shell:Creating package script '/home/vkj/ros2_ws/install/test_action/share/test_action/package.sh'
[4.351s] INFO:colcon.colcon_core.shell:Creating package script '/home/vkj/ros2_ws/install/test_action/share/test_action/package.bash'
[4.353s] INFO:colcon.colcon_core.shell:Creating package script '/home/vkj/ros2_ws/install/test_action/share/test_action/package.zsh'
[4.355s] Level 1:colcon.colcon_core.environment:create_file_with_runtime_dependencies(/home/vkj/ros2_ws/install/test_action/share/colcon-core/packages/test_action)
[4.356s] DEBUG:colcon.colcon_parallel_executor.executor.parallel:closing loop
[4.356s] DEBUG:colcon.colcon_parallel_executor.executor.parallel:loop closed
[4.357s] DEBUG:colcon.colcon_parallel_executor.executor.parallel:run_until_complete finished with '0'
[4.357s] DEBUG:colcon.colcon_core.event_reactor:joining thread
[4.368s] INFO:colcon.colcon_core.plugin_system:Skipping extension 'colcon_notification.desktop_notification.terminal_notifier': Not used on non-Darwin systems
[4.369s] INFO:colcon.colcon_core.plugin_system:Skipping extension 'colcon_notification.desktop_notification.win32': Not used on non-Windows systems
[4.369s] INFO:colcon.colcon_notification.desktop_notification:Sending desktop notification using 'notify2'
[4.394s] DEBUG:colcon.colcon_core.event_reactor:joined thread
[4.395s] INFO:colcon.colcon_core.shell:Creating prefix script '/home/vkj/ros2_ws/install/local_setup.ps1'
[4.397s] INFO:colcon.colcon_core.shell:Creating prefix util module '/home/vkj/ros2_ws/install/_local_setup_util_ps1.py'
[4.402s] INFO:colcon.colcon_core.shell:Creating prefix chain script '/home/vkj/ros2_ws/install/setup.ps1'
[4.405s] INFO:colcon.colcon_core.shell:Creating prefix script '/home/vkj/ros2_ws/install/local_setup.sh'
[4.406s] INFO:colcon.colcon_core.shell:Creating prefix util module '/home/vkj/ros2_ws/install/_local_setup_util_sh.py'
[4.408s] INFO:colcon.colcon_core.shell:Creating prefix chain script '/home/vkj/ros2_ws/install/setup.sh'
[4.410s] INFO:colcon.colcon_core.shell:Creating prefix script '/home/vkj/ros2_ws/install/local_setup.bash'
[4.412s] INFO:colcon.colcon_core.shell:Creating prefix chain script '/home/vkj/ros2_ws/install/setup.bash'
[4.414s] INFO:colcon.colcon_core.shell:Creating prefix script '/home/vkj/ros2_ws/install/local_setup.zsh'
[4.416s] INFO:colcon.colcon_core.shell:Creating prefix chain script '/home/vkj/ros2_ws/install/setup.zsh'
