[1.442s] DEBUG:colcon:Command line arguments: ['/usr/bin/colcon', 'build', '--packages-select', 'test_turtle']
[1.442s] DEBUG:colcon:Parsed command line arguments: Namespace(log_base=None, log_level=None, verb_name='build', build_base='build', install_base='install', merge_install=False, symlink_install=False, test_result_base=None, continue_on_error=False, executor='parallel', parallel_workers=4, event_handlers=None, ignore_user_meta=False, metas=['./colcon.meta'], base_paths=['.'], packages_ignore=None, packages_ignore_regex=None, paths=None, packages_up_to=None, packages_up_to_regex=None, packages_above=None, packages_above_and_dependencies=None, packages_above_depth=None, packages_select_by_dep=None, packages_skip_by_dep=None, packages_skip_up_to=None, packages_select_build_failed=False, packages_skip_build_finished=False, packages_select_test_failures=False, packages_skip_test_passed=False, packages_select=['test_turtle'], packages_skip=None, packages_select_regex=None, packages_skip_regex=None, packages_start=None, packages_end=None, allow_overriding=[], cmake_args=None, cmake_target=None, cmake_target_skip_unavailable=False, cmake_clean_cache=False, cmake_clean_first=False, cmake_force_configure=False, ament_cmake_args=None, catkin_cmake_args=None, catkin_skip_building_tests=False, mixin_files=None, mixin=None, verb_parser=<colcon_mixin.mixin.mixin_argument.MixinArgumentDecorator object at 0x786b13ce09a0>, verb_extension=<colcon_core.verb.build.BuildVerb object at 0x786b13e610c0>, main=<bound method BuildVerb.main of <colcon_core.verb.build.BuildVerb object at 0x786b13e610c0>>, mixin_verb=('build',))
[5.630s] Level 1:colcon.colcon_core.package_discovery:discover_packages(colcon_meta) check parameters
[5.630s] Level 1:colcon.colcon_core.package_discovery:discover_packages(recursive) check parameters
[5.630s] Level 1:colcon.colcon_core.package_discovery:discover_packages(ignore) check parameters
[5.631s] Level 1:colcon.colcon_core.package_discovery:discover_packages(path) check parameters
[5.631s] Level 1:colcon.colcon_core.package_discovery:discover_packages(colcon_meta) discover
[5.631s] Level 1:colcon.colcon_core.package_discovery:discover_packages(recursive) discover
[5.631s] INFO:colcon.colcon_core.package_discovery:Crawling recursively for packages in '/home/vkj/ros2_ws'
[5.632s] Level 1:colcon.colcon_core.package_identification:_identify(.) by extensions ['ignore', 'ignore_ament_install']
[5.632s] Level 1:colcon.colcon_core.package_identification:_identify(.) by extension 'ignore'
[5.632s] Level 1:colcon.colcon_core.package_identification:_identify(.) by extension 'ignore_ament_install'
[5.633s] Level 1:colcon.colcon_core.package_identification:_identify(.) by extensions ['colcon_pkg']
[5.633s] Level 1:colcon.colcon_core.package_identification:_identify(.) by extension 'colcon_pkg'
[5.633s] Level 1:colcon.colcon_core.package_identification:_identify(.) by extensions ['colcon_meta']
[5.633s] Level 1:colcon.colcon_core.package_identification:_identify(.) by extension 'colcon_meta'
[5.633s] Level 1:colcon.colcon_core.package_identification:_identify(.) by extensions ['ros']
[5.634s] Level 1:colcon.colcon_core.package_identification:_identify(.) by extension 'ros'
[5.751s] Level 1:colcon.colcon_core.package_identification:_identify(.) by extensions ['cmake', 'python']
[5.752s] Level 1:colcon.colcon_core.package_identification:_identify(.) by extension 'cmake'
[5.752s] Level 1:colcon.colcon_core.package_identification:_identify(.) by extension 'python'
[5.752s] Level 1:colcon.colcon_core.package_identification:_identify(.) by extensions ['python_setup_py']
[5.752s] Level 1:colcon.colcon_core.package_identification:_identify(.) by extension 'python_setup_py'
[5.753s] Level 1:colcon.colcon_core.package_identification:_identify(build) by extensions ['ignore', 'ignore_ament_install']
[5.753s] Level 1:colcon.colcon_core.package_identification:_identify(build) by extension 'ignore'
[5.753s] Level 1:colcon.colcon_core.package_identification:_identify(build) ignored
[5.754s] Level 1:colcon.colcon_core.package_identification:_identify(install) by extensions ['ignore', 'ignore_ament_install']
[5.754s] Level 1:colcon.colcon_core.package_identification:_identify(install) by extension 'ignore'
[5.754s] Level 1:colcon.colcon_core.package_identification:_identify(install) ignored
[5.754s] Level 1:colcon.colcon_core.package_identification:_identify(log) by extensions ['ignore', 'ignore_ament_install']
[5.755s] Level 1:colcon.colcon_core.package_identification:_identify(log) by extension 'ignore'
[5.755s] Level 1:colcon.colcon_core.package_identification:_identify(log) ignored
[5.755s] Level 1:colcon.colcon_core.package_identification:_identify(src) by extensions ['ignore', 'ignore_ament_install']
[5.755s] Level 1:colcon.colcon_core.package_identification:_identify(src) by extension 'ignore'
[5.756s] Level 1:colcon.colcon_core.package_identification:_identify(src) by extension 'ignore_ament_install'
[5.756s] Level 1:colcon.colcon_core.package_identification:_identify(src) by extensions ['colcon_pkg']
[5.756s] Level 1:colcon.colcon_core.package_identification:_identify(src) by extension 'colcon_pkg'
[5.756s] Level 1:colcon.colcon_core.package_identification:_identify(src) by extensions ['colcon_meta']
[5.756s] Level 1:colcon.colcon_core.package_identification:_identify(src) by extension 'colcon_meta'
[5.756s] Level 1:colcon.colcon_core.package_identification:_identify(src) by extensions ['ros']
[5.757s] Level 1:colcon.colcon_core.package_identification:_identify(src) by extension 'ros'
[5.757s] Level 1:colcon.colcon_core.package_identification:_identify(src) by extensions ['cmake', 'python']
[5.757s] Level 1:colcon.colcon_core.package_identification:_identify(src) by extension 'cmake'
[5.757s] Level 1:colcon.colcon_core.package_identification:_identify(src) by extension 'python'
[5.757s] Level 1:colcon.colcon_core.package_identification:_identify(src) by extensions ['python_setup_py']
[5.757s] Level 1:colcon.colcon_core.package_identification:_identify(src) by extension 'python_setup_py'
[5.758s] Level 1:colcon.colcon_core.package_identification:_identify(src/cli) by extensions ['ignore', 'ignore_ament_install']
[5.758s] Level 1:colcon.colcon_core.package_identification:_identify(src/cli) by extension 'ignore'
[5.758s] Level 1:colcon.colcon_core.package_identification:_identify(src/cli) by extension 'ignore_ament_install'
[5.758s] Level 1:colcon.colcon_core.package_identification:_identify(src/cli) by extensions ['colcon_pkg']
[5.758s] Level 1:colcon.colcon_core.package_identification:_identify(src/cli) by extension 'colcon_pkg'
[5.759s] Level 1:colcon.colcon_core.package_identification:_identify(src/cli) by extensions ['colcon_meta']
[5.759s] Level 1:colcon.colcon_core.package_identification:_identify(src/cli) by extension 'colcon_meta'
[5.759s] Level 1:colcon.colcon_core.package_identification:_identify(src/cli) by extensions ['ros']
[5.759s] Level 1:colcon.colcon_core.package_identification:_identify(src/cli) by extension 'ros'
[5.759s] Level 1:colcon.colcon_core.package_identification:_identify(src/cli) by extensions ['cmake', 'python']
[5.759s] Level 1:colcon.colcon_core.package_identification:_identify(src/cli) by extension 'cmake'
[5.760s] Level 1:colcon.colcon_core.package_identification:_identify(src/cli) by extension 'python'
[5.760s] Level 1:colcon.colcon_core.package_identification:_identify(src/cli) by extensions ['python_setup_py']
[5.760s] Level 1:colcon.colcon_core.package_identification:_identify(src/cli) by extension 'python_setup_py'
[5.760s] Level 1:colcon.colcon_core.package_identification:_identify(src/custom_interfaces) by extensions ['ignore', 'ignore_ament_install']
[5.760s] Level 1:colcon.colcon_core.package_identification:_identify(src/custom_interfaces) by extension 'ignore'
[5.761s] Level 1:colcon.colcon_core.package_identification:_identify(src/custom_interfaces) by extension 'ignore_ament_install'
[5.761s] Level 1:colcon.colcon_core.package_identification:_identify(src/custom_interfaces) by extensions ['colcon_pkg']
[5.761s] Level 1:colcon.colcon_core.package_identification:_identify(src/custom_interfaces) by extension 'colcon_pkg'
[5.761s] Level 1:colcon.colcon_core.package_identification:_identify(src/custom_interfaces) by extensions ['colcon_meta']
[5.761s] Level 1:colcon.colcon_core.package_identification:_identify(src/custom_interfaces) by extension 'colcon_meta'
[5.761s] Level 1:colcon.colcon_core.package_identification:_identify(src/custom_interfaces) by extensions ['ros']
[5.761s] Level 1:colcon.colcon_core.package_identification:_identify(src/custom_interfaces) by extension 'ros'
[5.814s] DEBUG:colcon.colcon_core.package_identification:Package 'src/custom_interfaces' with type 'ros.ament_cmake' and name 'custom_interfaces'
[5.814s] Level 1:colcon.colcon_core.package_identification:_identify(src/dc_motor_control) by extensions ['ignore', 'ignore_ament_install']
[5.815s] Level 1:colcon.colcon_core.package_identification:_identify(src/dc_motor_control) by extension 'ignore'
[5.815s] Level 1:colcon.colcon_core.package_identification:_identify(src/dc_motor_control) by extension 'ignore_ament_install'
[5.815s] Level 1:colcon.colcon_core.package_identification:_identify(src/dc_motor_control) by extensions ['colcon_pkg']
[5.816s] Level 1:colcon.colcon_core.package_identification:_identify(src/dc_motor_control) by extension 'colcon_pkg'
[5.816s] Level 1:colcon.colcon_core.package_identification:_identify(src/dc_motor_control) by extensions ['colcon_meta']
[5.816s] Level 1:colcon.colcon_core.package_identification:_identify(src/dc_motor_control) by extension 'colcon_meta'
[5.816s] Level 1:colcon.colcon_core.package_identification:_identify(src/dc_motor_control) by extensions ['ros']
[5.816s] Level 1:colcon.colcon_core.package_identification:_identify(src/dc_motor_control) by extension 'ros'
[5.833s] DEBUG:colcon.colcon_core.package_identification:Package 'src/dc_motor_control' with type 'ros.ament_python' and name 'dc_motor_control'
[5.834s] Level 1:colcon.colcon_core.package_identification:_identify(src/test_interfaces) by extensions ['ignore', 'ignore_ament_install']
[5.834s] Level 1:colcon.colcon_core.package_identification:_identify(src/test_interfaces) by extension 'ignore'
[5.834s] Level 1:colcon.colcon_core.package_identification:_identify(src/test_interfaces) by extension 'ignore_ament_install'
[5.835s] Level 1:colcon.colcon_core.package_identification:_identify(src/test_interfaces) by extensions ['colcon_pkg']
[5.835s] Level 1:colcon.colcon_core.package_identification:_identify(src/test_interfaces) by extension 'colcon_pkg'
[5.835s] Level 1:colcon.colcon_core.package_identification:_identify(src/test_interfaces) by extensions ['colcon_meta']
[5.835s] Level 1:colcon.colcon_core.package_identification:_identify(src/test_interfaces) by extension 'colcon_meta'
[5.836s] Level 1:colcon.colcon_core.package_identification:_identify(src/test_interfaces) by extensions ['ros']
[5.836s] Level 1:colcon.colcon_core.package_identification:_identify(src/test_interfaces) by extension 'ros'
[5.839s] DEBUG:colcon.colcon_core.package_identification:Package 'src/test_interfaces' with type 'ros.ament_python' and name 'test_interfaces'
[5.840s] Level 1:colcon.colcon_core.package_identification:_identify(src/test_param) by extensions ['ignore', 'ignore_ament_install']
[5.840s] Level 1:colcon.colcon_core.package_identification:_identify(src/test_param) by extension 'ignore'
[5.840s] Level 1:colcon.colcon_core.package_identification:_identify(src/test_param) by extension 'ignore_ament_install'
[5.841s] Level 1:colcon.colcon_core.package_identification:_identify(src/test_param) by extensions ['colcon_pkg']
[5.841s] Level 1:colcon.colcon_core.package_identification:_identify(src/test_param) by extension 'colcon_pkg'
[5.841s] Level 1:colcon.colcon_core.package_identification:_identify(src/test_param) by extensions ['colcon_meta']
[5.841s] Level 1:colcon.colcon_core.package_identification:_identify(src/test_param) by extension 'colcon_meta'
[5.842s] Level 1:colcon.colcon_core.package_identification:_identify(src/test_param) by extensions ['ros']
[5.842s] Level 1:colcon.colcon_core.package_identification:_identify(src/test_param) by extension 'ros'
[5.845s] DEBUG:colcon.colcon_core.package_identification:Package 'src/test_param' with type 'ros.ament_python' and name 'test_param'
[5.846s] Level 1:colcon.colcon_core.package_identification:_identify(src/test_service) by extensions ['ignore', 'ignore_ament_install']
[5.846s] Level 1:colcon.colcon_core.package_identification:_identify(src/test_service) by extension 'ignore'
[5.846s] Level 1:colcon.colcon_core.package_identification:_identify(src/test_service) by extension 'ignore_ament_install'
[5.847s] Level 1:colcon.colcon_core.package_identification:_identify(src/test_service) by extensions ['colcon_pkg']
[5.847s] Level 1:colcon.colcon_core.package_identification:_identify(src/test_service) by extension 'colcon_pkg'
[5.847s] Level 1:colcon.colcon_core.package_identification:_identify(src/test_service) by extensions ['colcon_meta']
[5.847s] Level 1:colcon.colcon_core.package_identification:_identify(src/test_service) by extension 'colcon_meta'
[5.847s] Level 1:colcon.colcon_core.package_identification:_identify(src/test_service) by extensions ['ros']
[5.848s] Level 1:colcon.colcon_core.package_identification:_identify(src/test_service) by extension 'ros'
[5.851s] DEBUG:colcon.colcon_core.package_identification:Package 'src/test_service' with type 'ros.ament_python' and name 'test_service'
[5.851s] Level 1:colcon.colcon_core.package_identification:_identify(src/test_topic) by extensions ['ignore', 'ignore_ament_install']
[5.852s] Level 1:colcon.colcon_core.package_identification:_identify(src/test_topic) by extension 'ignore'
[5.852s] Level 1:colcon.colcon_core.package_identification:_identify(src/test_topic) by extension 'ignore_ament_install'
[5.852s] Level 1:colcon.colcon_core.package_identification:_identify(src/test_topic) by extensions ['colcon_pkg']
[5.853s] Level 1:colcon.colcon_core.package_identification:_identify(src/test_topic) by extension 'colcon_pkg'
[5.853s] Level 1:colcon.colcon_core.package_identification:_identify(src/test_topic) by extensions ['colcon_meta']
[5.853s] Level 1:colcon.colcon_core.package_identification:_identify(src/test_topic) by extension 'colcon_meta'
[5.853s] Level 1:colcon.colcon_core.package_identification:_identify(src/test_topic) by extensions ['ros']
[5.853s] Level 1:colcon.colcon_core.package_identification:_identify(src/test_topic) by extension 'ros'
[5.864s] DEBUG:colcon.colcon_core.package_identification:Package 'src/test_topic' with type 'ros.ament_python' and name 'test_topic'
[5.865s] Level 1:colcon.colcon_core.package_identification:_identify(src/test_turtle) by extensions ['ignore', 'ignore_ament_install']
[5.865s] Level 1:colcon.colcon_core.package_identification:_identify(src/test_turtle) by extension 'ignore'
[5.865s] Level 1:colcon.colcon_core.package_identification:_identify(src/test_turtle) by extension 'ignore_ament_install'
[5.866s] Level 1:colcon.colcon_core.package_identification:_identify(src/test_turtle) by extensions ['colcon_pkg']
[5.866s] Level 1:colcon.colcon_core.package_identification:_identify(src/test_turtle) by extension 'colcon_pkg'
[5.866s] Level 1:colcon.colcon_core.package_identification:_identify(src/test_turtle) by extensions ['colcon_meta']
[5.866s] Level 1:colcon.colcon_core.package_identification:_identify(src/test_turtle) by extension 'colcon_meta'
[5.866s] Level 1:colcon.colcon_core.package_identification:_identify(src/test_turtle) by extensions ['ros']
[5.867s] Level 1:colcon.colcon_core.package_identification:_identify(src/test_turtle) by extension 'ros'
[5.870s] DEBUG:colcon.colcon_core.package_identification:Package 'src/test_turtle' with type 'ros.ament_python' and name 'test_turtle'
[5.870s] Level 1:colcon.colcon_core.package_discovery:discover_packages(recursive) using defaults
[5.870s] Level 1:colcon.colcon_core.package_discovery:discover_packages(ignore) discover
[5.871s] Level 1:colcon.colcon_core.package_discovery:discover_packages(ignore) using defaults
[5.871s] Level 1:colcon.colcon_core.package_discovery:discover_packages(path) discover
[5.871s] Level 1:colcon.colcon_core.package_discovery:discover_packages(path) using defaults
[6.303s] INFO:colcon.colcon_core.package_selection:Skipping not selected package 'custom_interfaces' in 'src/custom_interfaces'
[6.303s] INFO:colcon.colcon_core.package_selection:Skipping not selected package 'dc_motor_control' in 'src/dc_motor_control'
[6.303s] INFO:colcon.colcon_core.package_selection:Skipping not selected package 'test_param' in 'src/test_param'
[6.303s] INFO:colcon.colcon_core.package_selection:Skipping not selected package 'test_service' in 'src/test_service'
[6.303s] INFO:colcon.colcon_core.package_selection:Skipping not selected package 'test_topic' in 'src/test_topic'
[6.303s] INFO:colcon.colcon_core.package_selection:Skipping not selected package 'test_interfaces' in 'src/test_interfaces'
[6.323s] Level 1:colcon.colcon_core.package_discovery:discover_packages(prefix_path) check parameters
[6.324s] Level 1:colcon.colcon_core.package_discovery:discover_packages(prefix_path) discover
[6.346s] WARNING:colcon.colcon_ros.prefix_path.ament:The path '/home/vkj/ros2_ws/install/ultrasonic' in the environment variable AMENT_PREFIX_PATH doesn't exist
[6.346s] WARNING:colcon.colcon_ros.prefix_path.ament:The path '/home/vkj/ros2_ws/install/test_turtle' in the environment variable AMENT_PREFIX_PATH doesn't exist
[6.346s] WARNING:colcon.colcon_ros.prefix_path.ament:The path '/home/vkj/ros2_ws/install/test_pkg_with_node' in the environment variable AMENT_PREFIX_PATH doesn't exist
[6.346s] WARNING:colcon.colcon_ros.prefix_path.ament:The path '/home/vkj/ros2_ws/install/test_pkg' in the environment variable AMENT_PREFIX_PATH doesn't exist
[6.347s] WARNING:colcon.colcon_ros.prefix_path.ament:The path '/home/vkj/ros2_ws/install/service_set_pen' in the environment variable AMENT_PREFIX_PATH doesn't exist
[6.347s] WARNING:colcon.colcon_ros.prefix_path.ament:The path '/home/vkj/ros2_ws/install/service_add_two' in the environment variable AMENT_PREFIX_PATH doesn't exist
[6.347s] WARNING:colcon.colcon_ros.prefix_path.ament:The path '/home/vkj/ros2_ws/install/service_addTwo' in the environment variable AMENT_PREFIX_PATH doesn't exist
[6.347s] WARNING:colcon.colcon_ros.prefix_path.ament:The path '/home/vkj/ros2_ws/install/py_srvcli' in the environment variable AMENT_PREFIX_PATH doesn't exist
[6.347s] WARNING:colcon.colcon_ros.prefix_path.ament:The path '/home/vkj/ros2_ws/install/my_msgs_pkg' in the environment variable AMENT_PREFIX_PATH doesn't exist
[6.348s] WARNING:colcon.colcon_ros.prefix_path.ament:The path '/home/vkj/ros2_ws/install/custom_interfaces' in the environment variable AMENT_PREFIX_PATH doesn't exist
[6.348s] WARNING:colcon.colcon_ros.prefix_path.ament:The path '/home/vkj/ros2_ws/install/cpp_test_pkg' in the environment variable AMENT_PREFIX_PATH doesn't exist
[6.348s] WARNING:colcon.colcon_ros.prefix_path.catkin:The path '/home/vkj/ros2_ws/install/custom_interfaces' in the environment variable CMAKE_PREFIX_PATH doesn't exist
[6.348s] WARNING:colcon.colcon_ros.prefix_path.catkin:The path '/home/vkj/ros2_ws/install/cpp_test_pkg' in the environment variable CMAKE_PREFIX_PATH doesn't exist
[6.357s] DEBUG:colcon.colcon_installed_package_information.package_discovery:Found 0 installed packages in /home/vkj/ros2_ws/install
[6.363s] DEBUG:colcon.colcon_installed_package_information.package_discovery:Found 294 installed packages in /opt/ros/humble
[6.372s] Level 1:colcon.colcon_core.package_discovery:discover_packages(prefix_path) using defaults
[6.518s] Level 5:colcon.colcon_core.verb:set package 'test_turtle' build argument 'cmake_args' from command line to 'None'
[6.518s] Level 5:colcon.colcon_core.verb:set package 'test_turtle' build argument 'cmake_target' from command line to 'None'
[6.518s] Level 5:colcon.colcon_core.verb:set package 'test_turtle' build argument 'cmake_target_skip_unavailable' from command line to 'False'
[6.519s] Level 5:colcon.colcon_core.verb:set package 'test_turtle' build argument 'cmake_clean_cache' from command line to 'False'
[6.519s] Level 5:colcon.colcon_core.verb:set package 'test_turtle' build argument 'cmake_clean_first' from command line to 'False'
[6.519s] Level 5:colcon.colcon_core.verb:set package 'test_turtle' build argument 'cmake_force_configure' from command line to 'False'
[6.519s] Level 5:colcon.colcon_core.verb:set package 'test_turtle' build argument 'ament_cmake_args' from command line to 'None'
[6.519s] Level 5:colcon.colcon_core.verb:set package 'test_turtle' build argument 'catkin_cmake_args' from command line to 'None'
[6.519s] Level 5:colcon.colcon_core.verb:set package 'test_turtle' build argument 'catkin_skip_building_tests' from command line to 'False'
[6.519s] DEBUG:colcon.colcon_core.verb:Building package 'test_turtle' with the following arguments: {'ament_cmake_args': None, 'build_base': '/home/vkj/ros2_ws/build/test_turtle', 'catkin_cmake_args': None, 'catkin_skip_building_tests': False, 'cmake_args': None, 'cmake_clean_cache': False, 'cmake_clean_first': False, 'cmake_force_configure': False, 'cmake_target': None, 'cmake_target_skip_unavailable': False, 'install_base': '/home/vkj/ros2_ws/install/test_turtle', 'merge_install': False, 'path': '/home/vkj/ros2_ws/src/test_turtle', 'symlink_install': False, 'test_result_base': None}
[6.519s] INFO:colcon.colcon_core.executor:Executing jobs using 'parallel' executor
[6.521s] DEBUG:colcon.colcon_parallel_executor.executor.parallel:run_until_complete
[6.521s] INFO:colcon.colcon_ros.task.ament_python.build:Building ROS package in '/home/vkj/ros2_ws/src/test_turtle' with build type 'ament_python'
[6.521s] Level 1:colcon.colcon_core.shell:create_environment_hook('test_turtle', 'ament_prefix_path')
[6.574s] INFO:colcon.colcon_core.plugin_system:Skipping extension 'colcon_core.shell.bat': Not used on non-Windows systems
[6.574s] INFO:colcon.colcon_core.shell:Creating environment hook '/home/vkj/ros2_ws/install/test_turtle/share/test_turtle/hook/ament_prefix_path.ps1'
[6.603s] INFO:colcon.colcon_core.shell:Creating environment descriptor '/home/vkj/ros2_ws/install/test_turtle/share/test_turtle/hook/ament_prefix_path.dsv'
[6.605s] INFO:colcon.colcon_core.shell:Creating environment hook '/home/vkj/ros2_ws/install/test_turtle/share/test_turtle/hook/ament_prefix_path.sh'
[6.608s] INFO:colcon.colcon_core.shell:Skip shell extension 'powershell' for command environment: Not usable outside of PowerShell
[6.609s] DEBUG:colcon.colcon_core.shell:Skip shell extension 'dsv' for command environment
[7.295s] INFO:colcon.colcon_core.task.python.build:Building Python package in '/home/vkj/ros2_ws/src/test_turtle'
[7.295s] INFO:colcon.colcon_core.shell:Skip shell extension 'powershell' for command environment: Not usable outside of PowerShell
[7.295s] DEBUG:colcon.colcon_core.shell:Skip shell extension 'dsv' for command environment
[8.509s] DEBUG:colcon.colcon_core.event_handler.log_command:Invoking command in '/home/vkj/ros2_ws/src/test_turtle': PYTHONPATH=/home/vkj/ros2_ws/build/test_turtle/prefix_override:/usr/lib/python3/dist-packages/colcon_core/task/python/colcon_distutils_commands:/home/vkj/ros2_ws/install/test_turtle/lib/python3.10/site-packages:${PYTHONPATH} /usr/bin/python3 -W ignore:setup.py install is deprecated setup.py egg_info --egg-base ../../build/test_turtle build --build-base /home/vkj/ros2_ws/build/test_turtle/build install --record /home/vkj/ros2_ws/build/test_turtle/install.log --single-version-externally-managed install_data
[9.215s] DEBUG:colcon.colcon_core.event_handler.log_command:Invoked command in '/home/vkj/ros2_ws/src/test_turtle' returned '0': PYTHONPATH=/home/vkj/ros2_ws/build/test_turtle/prefix_override:/usr/lib/python3/dist-packages/colcon_core/task/python/colcon_distutils_commands:/home/vkj/ros2_ws/install/test_turtle/lib/python3.10/site-packages:${PYTHONPATH} /usr/bin/python3 -W ignore:setup.py install is deprecated setup.py egg_info --egg-base ../../build/test_turtle build --build-base /home/vkj/ros2_ws/build/test_turtle/build install --record /home/vkj/ros2_ws/build/test_turtle/install.log --single-version-externally-managed install_data
[9.301s] Level 1:colcon.colcon_core.environment:checking '/home/vkj/ros2_ws/install/test_turtle' for CMake module files
[9.303s] Level 1:colcon.colcon_core.environment:checking '/home/vkj/ros2_ws/install/test_turtle' for CMake config files
[9.305s] Level 1:colcon.colcon_core.environment:checking '/home/vkj/ros2_ws/install/test_turtle/lib'
[9.306s] Level 1:colcon.colcon_core.environment:checking '/home/vkj/ros2_ws/install/test_turtle/bin'
[9.307s] Level 1:colcon.colcon_core.environment:checking '/home/vkj/ros2_ws/install/test_turtle/lib/pkgconfig/test_turtle.pc'
[9.308s] Level 1:colcon.colcon_core.environment:checking '/home/vkj/ros2_ws/install/test_turtle/lib/python3.10/site-packages'
[9.308s] Level 1:colcon.colcon_core.shell:create_environment_hook('test_turtle', 'pythonpath')
[9.309s] INFO:colcon.colcon_core.shell:Creating environment hook '/home/vkj/ros2_ws/install/test_turtle/share/test_turtle/hook/pythonpath.ps1'
[9.311s] INFO:colcon.colcon_core.shell:Creating environment descriptor '/home/vkj/ros2_ws/install/test_turtle/share/test_turtle/hook/pythonpath.dsv'
[9.312s] INFO:colcon.colcon_core.shell:Creating environment hook '/home/vkj/ros2_ws/install/test_turtle/share/test_turtle/hook/pythonpath.sh'
[9.314s] Level 1:colcon.colcon_core.environment:checking '/home/vkj/ros2_ws/install/test_turtle/bin'
[9.315s] Level 1:colcon.colcon_core.environment:create_environment_scripts_only(test_turtle)
[9.316s] INFO:colcon.colcon_core.shell:Creating package script '/home/vkj/ros2_ws/install/test_turtle/share/test_turtle/package.ps1'
[9.345s] INFO:colcon.colcon_core.shell:Creating package descriptor '/home/vkj/ros2_ws/install/test_turtle/share/test_turtle/package.dsv'
[9.365s] INFO:colcon.colcon_core.shell:Creating package script '/home/vkj/ros2_ws/install/test_turtle/share/test_turtle/package.sh'
[9.369s] INFO:colcon.colcon_core.shell:Creating package script '/home/vkj/ros2_ws/install/test_turtle/share/test_turtle/package.bash'
[9.395s] INFO:colcon.colcon_core.shell:Creating package script '/home/vkj/ros2_ws/install/test_turtle/share/test_turtle/package.zsh'
[9.399s] Level 1:colcon.colcon_core.environment:create_file_with_runtime_dependencies(/home/vkj/ros2_ws/install/test_turtle/share/colcon-core/packages/test_turtle)
[9.401s] DEBUG:colcon.colcon_parallel_executor.executor.parallel:closing loop
[9.403s] DEBUG:colcon.colcon_parallel_executor.executor.parallel:loop closed
[9.403s] DEBUG:colcon.colcon_parallel_executor.executor.parallel:run_until_complete finished with '0'
[9.403s] DEBUG:colcon.colcon_core.event_reactor:joining thread
[9.586s] INFO:colcon.colcon_core.plugin_system:Skipping extension 'colcon_notification.desktop_notification.terminal_notifier': Not used on non-Darwin systems
[9.587s] INFO:colcon.colcon_core.plugin_system:Skipping extension 'colcon_notification.desktop_notification.win32': Not used on non-Windows systems
[9.587s] INFO:colcon.colcon_notification.desktop_notification:Sending desktop notification using 'notify2'
[9.738s] DEBUG:colcon.colcon_core.event_reactor:joined thread
[9.740s] INFO:colcon.colcon_core.shell:Creating prefix script '/home/vkj/ros2_ws/install/local_setup.ps1'
[9.767s] INFO:colcon.colcon_core.shell:Creating prefix util module '/home/vkj/ros2_ws/install/_local_setup_util_ps1.py'
[9.791s] INFO:colcon.colcon_core.shell:Creating prefix chain script '/home/vkj/ros2_ws/install/setup.ps1'
[9.797s] INFO:colcon.colcon_core.shell:Creating prefix script '/home/vkj/ros2_ws/install/local_setup.sh'
[9.809s] INFO:colcon.colcon_core.shell:Creating prefix util module '/home/vkj/ros2_ws/install/_local_setup_util_sh.py'
[9.812s] INFO:colcon.colcon_core.shell:Creating prefix chain script '/home/vkj/ros2_ws/install/setup.sh'
[9.817s] INFO:colcon.colcon_core.shell:Creating prefix script '/home/vkj/ros2_ws/install/local_setup.bash'
[9.849s] INFO:colcon.colcon_core.shell:Creating prefix chain script '/home/vkj/ros2_ws/install/setup.bash'
[9.853s] INFO:colcon.colcon_core.shell:Creating prefix script '/home/vkj/ros2_ws/install/local_setup.zsh'
[9.856s] INFO:colcon.colcon_core.shell:Creating prefix chain script '/home/vkj/ros2_ws/install/setup.zsh'
