[0.046s] Invoking command in '/home/vkj/ros2_ws/build/custom_interfaces': CMAKE_PREFIX_PATH=${CMAKE_PREFIX_PATH}:/home/vkj/ros2_ws/install/test_turtle:/opt/ros/humble /usr/bin/cmake --build /home/vkj/ros2_ws/build/custom_interfaces -- -j4 -l4
[0.190s] -- Found ament_cmake: 1.3.10 (/opt/ros/humble/share/ament_cmake/cmake)
[0.449s] -- Found rosidl_default_generators: 1.2.0 (/opt/ros/humble/share/rosidl_default_generators/cmake)
[0.456s] -- Using all available rosidl_typesupport_c: rosidl_typesupport_fastrtps_c;rosidl_typesupport_introspection_c
[0.468s] -- Found rosidl_adapter: 3.1.5 (/opt/ros/humble/share/rosidl_adapter/cmake)
[0.578s] -- Using all available rosidl_typesupport_cpp: rosidl_typesupport_fastrtps_cpp;rosidl_typesupport_introspection_cpp
[0.631s] -- Found geometry_msgs: 4.2.4 (/opt/ros/humble/share/geometry_msgs/cmake)
[1.415s] -- Found ament_cmake_ros: 0.10.0 (/opt/ros/humble/share/ament_cmake_ros/cmake)
[1.952s] -- Using all available rosidl_typesupport_c: rosidl_typesupport_fastrtps_c;rosidl_typesupport_introspection_c
[2.689s] -- Using all available rosidl_typesupport_cpp: rosidl_typesupport_fastrtps_cpp;rosidl_typesupport_introspection_cpp
[2.731s] -- Found python_cmake_module: 0.10.0 (/opt/ros/humble/share/python_cmake_module/cmake)
[2.774s] -- Using PYTHON_EXECUTABLE: /usr/bin/python3
[2.774s] -- Using PYTHON_INCLUDE_DIRS: /usr/include/python3.10
[2.774s] -- Using PYTHON_LIBRARIES: /usr/lib/x86_64-linux-gnu/libpython3.10.so
[2.887s] -- Configuring done
[3.003s] -- Generating done
[3.009s] -- Build files have been written to: /home/vkj/ros2_ws/build/custom_interfaces
[3.059s] [  1%] [34m[1mGenerating C code for ROS interfaces[0m
[3.083s] [  3%] [34m[1mGenerating C++ code for ROS interfaces[0m
[3.095s] [  3%] Built target ament_cmake_python_copy_custom_interfaces
[3.952s] running egg_info
[3.953s] writing custom_interfaces.egg-info/PKG-INFO
[3.954s] writing dependency_links to custom_interfaces.egg-info/dependency_links.txt
[3.954s] writing top-level names to custom_interfaces.egg-info/top_level.txt
[3.962s] reading manifest file 'custom_interfaces.egg-info/SOURCES.txt'
[3.964s] writing manifest file 'custom_interfaces.egg-info/SOURCES.txt'
[4.027s] [  3%] Built target ament_cmake_python_build_custom_interfaces_egg
[4.598s] [  3%] Built target custom_interfaces__cpp
[4.624s] [  4%] [34m[1mGenerating C++ type support dispatch for ROS interfaces[0m
[4.624s] [  6%] [34m[1mGenerating C++ introspection for ROS interfaces[0m
[4.625s] [  7%] [34m[1mGenerating C++ type support for eProsima Fast-RTPS[0m
[5.238s] [35m[1mConsolidate compiler generated dependencies of target custom_interfaces__rosidl_generator_c[0m
[5.270s] [  9%] [32mBuilding C object CMakeFiles/custom_interfaces__rosidl_generator_c.dir/rosidl_generator_c/custom_interfaces/msg/detail/num__functions.c.o[0m
[5.402s] [ 11%] [32mBuilding C object CMakeFiles/custom_interfaces__rosidl_generator_c.dir/rosidl_generator_c/custom_interfaces/msg/detail/sphere__functions.c.o[0m
[5.537s] [ 12%] [32mBuilding C object CMakeFiles/custom_interfaces__rosidl_generator_c.dir/rosidl_generator_c/custom_interfaces/msg/detail/go_to_goal__functions.c.o[0m
[5.677s] [ 14%] [32mBuilding C object CMakeFiles/custom_interfaces__rosidl_generator_c.dir/rosidl_generator_c/custom_interfaces/srv/detail/add_three_ints__functions.c.o[0m
[5.841s] [ 15%] [32mBuilding C object CMakeFiles/custom_interfaces__rosidl_generator_c.dir/rosidl_generator_c/custom_interfaces/action/detail/cruise_speed__functions.c.o[0m
[6.108s] [35m[1mConsolidate compiler generated dependencies of target custom_interfaces__rosidl_typesupport_cpp[0m
[6.150s] [ 17%] [32mBuilding CXX object CMakeFiles/custom_interfaces__rosidl_typesupport_cpp.dir/rosidl_typesupport_cpp/custom_interfaces/msg/num__type_support.cpp.o[0m
[6.231s] [ 19%] [32m[1mLinking C shared library libcustom_interfaces__rosidl_generator_c.so[0m
[6.339s] [ 19%] Built target custom_interfaces__rosidl_generator_c
[6.374s] [ 20%] [32mBuilding CXX object CMakeFiles/custom_interfaces__rosidl_typesupport_cpp.dir/rosidl_typesupport_cpp/custom_interfaces/msg/sphere__type_support.cpp.o[0m
[6.488s] [35m[1mConsolidate compiler generated dependencies of target custom_interfaces__rosidl_typesupport_introspection_cpp[0m
[6.530s] [ 22%] [32mBuilding CXX object CMakeFiles/custom_interfaces__rosidl_typesupport_introspection_cpp.dir/rosidl_typesupport_introspection_cpp/custom_interfaces/msg/detail/num__type_support.cpp.o[0m
[6.914s] [35m[1mConsolidate compiler generated dependencies of target custom_interfaces__rosidl_typesupport_fastrtps_cpp[0m
[6.958s] [ 23%] [32mBuilding CXX object CMakeFiles/custom_interfaces__rosidl_typesupport_fastrtps_cpp.dir/rosidl_typesupport_fastrtps_cpp/custom_interfaces/msg/detail/dds_fastrtps/num__type_support.cpp.o[0m
[7.025s] [ 25%] [34m[1mGenerating C type support for eProsima Fast-RTPS[0m
[7.268s] [ 26%] [32mBuilding CXX object CMakeFiles/custom_interfaces__rosidl_typesupport_cpp.dir/rosidl_typesupport_cpp/custom_interfaces/msg/go_to_goal__type_support.cpp.o[0m
[7.804s] [ 28%] [32mBuilding CXX object CMakeFiles/custom_interfaces__rosidl_typesupport_introspection_cpp.dir/rosidl_typesupport_introspection_cpp/custom_interfaces/msg/detail/sphere__type_support.cpp.o[0m
[8.160s] [ 30%] [32mBuilding CXX object CMakeFiles/custom_interfaces__rosidl_typesupport_cpp.dir/rosidl_typesupport_cpp/custom_interfaces/srv/add_three_ints__type_support.cpp.o[0m
[8.235s] [ 31%] [32mBuilding CXX object CMakeFiles/custom_interfaces__rosidl_typesupport_fastrtps_cpp.dir/rosidl_typesupport_fastrtps_cpp/custom_interfaces/msg/detail/dds_fastrtps/sphere__type_support.cpp.o[0m
[9.072s] [ 33%] [32mBuilding CXX object CMakeFiles/custom_interfaces__rosidl_typesupport_cpp.dir/rosidl_typesupport_cpp/custom_interfaces/action/cruise_speed__type_support.cpp.o[0m
[9.142s] [ 34%] [32mBuilding CXX object CMakeFiles/custom_interfaces__rosidl_typesupport_introspection_cpp.dir/rosidl_typesupport_introspection_cpp/custom_interfaces/msg/detail/go_to_goal__type_support.cpp.o[0m
[9.338s] [35m[1mConsolidate compiler generated dependencies of target custom_interfaces__rosidl_typesupport_fastrtps_c[0m
[9.381s] [ 36%] [32mBuilding CXX object CMakeFiles/custom_interfaces__rosidl_typesupport_fastrtps_c.dir/rosidl_typesupport_fastrtps_c/custom_interfaces/msg/detail/num__type_support_c.cpp.o[0m
[9.605s] [ 38%] [32mBuilding CXX object CMakeFiles/custom_interfaces__rosidl_typesupport_fastrtps_cpp.dir/rosidl_typesupport_fastrtps_cpp/custom_interfaces/msg/detail/dds_fastrtps/go_to_goal__type_support.cpp.o[0m
[10.466s] [ 39%] [32mBuilding CXX object CMakeFiles/custom_interfaces__rosidl_typesupport_introspection_cpp.dir/rosidl_typesupport_introspection_cpp/custom_interfaces/srv/detail/add_three_ints__type_support.cpp.o[0m
[10.524s] [ 41%] [32mBuilding CXX object CMakeFiles/custom_interfaces__rosidl_typesupport_fastrtps_c.dir/rosidl_typesupport_fastrtps_c/custom_interfaces/msg/detail/sphere__type_support_c.cpp.o[0m
[10.619s] [ 42%] [32m[1mLinking CXX shared library libcustom_interfaces__rosidl_typesupport_cpp.so[0m
[10.743s] [ 42%] Built target custom_interfaces__rosidl_typesupport_cpp
[10.767s] [ 44%] [32mBuilding CXX object CMakeFiles/custom_interfaces__rosidl_typesupport_fastrtps_cpp.dir/rosidl_typesupport_fastrtps_cpp/custom_interfaces/srv/detail/dds_fastrtps/add_three_ints__type_support.cpp.o[0m
[10.897s] [ 46%] [32mBuilding CXX object CMakeFiles/custom_interfaces__rosidl_typesupport_fastrtps_c.dir/rosidl_typesupport_fastrtps_c/custom_interfaces/msg/detail/go_to_goal__type_support_c.cpp.o[0m
[11.597s] [ 47%] [32mBuilding CXX object CMakeFiles/custom_interfaces__rosidl_typesupport_introspection_cpp.dir/rosidl_typesupport_introspection_cpp/custom_interfaces/action/detail/cruise_speed__type_support.cpp.o[0m
[11.774s] [ 49%] [34m[1mGenerating C introspection for ROS interfaces[0m
[12.038s] [ 50%] [32mBuilding CXX object CMakeFiles/custom_interfaces__rosidl_typesupport_fastrtps_c.dir/rosidl_typesupport_fastrtps_c/custom_interfaces/srv/detail/add_three_ints__type_support_c.cpp.o[0m
[12.076s] [ 52%] [32mBuilding CXX object CMakeFiles/custom_interfaces__rosidl_typesupport_fastrtps_cpp.dir/rosidl_typesupport_fastrtps_cpp/custom_interfaces/action/detail/dds_fastrtps/cruise_speed__type_support.cpp.o[0m
[13.198s] [ 53%] [32mBuilding CXX object CMakeFiles/custom_interfaces__rosidl_typesupport_fastrtps_c.dir/rosidl_typesupport_fastrtps_c/custom_interfaces/action/detail/cruise_speed__type_support_c.cpp.o[0m
[13.577s] [ 55%] [32m[1mLinking CXX shared library libcustom_interfaces__rosidl_typesupport_introspection_cpp.so[0m
[13.816s] [ 55%] Built target custom_interfaces__rosidl_typesupport_introspection_cpp
[13.848s] [ 57%] [34m[1mGenerating C type support dispatch for ROS interfaces[0m
[13.863s] [35m[1mConsolidate compiler generated dependencies of target custom_interfaces__rosidl_typesupport_introspection_c[0m
[13.896s] [ 58%] [32mBuilding C object CMakeFiles/custom_interfaces__rosidl_typesupport_introspection_c.dir/rosidl_typesupport_introspection_c/custom_interfaces/msg/detail/num__type_support.c.o[0m
[13.907s] [ 60%] [32m[1mLinking CXX shared library libcustom_interfaces__rosidl_typesupport_fastrtps_cpp.so[0m
[14.006s] [ 61%] [32mBuilding C object CMakeFiles/custom_interfaces__rosidl_typesupport_introspection_c.dir/rosidl_typesupport_introspection_c/custom_interfaces/msg/detail/sphere__type_support.c.o[0m
[14.121s] [ 63%] [32mBuilding C object CMakeFiles/custom_interfaces__rosidl_typesupport_introspection_c.dir/rosidl_typesupport_introspection_c/custom_interfaces/msg/detail/go_to_goal__type_support.c.o[0m
[14.142s] [ 63%] Built target custom_interfaces__rosidl_typesupport_fastrtps_cpp
[14.168s] [ 65%] [32mBuilding C object CMakeFiles/custom_interfaces__rosidl_typesupport_introspection_c.dir/rosidl_typesupport_introspection_c/custom_interfaces/srv/detail/add_three_ints__type_support.c.o[0m
[14.224s] [ 66%] [32mBuilding C object CMakeFiles/custom_interfaces__rosidl_typesupport_introspection_c.dir/rosidl_typesupport_introspection_c/custom_interfaces/action/detail/cruise_speed__type_support.c.o[0m
[14.370s] [ 68%] [32m[1mLinking C shared library libcustom_interfaces__rosidl_typesupport_introspection_c.so[0m
[14.451s] [ 69%] [32m[1mLinking CXX shared library libcustom_interfaces__rosidl_typesupport_fastrtps_c.so[0m
[14.457s] [ 69%] Built target custom_interfaces__rosidl_typesupport_introspection_c
[14.595s] [ 69%] Built target custom_interfaces__rosidl_typesupport_fastrtps_c
[14.815s] [35m[1mConsolidate compiler generated dependencies of target custom_interfaces__rosidl_typesupport_c[0m
[14.843s] [ 71%] [32mBuilding CXX object CMakeFiles/custom_interfaces__rosidl_typesupport_c.dir/rosidl_typesupport_c/custom_interfaces/msg/num__type_support.cpp.o[0m
[14.843s] [ 73%] [32mBuilding CXX object CMakeFiles/custom_interfaces__rosidl_typesupport_c.dir/rosidl_typesupport_c/custom_interfaces/msg/go_to_goal__type_support.cpp.o[0m
[14.845s] [ 74%] [32mBuilding CXX object CMakeFiles/custom_interfaces__rosidl_typesupport_c.dir/rosidl_typesupport_c/custom_interfaces/srv/add_three_ints__type_support.cpp.o[0m
[14.849s] [ 76%] [32mBuilding CXX object CMakeFiles/custom_interfaces__rosidl_typesupport_c.dir/rosidl_typesupport_c/custom_interfaces/msg/sphere__type_support.cpp.o[0m
[14.920s] [ 77%] [32mBuilding CXX object CMakeFiles/custom_interfaces__rosidl_typesupport_c.dir/rosidl_typesupport_c/custom_interfaces/action/cruise_speed__type_support.cpp.o[0m
[15.006s] [ 79%] [32m[1mLinking CXX shared library libcustom_interfaces__rosidl_typesupport_c.so[0m
[15.087s] [ 79%] Built target custom_interfaces__rosidl_typesupport_c
[15.119s] [ 79%] Built target custom_interfaces
[15.153s] [ 80%] [34m[1mGenerating Python code for ROS interfaces[0m
[17.372s] [ 80%] Built target custom_interfaces__py
[17.390s] [35m[1mConsolidate compiler generated dependencies of target custom_interfaces__rosidl_generator_py[0m
[17.420s] [ 82%] [32mBuilding C object CMakeFiles/custom_interfaces__rosidl_generator_py.dir/rosidl_generator_py/custom_interfaces/msg/_num_s.c.o[0m
[17.420s] [ 84%] [32mBuilding C object CMakeFiles/custom_interfaces__rosidl_generator_py.dir/rosidl_generator_py/custom_interfaces/msg/_sphere_s.c.o[0m
[17.422s] [ 85%] [32mBuilding C object CMakeFiles/custom_interfaces__rosidl_generator_py.dir/rosidl_generator_py/custom_interfaces/msg/_go_to_goal_s.c.o[0m
[17.423s] [ 87%] [32mBuilding C object CMakeFiles/custom_interfaces__rosidl_generator_py.dir/rosidl_generator_py/custom_interfaces/srv/_add_three_ints_s.c.o[0m
[17.742s] [ 88%] [32mBuilding C object CMakeFiles/custom_interfaces__rosidl_generator_py.dir/rosidl_generator_py/custom_interfaces/action/_cruise_speed_s.c.o[0m
[17.998s] [ 90%] [32m[1mLinking C shared library rosidl_generator_py/custom_interfaces/libcustom_interfaces__rosidl_generator_py.so[0m
[18.073s] [ 90%] Built target custom_interfaces__rosidl_generator_py
[18.092s] [35m[1mConsolidate compiler generated dependencies of target custom_interfaces__rosidl_typesupport_introspection_c__pyext[0m
[18.097s] [35m[1mConsolidate compiler generated dependencies of target custom_interfaces__rosidl_typesupport_fastrtps_c__pyext[0m
[18.098s] [35m[1mConsolidate compiler generated dependencies of target custom_interfaces__rosidl_typesupport_c__pyext[0m
[18.118s] [ 92%] [32mBuilding C object CMakeFiles/custom_interfaces__rosidl_typesupport_introspection_c__pyext.dir/rosidl_generator_py/custom_interfaces/_custom_interfaces_s.ep.rosidl_typesupport_introspection_c.c.o[0m
[18.122s] [ 93%] [32mBuilding C object CMakeFiles/custom_interfaces__rosidl_typesupport_c__pyext.dir/rosidl_generator_py/custom_interfaces/_custom_interfaces_s.ep.rosidl_typesupport_c.c.o[0m
[18.130s] [ 95%] [32mBuilding C object CMakeFiles/custom_interfaces__rosidl_typesupport_fastrtps_c__pyext.dir/rosidl_generator_py/custom_interfaces/_custom_interfaces_s.ep.rosidl_typesupport_fastrtps_c.c.o[0m
[18.401s] [ 96%] [32m[1mLinking C shared library rosidl_generator_py/custom_interfaces/custom_interfaces_s__rosidl_typesupport_fastrtps_c.cpython-310-x86_64-linux-gnu.so[0m
[18.491s] [ 96%] Built target custom_interfaces__rosidl_typesupport_fastrtps_c__pyext
[18.536s] [ 98%] [32m[1mLinking C shared library rosidl_generator_py/custom_interfaces/custom_interfaces_s__rosidl_typesupport_c.cpython-310-x86_64-linux-gnu.so[0m
[18.543s] [100%] [32m[1mLinking C shared library rosidl_generator_py/custom_interfaces/custom_interfaces_s__rosidl_typesupport_introspection_c.cpython-310-x86_64-linux-gnu.so[0m
[18.621s] [100%] Built target custom_interfaces__rosidl_typesupport_c__pyext
[18.629s] [100%] Built target custom_interfaces__rosidl_typesupport_introspection_c__pyext
[18.648s] Invoked command in '/home/vkj/ros2_ws/build/custom_interfaces' returned '0': CMAKE_PREFIX_PATH=${CMAKE_PREFIX_PATH}:/home/vkj/ros2_ws/install/test_turtle:/opt/ros/humble /usr/bin/cmake --build /home/vkj/ros2_ws/build/custom_interfaces -- -j4 -l4
[18.892s] Invoking command in '/home/vkj/ros2_ws/build/custom_interfaces': CMAKE_PREFIX_PATH=${CMAKE_PREFIX_PATH}:/home/vkj/ros2_ws/install/test_turtle:/opt/ros/humble /usr/bin/cmake --install /home/vkj/ros2_ws/build/custom_interfaces
[18.909s] -- Install configuration: ""
[18.910s] -- Up-to-date: /home/vkj/ros2_ws/install/custom_interfaces/share/ament_index/resource_index/rosidl_interfaces/custom_interfaces
[18.910s] -- Up-to-date: /home/vkj/ros2_ws/install/custom_interfaces/include/custom_interfaces/custom_interfaces
[18.911s] -- Up-to-date: /home/vkj/ros2_ws/install/custom_interfaces/include/custom_interfaces/custom_interfaces/srv
[18.911s] -- Installing: /home/vkj/ros2_ws/install/custom_interfaces/include/custom_interfaces/custom_interfaces/srv/add_three_ints.h
[18.911s] -- Up-to-date: /home/vkj/ros2_ws/install/custom_interfaces/include/custom_interfaces/custom_interfaces/srv/detail
[18.912s] -- Installing: /home/vkj/ros2_ws/install/custom_interfaces/include/custom_interfaces/custom_interfaces/srv/detail/add_three_ints__functions.c
[18.912s] -- Installing: /home/vkj/ros2_ws/install/custom_interfaces/include/custom_interfaces/custom_interfaces/srv/detail/add_three_ints__type_support.h
[18.912s] -- Installing: /home/vkj/ros2_ws/install/custom_interfaces/include/custom_interfaces/custom_interfaces/srv/detail/add_three_ints__struct.h
[18.912s] -- Installing: /home/vkj/ros2_ws/install/custom_interfaces/include/custom_interfaces/custom_interfaces/srv/detail/add_three_ints__functions.h
[18.913s] -- Up-to-date: /home/vkj/ros2_ws/install/custom_interfaces/include/custom_interfaces/custom_interfaces/action
[18.913s] -- Installing: /home/vkj/ros2_ws/install/custom_interfaces/include/custom_interfaces/custom_interfaces/action/cruise_speed.h
[18.913s] -- Up-to-date: /home/vkj/ros2_ws/install/custom_interfaces/include/custom_interfaces/custom_interfaces/action/detail
[18.914s] -- Installing: /home/vkj/ros2_ws/install/custom_interfaces/include/custom_interfaces/custom_interfaces/action/detail/cruise_speed__functions.h
[18.914s] -- Installing: /home/vkj/ros2_ws/install/custom_interfaces/include/custom_interfaces/custom_interfaces/action/detail/cruise_speed__type_support.h
[18.914s] -- Installing: /home/vkj/ros2_ws/install/custom_interfaces/include/custom_interfaces/custom_interfaces/action/detail/cruise_speed__functions.c
[18.915s] -- Installing: /home/vkj/ros2_ws/install/custom_interfaces/include/custom_interfaces/custom_interfaces/action/detail/cruise_speed__struct.h
[18.915s] -- Up-to-date: /home/vkj/ros2_ws/install/custom_interfaces/include/custom_interfaces/custom_interfaces/msg
[18.915s] -- Up-to-date: /home/vkj/ros2_ws/install/custom_interfaces/include/custom_interfaces/custom_interfaces/msg/rosidl_generator_c__visibility_control.h
[18.916s] -- Installing: /home/vkj/ros2_ws/install/custom_interfaces/include/custom_interfaces/custom_interfaces/msg/sphere.h
[18.916s] -- Installing: /home/vkj/ros2_ws/install/custom_interfaces/include/custom_interfaces/custom_interfaces/msg/go_to_goal.h
[18.916s] -- Installing: /home/vkj/ros2_ws/install/custom_interfaces/include/custom_interfaces/custom_interfaces/msg/num.h
[18.917s] -- Up-to-date: /home/vkj/ros2_ws/install/custom_interfaces/include/custom_interfaces/custom_interfaces/msg/detail
[18.917s] -- Installing: /home/vkj/ros2_ws/install/custom_interfaces/include/custom_interfaces/custom_interfaces/msg/detail/sphere__struct.h
[18.917s] -- Installing: /home/vkj/ros2_ws/install/custom_interfaces/include/custom_interfaces/custom_interfaces/msg/detail/go_to_goal__functions.h
[18.918s] -- Installing: /home/vkj/ros2_ws/install/custom_interfaces/include/custom_interfaces/custom_interfaces/msg/detail/go_to_goal__struct.h
[18.918s] -- Installing: /home/vkj/ros2_ws/install/custom_interfaces/include/custom_interfaces/custom_interfaces/msg/detail/num__functions.c
[18.918s] -- Installing: /home/vkj/ros2_ws/install/custom_interfaces/include/custom_interfaces/custom_interfaces/msg/detail/sphere__type_support.h
[18.918s] -- Installing: /home/vkj/ros2_ws/install/custom_interfaces/include/custom_interfaces/custom_interfaces/msg/detail/num__type_support.h
[18.919s] -- Installing: /home/vkj/ros2_ws/install/custom_interfaces/include/custom_interfaces/custom_interfaces/msg/detail/sphere__functions.c
[18.919s] -- Installing: /home/vkj/ros2_ws/install/custom_interfaces/include/custom_interfaces/custom_interfaces/msg/detail/num__struct.h
[18.919s] -- Installing: /home/vkj/ros2_ws/install/custom_interfaces/include/custom_interfaces/custom_interfaces/msg/detail/num__functions.h
[18.920s] -- Installing: /home/vkj/ros2_ws/install/custom_interfaces/include/custom_interfaces/custom_interfaces/msg/detail/sphere__functions.h
[18.920s] -- Installing: /home/vkj/ros2_ws/install/custom_interfaces/include/custom_interfaces/custom_interfaces/msg/detail/go_to_goal__type_support.h
[18.921s] -- Installing: /home/vkj/ros2_ws/install/custom_interfaces/include/custom_interfaces/custom_interfaces/msg/detail/go_to_goal__functions.c
[18.921s] -- Up-to-date: /home/vkj/ros2_ws/install/custom_interfaces/share/custom_interfaces/environment/library_path.sh
[18.921s] -- Installing: /home/vkj/ros2_ws/install/custom_interfaces/share/custom_interfaces/environment/library_path.dsv
[18.922s] -- Installing: /home/vkj/ros2_ws/install/custom_interfaces/lib/libcustom_interfaces__rosidl_generator_c.so
[18.923s] -- Set runtime path of "/home/vkj/ros2_ws/install/custom_interfaces/lib/libcustom_interfaces__rosidl_generator_c.so" to ""
[18.924s] -- Up-to-date: /home/vkj/ros2_ws/install/custom_interfaces/include/custom_interfaces/custom_interfaces
[18.924s] -- Up-to-date: /home/vkj/ros2_ws/install/custom_interfaces/include/custom_interfaces/custom_interfaces/srv
[18.924s] -- Up-to-date: /home/vkj/ros2_ws/install/custom_interfaces/include/custom_interfaces/custom_interfaces/srv/detail
[18.924s] -- Installing: /home/vkj/ros2_ws/install/custom_interfaces/include/custom_interfaces/custom_interfaces/srv/detail/add_three_ints__rosidl_typesupport_fastrtps_c.h
[18.925s] -- Up-to-date: /home/vkj/ros2_ws/install/custom_interfaces/include/custom_interfaces/custom_interfaces/action
[18.925s] -- Up-to-date: /home/vkj/ros2_ws/install/custom_interfaces/include/custom_interfaces/custom_interfaces/action/detail
[18.925s] -- Installing: /home/vkj/ros2_ws/install/custom_interfaces/include/custom_interfaces/custom_interfaces/action/detail/cruise_speed__rosidl_typesupport_fastrtps_c.h
[18.926s] -- Up-to-date: /home/vkj/ros2_ws/install/custom_interfaces/include/custom_interfaces/custom_interfaces/msg
[18.926s] -- Up-to-date: /home/vkj/ros2_ws/install/custom_interfaces/include/custom_interfaces/custom_interfaces/msg/rosidl_typesupport_fastrtps_c__visibility_control.h
[18.926s] -- Up-to-date: /home/vkj/ros2_ws/install/custom_interfaces/include/custom_interfaces/custom_interfaces/msg/detail
[18.926s] -- Installing: /home/vkj/ros2_ws/install/custom_interfaces/include/custom_interfaces/custom_interfaces/msg/detail/go_to_goal__rosidl_typesupport_fastrtps_c.h
[18.927s] -- Installing: /home/vkj/ros2_ws/install/custom_interfaces/include/custom_interfaces/custom_interfaces/msg/detail/num__rosidl_typesupport_fastrtps_c.h
[18.927s] -- Installing: /home/vkj/ros2_ws/install/custom_interfaces/include/custom_interfaces/custom_interfaces/msg/detail/sphere__rosidl_typesupport_fastrtps_c.h
[18.927s] -- Installing: /home/vkj/ros2_ws/install/custom_interfaces/lib/libcustom_interfaces__rosidl_typesupport_fastrtps_c.so
[18.928s] -- Set runtime path of "/home/vkj/ros2_ws/install/custom_interfaces/lib/libcustom_interfaces__rosidl_typesupport_fastrtps_c.so" to ""
[18.928s] -- Up-to-date: /home/vkj/ros2_ws/install/custom_interfaces/include/custom_interfaces/custom_interfaces
[18.928s] -- Up-to-date: /home/vkj/ros2_ws/install/custom_interfaces/include/custom_interfaces/custom_interfaces/srv
[18.929s] -- Up-to-date: /home/vkj/ros2_ws/install/custom_interfaces/include/custom_interfaces/custom_interfaces/srv/detail
[18.929s] -- Installing: /home/vkj/ros2_ws/install/custom_interfaces/include/custom_interfaces/custom_interfaces/srv/detail/add_three_ints__type_support.c
[18.929s] -- Installing: /home/vkj/ros2_ws/install/custom_interfaces/include/custom_interfaces/custom_interfaces/srv/detail/add_three_ints__rosidl_typesupport_introspection_c.h
[18.929s] -- Up-to-date: /home/vkj/ros2_ws/install/custom_interfaces/include/custom_interfaces/custom_interfaces/action
[18.930s] -- Up-to-date: /home/vkj/ros2_ws/install/custom_interfaces/include/custom_interfaces/custom_interfaces/action/detail
[18.930s] -- Installing: /home/vkj/ros2_ws/install/custom_interfaces/include/custom_interfaces/custom_interfaces/action/detail/cruise_speed__type_support.c
[18.930s] -- Installing: /home/vkj/ros2_ws/install/custom_interfaces/include/custom_interfaces/custom_interfaces/action/detail/cruise_speed__rosidl_typesupport_introspection_c.h
[18.930s] -- Up-to-date: /home/vkj/ros2_ws/install/custom_interfaces/include/custom_interfaces/custom_interfaces/msg
[18.931s] -- Up-to-date: /home/vkj/ros2_ws/install/custom_interfaces/include/custom_interfaces/custom_interfaces/msg/rosidl_typesupport_introspection_c__visibility_control.h
[18.931s] -- Up-to-date: /home/vkj/ros2_ws/install/custom_interfaces/include/custom_interfaces/custom_interfaces/msg/detail
[18.931s] -- Installing: /home/vkj/ros2_ws/install/custom_interfaces/include/custom_interfaces/custom_interfaces/msg/detail/go_to_goal__type_support.c
[18.931s] -- Installing: /home/vkj/ros2_ws/install/custom_interfaces/include/custom_interfaces/custom_interfaces/msg/detail/num__rosidl_typesupport_introspection_c.h
[18.932s] -- Installing: /home/vkj/ros2_ws/install/custom_interfaces/include/custom_interfaces/custom_interfaces/msg/detail/sphere__rosidl_typesupport_introspection_c.h
[18.932s] -- Installing: /home/vkj/ros2_ws/install/custom_interfaces/include/custom_interfaces/custom_interfaces/msg/detail/num__type_support.c
[18.932s] -- Installing: /home/vkj/ros2_ws/install/custom_interfaces/include/custom_interfaces/custom_interfaces/msg/detail/sphere__type_support.c
[18.933s] -- Installing: /home/vkj/ros2_ws/install/custom_interfaces/include/custom_interfaces/custom_interfaces/msg/detail/go_to_goal__rosidl_typesupport_introspection_c.h
[18.933s] -- Installing: /home/vkj/ros2_ws/install/custom_interfaces/lib/libcustom_interfaces__rosidl_typesupport_introspection_c.so
[18.934s] -- Set runtime path of "/home/vkj/ros2_ws/install/custom_interfaces/lib/libcustom_interfaces__rosidl_typesupport_introspection_c.so" to ""
[18.934s] -- Installing: /home/vkj/ros2_ws/install/custom_interfaces/lib/libcustom_interfaces__rosidl_typesupport_c.so
[18.935s] -- Set runtime path of "/home/vkj/ros2_ws/install/custom_interfaces/lib/libcustom_interfaces__rosidl_typesupport_c.so" to ""
[18.936s] -- Up-to-date: /home/vkj/ros2_ws/install/custom_interfaces/include/custom_interfaces/custom_interfaces
[18.936s] -- Up-to-date: /home/vkj/ros2_ws/install/custom_interfaces/include/custom_interfaces/custom_interfaces/srv
[18.936s] -- Installing: /home/vkj/ros2_ws/install/custom_interfaces/include/custom_interfaces/custom_interfaces/srv/add_three_ints.hpp
[18.936s] -- Up-to-date: /home/vkj/ros2_ws/install/custom_interfaces/include/custom_interfaces/custom_interfaces/srv/detail
[18.937s] -- Installing: /home/vkj/ros2_ws/install/custom_interfaces/include/custom_interfaces/custom_interfaces/srv/detail/add_three_ints__traits.hpp
[18.937s] -- Installing: /home/vkj/ros2_ws/install/custom_interfaces/include/custom_interfaces/custom_interfaces/srv/detail/add_three_ints__struct.hpp
[18.937s] -- Installing: /home/vkj/ros2_ws/install/custom_interfaces/include/custom_interfaces/custom_interfaces/srv/detail/add_three_ints__builder.hpp
[18.937s] -- Up-to-date: /home/vkj/ros2_ws/install/custom_interfaces/include/custom_interfaces/custom_interfaces/action
[18.938s] -- Installing: /home/vkj/ros2_ws/install/custom_interfaces/include/custom_interfaces/custom_interfaces/action/cruise_speed.hpp
[18.938s] -- Up-to-date: /home/vkj/ros2_ws/install/custom_interfaces/include/custom_interfaces/custom_interfaces/action/detail
[18.938s] -- Installing: /home/vkj/ros2_ws/install/custom_interfaces/include/custom_interfaces/custom_interfaces/action/detail/cruise_speed__builder.hpp
[18.938s] -- Installing: /home/vkj/ros2_ws/install/custom_interfaces/include/custom_interfaces/custom_interfaces/action/detail/cruise_speed__struct.hpp
[18.939s] -- Installing: /home/vkj/ros2_ws/install/custom_interfaces/include/custom_interfaces/custom_interfaces/action/detail/cruise_speed__traits.hpp
[18.939s] -- Up-to-date: /home/vkj/ros2_ws/install/custom_interfaces/include/custom_interfaces/custom_interfaces/msg
[18.939s] -- Installing: /home/vkj/ros2_ws/install/custom_interfaces/include/custom_interfaces/custom_interfaces/msg/go_to_goal.hpp
[18.939s] -- Installing: /home/vkj/ros2_ws/install/custom_interfaces/include/custom_interfaces/custom_interfaces/msg/sphere.hpp
[18.940s] -- Installing: /home/vkj/ros2_ws/install/custom_interfaces/include/custom_interfaces/custom_interfaces/msg/num.hpp
[18.940s] -- Up-to-date: /home/vkj/ros2_ws/install/custom_interfaces/include/custom_interfaces/custom_interfaces/msg/detail
[18.940s] -- Installing: /home/vkj/ros2_ws/install/custom_interfaces/include/custom_interfaces/custom_interfaces/msg/detail/num__struct.hpp
[18.940s] -- Installing: /home/vkj/ros2_ws/install/custom_interfaces/include/custom_interfaces/custom_interfaces/msg/detail/go_to_goal__builder.hpp
[18.941s] -- Installing: /home/vkj/ros2_ws/install/custom_interfaces/include/custom_interfaces/custom_interfaces/msg/detail/go_to_goal__struct.hpp
[18.941s] -- Installing: /home/vkj/ros2_ws/install/custom_interfaces/include/custom_interfaces/custom_interfaces/msg/detail/sphere__traits.hpp
[18.941s] -- Installing: /home/vkj/ros2_ws/install/custom_interfaces/include/custom_interfaces/custom_interfaces/msg/detail/num__builder.hpp
[18.942s] -- Installing: /home/vkj/ros2_ws/install/custom_interfaces/include/custom_interfaces/custom_interfaces/msg/detail/sphere__struct.hpp
[18.942s] -- Installing: /home/vkj/ros2_ws/install/custom_interfaces/include/custom_interfaces/custom_interfaces/msg/detail/sphere__builder.hpp
[18.942s] -- Installing: /home/vkj/ros2_ws/install/custom_interfaces/include/custom_interfaces/custom_interfaces/msg/detail/go_to_goal__traits.hpp
[18.943s] -- Installing: /home/vkj/ros2_ws/install/custom_interfaces/include/custom_interfaces/custom_interfaces/msg/detail/num__traits.hpp
[18.943s] -- Up-to-date: /home/vkj/ros2_ws/install/custom_interfaces/include/custom_interfaces/custom_interfaces
[18.943s] -- Up-to-date: /home/vkj/ros2_ws/install/custom_interfaces/include/custom_interfaces/custom_interfaces/srv
[18.944s] -- Up-to-date: /home/vkj/ros2_ws/install/custom_interfaces/include/custom_interfaces/custom_interfaces/srv/detail
[18.944s] -- Up-to-date: /home/vkj/ros2_ws/install/custom_interfaces/include/custom_interfaces/custom_interfaces/srv/detail/dds_fastrtps
[18.944s] -- Installing: /home/vkj/ros2_ws/install/custom_interfaces/include/custom_interfaces/custom_interfaces/srv/detail/add_three_ints__rosidl_typesupport_fastrtps_cpp.hpp
[18.944s] -- Up-to-date: /home/vkj/ros2_ws/install/custom_interfaces/include/custom_interfaces/custom_interfaces/action
[18.945s] -- Up-to-date: /home/vkj/ros2_ws/install/custom_interfaces/include/custom_interfaces/custom_interfaces/action/detail
[18.945s] -- Up-to-date: /home/vkj/ros2_ws/install/custom_interfaces/include/custom_interfaces/custom_interfaces/action/detail/dds_fastrtps
[18.945s] -- Installing: /home/vkj/ros2_ws/install/custom_interfaces/include/custom_interfaces/custom_interfaces/action/detail/cruise_speed__rosidl_typesupport_fastrtps_cpp.hpp
[18.945s] -- Up-to-date: /home/vkj/ros2_ws/install/custom_interfaces/include/custom_interfaces/custom_interfaces/msg
[18.946s] -- Up-to-date: /home/vkj/ros2_ws/install/custom_interfaces/include/custom_interfaces/custom_interfaces/msg/rosidl_typesupport_fastrtps_cpp__visibility_control.h
[18.946s] -- Up-to-date: /home/vkj/ros2_ws/install/custom_interfaces/include/custom_interfaces/custom_interfaces/msg/detail
[18.946s] -- Installing: /home/vkj/ros2_ws/install/custom_interfaces/include/custom_interfaces/custom_interfaces/msg/detail/sphere__rosidl_typesupport_fastrtps_cpp.hpp
[18.946s] -- Up-to-date: /home/vkj/ros2_ws/install/custom_interfaces/include/custom_interfaces/custom_interfaces/msg/detail/dds_fastrtps
[18.947s] -- Installing: /home/vkj/ros2_ws/install/custom_interfaces/include/custom_interfaces/custom_interfaces/msg/detail/num__rosidl_typesupport_fastrtps_cpp.hpp
[18.947s] -- Installing: /home/vkj/ros2_ws/install/custom_interfaces/include/custom_interfaces/custom_interfaces/msg/detail/go_to_goal__rosidl_typesupport_fastrtps_cpp.hpp
[18.947s] -- Installing: /home/vkj/ros2_ws/install/custom_interfaces/lib/libcustom_interfaces__rosidl_typesupport_fastrtps_cpp.so
[18.948s] -- Set runtime path of "/home/vkj/ros2_ws/install/custom_interfaces/lib/libcustom_interfaces__rosidl_typesupport_fastrtps_cpp.so" to ""
[18.948s] -- Up-to-date: /home/vkj/ros2_ws/install/custom_interfaces/include/custom_interfaces/custom_interfaces
[18.948s] -- Up-to-date: /home/vkj/ros2_ws/install/custom_interfaces/include/custom_interfaces/custom_interfaces/srv
[18.949s] -- Up-to-date: /home/vkj/ros2_ws/install/custom_interfaces/include/custom_interfaces/custom_interfaces/srv/detail
[18.949s] -- Installing: /home/vkj/ros2_ws/install/custom_interfaces/include/custom_interfaces/custom_interfaces/srv/detail/add_three_ints__rosidl_typesupport_introspection_cpp.hpp
[18.949s] -- Installing: /home/vkj/ros2_ws/install/custom_interfaces/include/custom_interfaces/custom_interfaces/srv/detail/add_three_ints__type_support.cpp
[18.950s] -- Up-to-date: /home/vkj/ros2_ws/install/custom_interfaces/include/custom_interfaces/custom_interfaces/action
[18.950s] -- Up-to-date: /home/vkj/ros2_ws/install/custom_interfaces/include/custom_interfaces/custom_interfaces/action/detail
[18.950s] -- Installing: /home/vkj/ros2_ws/install/custom_interfaces/include/custom_interfaces/custom_interfaces/action/detail/cruise_speed__rosidl_typesupport_introspection_cpp.hpp
[18.951s] -- Installing: /home/vkj/ros2_ws/install/custom_interfaces/include/custom_interfaces/custom_interfaces/action/detail/cruise_speed__type_support.cpp
[18.951s] -- Up-to-date: /home/vkj/ros2_ws/install/custom_interfaces/include/custom_interfaces/custom_interfaces/msg
[18.951s] -- Up-to-date: /home/vkj/ros2_ws/install/custom_interfaces/include/custom_interfaces/custom_interfaces/msg/detail
[18.951s] -- Installing: /home/vkj/ros2_ws/install/custom_interfaces/include/custom_interfaces/custom_interfaces/msg/detail/go_to_goal__type_support.cpp
[18.952s] -- Installing: /home/vkj/ros2_ws/install/custom_interfaces/include/custom_interfaces/custom_interfaces/msg/detail/num__type_support.cpp
[18.952s] -- Installing: /home/vkj/ros2_ws/install/custom_interfaces/include/custom_interfaces/custom_interfaces/msg/detail/num__rosidl_typesupport_introspection_cpp.hpp
[18.952s] -- Installing: /home/vkj/ros2_ws/install/custom_interfaces/include/custom_interfaces/custom_interfaces/msg/detail/sphere__rosidl_typesupport_introspection_cpp.hpp
[18.952s] -- Installing: /home/vkj/ros2_ws/install/custom_interfaces/include/custom_interfaces/custom_interfaces/msg/detail/go_to_goal__rosidl_typesupport_introspection_cpp.hpp
[18.953s] -- Installing: /home/vkj/ros2_ws/install/custom_interfaces/include/custom_interfaces/custom_interfaces/msg/detail/sphere__type_support.cpp
[18.953s] -- Installing: /home/vkj/ros2_ws/install/custom_interfaces/lib/libcustom_interfaces__rosidl_typesupport_introspection_cpp.so
[18.954s] -- Set runtime path of "/home/vkj/ros2_ws/install/custom_interfaces/lib/libcustom_interfaces__rosidl_typesupport_introspection_cpp.so" to ""
[18.954s] -- Installing: /home/vkj/ros2_ws/install/custom_interfaces/lib/libcustom_interfaces__rosidl_typesupport_cpp.so
[18.955s] -- Set runtime path of "/home/vkj/ros2_ws/install/custom_interfaces/lib/libcustom_interfaces__rosidl_typesupport_cpp.so" to ""
[18.956s] -- Up-to-date: /home/vkj/ros2_ws/install/custom_interfaces/share/custom_interfaces/environment/pythonpath.sh
[18.956s] -- Installing: /home/vkj/ros2_ws/install/custom_interfaces/share/custom_interfaces/environment/pythonpath.dsv
[18.956s] -- Up-to-date: /home/vkj/ros2_ws/install/custom_interfaces/local/lib/python3.10/dist-packages/custom_interfaces-0.0.0-py3.10.egg-info
[18.956s] -- Installing: /home/vkj/ros2_ws/install/custom_interfaces/local/lib/python3.10/dist-packages/custom_interfaces-0.0.0-py3.10.egg-info/PKG-INFO
[18.957s] -- Installing: /home/vkj/ros2_ws/install/custom_interfaces/local/lib/python3.10/dist-packages/custom_interfaces-0.0.0-py3.10.egg-info/SOURCES.txt
[18.957s] -- Installing: /home/vkj/ros2_ws/install/custom_interfaces/local/lib/python3.10/dist-packages/custom_interfaces-0.0.0-py3.10.egg-info/dependency_links.txt
[18.957s] -- Installing: /home/vkj/ros2_ws/install/custom_interfaces/local/lib/python3.10/dist-packages/custom_interfaces-0.0.0-py3.10.egg-info/top_level.txt
[18.958s] -- Up-to-date: /home/vkj/ros2_ws/install/custom_interfaces/local/lib/python3.10/dist-packages/custom_interfaces
[18.958s] -- Installing: /home/vkj/ros2_ws/install/custom_interfaces/local/lib/python3.10/dist-packages/custom_interfaces/custom_interfaces_s__rosidl_typesupport_introspection_c.cpython-310-x86_64-linux-gnu.so
[18.958s] -- Installing: /home/vkj/ros2_ws/install/custom_interfaces/local/lib/python3.10/dist-packages/custom_interfaces/__init__.py
[18.959s] -- Up-to-date: /home/vkj/ros2_ws/install/custom_interfaces/local/lib/python3.10/dist-packages/custom_interfaces/srv
[18.959s] -- Installing: /home/vkj/ros2_ws/install/custom_interfaces/local/lib/python3.10/dist-packages/custom_interfaces/srv/__init__.py
[18.960s] -- Installing: /home/vkj/ros2_ws/install/custom_interfaces/local/lib/python3.10/dist-packages/custom_interfaces/srv/_add_three_ints.py
[18.960s] -- Installing: /home/vkj/ros2_ws/install/custom_interfaces/local/lib/python3.10/dist-packages/custom_interfaces/srv/_add_three_ints_s.c
[18.960s] -- Installing: /home/vkj/ros2_ws/install/custom_interfaces/local/lib/python3.10/dist-packages/custom_interfaces/_custom_interfaces_s.ep.rosidl_typesupport_fastrtps_c.c
[18.961s] -- Installing: /home/vkj/ros2_ws/install/custom_interfaces/local/lib/python3.10/dist-packages/custom_interfaces/_custom_interfaces_s.ep.rosidl_typesupport_introspection_c.c
[18.961s] -- Installing: /home/vkj/ros2_ws/install/custom_interfaces/local/lib/python3.10/dist-packages/custom_interfaces/_custom_interfaces_s.ep.rosidl_typesupport_c.c
[18.961s] -- Up-to-date: /home/vkj/ros2_ws/install/custom_interfaces/local/lib/python3.10/dist-packages/custom_interfaces/action
[18.961s] -- Installing: /home/vkj/ros2_ws/install/custom_interfaces/local/lib/python3.10/dist-packages/custom_interfaces/action/__init__.py
[18.962s] -- Installing: /home/vkj/ros2_ws/install/custom_interfaces/local/lib/python3.10/dist-packages/custom_interfaces/action/_cruise_speed_s.c
[18.962s] -- Installing: /home/vkj/ros2_ws/install/custom_interfaces/local/lib/python3.10/dist-packages/custom_interfaces/action/_cruise_speed.py
[18.962s] -- Installing: /home/vkj/ros2_ws/install/custom_interfaces/local/lib/python3.10/dist-packages/custom_interfaces/libcustom_interfaces__rosidl_generator_py.so
[18.963s] -- Up-to-date: /home/vkj/ros2_ws/install/custom_interfaces/local/lib/python3.10/dist-packages/custom_interfaces/msg
[18.963s] -- Installing: /home/vkj/ros2_ws/install/custom_interfaces/local/lib/python3.10/dist-packages/custom_interfaces/msg/_sphere_s.c
[18.963s] -- Installing: /home/vkj/ros2_ws/install/custom_interfaces/local/lib/python3.10/dist-packages/custom_interfaces/msg/__init__.py
[18.963s] -- Installing: /home/vkj/ros2_ws/install/custom_interfaces/local/lib/python3.10/dist-packages/custom_interfaces/msg/_go_to_goal.py
[18.964s] -- Installing: /home/vkj/ros2_ws/install/custom_interfaces/local/lib/python3.10/dist-packages/custom_interfaces/msg/_num_s.c
[18.964s] -- Installing: /home/vkj/ros2_ws/install/custom_interfaces/local/lib/python3.10/dist-packages/custom_interfaces/msg/_num.py
[18.964s] -- Installing: /home/vkj/ros2_ws/install/custom_interfaces/local/lib/python3.10/dist-packages/custom_interfaces/msg/_sphere.py
[18.964s] -- Installing: /home/vkj/ros2_ws/install/custom_interfaces/local/lib/python3.10/dist-packages/custom_interfaces/msg/_go_to_goal_s.c
[18.964s] -- Installing: /home/vkj/ros2_ws/install/custom_interfaces/local/lib/python3.10/dist-packages/custom_interfaces/custom_interfaces_s__rosidl_typesupport_c.cpython-310-x86_64-linux-gnu.so
[18.965s] -- Installing: /home/vkj/ros2_ws/install/custom_interfaces/local/lib/python3.10/dist-packages/custom_interfaces/custom_interfaces_s__rosidl_typesupport_fastrtps_c.cpython-310-x86_64-linux-gnu.so
[19.044s] Listing '/home/vkj/ros2_ws/install/custom_interfaces/local/lib/python3.10/dist-packages/custom_interfaces'...
[19.045s] Compiling '/home/vkj/ros2_ws/install/custom_interfaces/local/lib/python3.10/dist-packages/custom_interfaces/__init__.py'...
[19.045s] Listing '/home/vkj/ros2_ws/install/custom_interfaces/local/lib/python3.10/dist-packages/custom_interfaces/action'...
[19.045s] Compiling '/home/vkj/ros2_ws/install/custom_interfaces/local/lib/python3.10/dist-packages/custom_interfaces/action/__init__.py'...
[19.046s] Compiling '/home/vkj/ros2_ws/install/custom_interfaces/local/lib/python3.10/dist-packages/custom_interfaces/action/_cruise_speed.py'...
[19.046s] Listing '/home/vkj/ros2_ws/install/custom_interfaces/local/lib/python3.10/dist-packages/custom_interfaces/msg'...
[19.046s] Compiling '/home/vkj/ros2_ws/install/custom_interfaces/local/lib/python3.10/dist-packages/custom_interfaces/msg/__init__.py'...
[19.046s] Compiling '/home/vkj/ros2_ws/install/custom_interfaces/local/lib/python3.10/dist-packages/custom_interfaces/msg/_go_to_goal.py'...
[19.047s] Compiling '/home/vkj/ros2_ws/install/custom_interfaces/local/lib/python3.10/dist-packages/custom_interfaces/msg/_num.py'...
[19.047s] Compiling '/home/vkj/ros2_ws/install/custom_interfaces/local/lib/python3.10/dist-packages/custom_interfaces/msg/_sphere.py'...
[19.047s] Listing '/home/vkj/ros2_ws/install/custom_interfaces/local/lib/python3.10/dist-packages/custom_interfaces/srv'...
[19.047s] Compiling '/home/vkj/ros2_ws/install/custom_interfaces/local/lib/python3.10/dist-packages/custom_interfaces/srv/__init__.py'...
[19.048s] Compiling '/home/vkj/ros2_ws/install/custom_interfaces/local/lib/python3.10/dist-packages/custom_interfaces/srv/_add_three_ints.py'...
[19.055s] -- Installing: /home/vkj/ros2_ws/install/custom_interfaces/local/lib/python3.10/dist-packages/custom_interfaces/custom_interfaces_s__rosidl_typesupport_fastrtps_c.cpython-310-x86_64-linux-gnu.so
[19.056s] -- Set runtime path of "/home/vkj/ros2_ws/install/custom_interfaces/local/lib/python3.10/dist-packages/custom_interfaces/custom_interfaces_s__rosidl_typesupport_fastrtps_c.cpython-310-x86_64-linux-gnu.so" to ""
[19.056s] -- Installing: /home/vkj/ros2_ws/install/custom_interfaces/local/lib/python3.10/dist-packages/custom_interfaces/custom_interfaces_s__rosidl_typesupport_introspection_c.cpython-310-x86_64-linux-gnu.so
[19.057s] -- Set runtime path of "/home/vkj/ros2_ws/install/custom_interfaces/local/lib/python3.10/dist-packages/custom_interfaces/custom_interfaces_s__rosidl_typesupport_introspection_c.cpython-310-x86_64-linux-gnu.so" to ""
[19.057s] -- Installing: /home/vkj/ros2_ws/install/custom_interfaces/local/lib/python3.10/dist-packages/custom_interfaces/custom_interfaces_s__rosidl_typesupport_c.cpython-310-x86_64-linux-gnu.so
[19.059s] -- Set runtime path of "/home/vkj/ros2_ws/install/custom_interfaces/local/lib/python3.10/dist-packages/custom_interfaces/custom_interfaces_s__rosidl_typesupport_c.cpython-310-x86_64-linux-gnu.so" to ""
[19.059s] -- Installing: /home/vkj/ros2_ws/install/custom_interfaces/lib/libcustom_interfaces__rosidl_generator_py.so
[19.060s] -- Set runtime path of "/home/vkj/ros2_ws/install/custom_interfaces/lib/libcustom_interfaces__rosidl_generator_py.so" to ""
[19.060s] -- Up-to-date: /home/vkj/ros2_ws/install/custom_interfaces/share/custom_interfaces/msg/Num.idl
[19.061s] -- Up-to-date: /home/vkj/ros2_ws/install/custom_interfaces/share/custom_interfaces/msg/Sphere.idl
[19.061s] -- Up-to-date: /home/vkj/ros2_ws/install/custom_interfaces/share/custom_interfaces/msg/GoToGoal.idl
[19.061s] -- Up-to-date: /home/vkj/ros2_ws/install/custom_interfaces/share/custom_interfaces/srv/AddThreeInts.idl
[19.061s] -- Installing: /home/vkj/ros2_ws/install/custom_interfaces/share/custom_interfaces/action/CruiseSpeed.idl
[19.061s] -- Up-to-date: /home/vkj/ros2_ws/install/custom_interfaces/share/custom_interfaces/msg/Num.msg
[19.062s] -- Up-to-date: /home/vkj/ros2_ws/install/custom_interfaces/share/custom_interfaces/msg/Sphere.msg
[19.062s] -- Up-to-date: /home/vkj/ros2_ws/install/custom_interfaces/share/custom_interfaces/msg/GoToGoal.msg
[19.062s] -- Up-to-date: /home/vkj/ros2_ws/install/custom_interfaces/share/custom_interfaces/srv/AddThreeInts.srv
[19.062s] -- Up-to-date: /home/vkj/ros2_ws/install/custom_interfaces/share/custom_interfaces/srv/AddThreeInts_Request.msg
[19.062s] -- Up-to-date: /home/vkj/ros2_ws/install/custom_interfaces/share/custom_interfaces/srv/AddThreeInts_Response.msg
[19.062s] -- Installing: /home/vkj/ros2_ws/install/custom_interfaces/share/custom_interfaces/action/CruiseSpeed.action
[19.063s] -- Up-to-date: /home/vkj/ros2_ws/install/custom_interfaces/share/ament_index/resource_index/package_run_dependencies/custom_interfaces
[19.063s] -- Up-to-date: /home/vkj/ros2_ws/install/custom_interfaces/share/ament_index/resource_index/parent_prefix_path/custom_interfaces
[19.063s] -- Up-to-date: /home/vkj/ros2_ws/install/custom_interfaces/share/custom_interfaces/environment/ament_prefix_path.sh
[19.063s] -- Installing: /home/vkj/ros2_ws/install/custom_interfaces/share/custom_interfaces/environment/ament_prefix_path.dsv
[19.063s] -- Up-to-date: /home/vkj/ros2_ws/install/custom_interfaces/share/custom_interfaces/environment/path.sh
[19.064s] -- Installing: /home/vkj/ros2_ws/install/custom_interfaces/share/custom_interfaces/environment/path.dsv
[19.064s] -- Up-to-date: /home/vkj/ros2_ws/install/custom_interfaces/share/custom_interfaces/local_setup.bash
[19.064s] -- Up-to-date: /home/vkj/ros2_ws/install/custom_interfaces/share/custom_interfaces/local_setup.sh
[19.064s] -- Up-to-date: /home/vkj/ros2_ws/install/custom_interfaces/share/custom_interfaces/local_setup.zsh
[19.064s] -- Installing: /home/vkj/ros2_ws/install/custom_interfaces/share/custom_interfaces/local_setup.dsv
[19.064s] -- Installing: /home/vkj/ros2_ws/install/custom_interfaces/share/custom_interfaces/package.dsv
[19.065s] -- Up-to-date: /home/vkj/ros2_ws/install/custom_interfaces/share/ament_index/resource_index/packages/custom_interfaces
[19.065s] -- Up-to-date: /home/vkj/ros2_ws/install/custom_interfaces/share/custom_interfaces/cmake/export_custom_interfaces__rosidl_generator_cExport.cmake
[19.065s] -- Up-to-date: /home/vkj/ros2_ws/install/custom_interfaces/share/custom_interfaces/cmake/export_custom_interfaces__rosidl_generator_cExport-noconfig.cmake
[19.065s] -- Up-to-date: /home/vkj/ros2_ws/install/custom_interfaces/share/custom_interfaces/cmake/export_custom_interfaces__rosidl_typesupport_fastrtps_cExport.cmake
[19.065s] -- Up-to-date: /home/vkj/ros2_ws/install/custom_interfaces/share/custom_interfaces/cmake/export_custom_interfaces__rosidl_typesupport_fastrtps_cExport-noconfig.cmake
[19.065s] -- Up-to-date: /home/vkj/ros2_ws/install/custom_interfaces/share/custom_interfaces/cmake/custom_interfaces__rosidl_typesupport_introspection_cExport.cmake
[19.066s] -- Up-to-date: /home/vkj/ros2_ws/install/custom_interfaces/share/custom_interfaces/cmake/custom_interfaces__rosidl_typesupport_introspection_cExport-noconfig.cmake
[19.066s] -- Up-to-date: /home/vkj/ros2_ws/install/custom_interfaces/share/custom_interfaces/cmake/custom_interfaces__rosidl_typesupport_cExport.cmake
[19.066s] -- Up-to-date: /home/vkj/ros2_ws/install/custom_interfaces/share/custom_interfaces/cmake/custom_interfaces__rosidl_typesupport_cExport-noconfig.cmake
[19.066s] -- Up-to-date: /home/vkj/ros2_ws/install/custom_interfaces/share/custom_interfaces/cmake/export_custom_interfaces__rosidl_generator_cppExport.cmake
[19.066s] -- Up-to-date: /home/vkj/ros2_ws/install/custom_interfaces/share/custom_interfaces/cmake/export_custom_interfaces__rosidl_typesupport_fastrtps_cppExport.cmake
[19.067s] -- Up-to-date: /home/vkj/ros2_ws/install/custom_interfaces/share/custom_interfaces/cmake/export_custom_interfaces__rosidl_typesupport_fastrtps_cppExport-noconfig.cmake
[19.067s] -- Up-to-date: /home/vkj/ros2_ws/install/custom_interfaces/share/custom_interfaces/cmake/custom_interfaces__rosidl_typesupport_introspection_cppExport.cmake
[19.067s] -- Up-to-date: /home/vkj/ros2_ws/install/custom_interfaces/share/custom_interfaces/cmake/custom_interfaces__rosidl_typesupport_introspection_cppExport-noconfig.cmake
[19.067s] -- Up-to-date: /home/vkj/ros2_ws/install/custom_interfaces/share/custom_interfaces/cmake/custom_interfaces__rosidl_typesupport_cppExport.cmake
[19.067s] -- Up-to-date: /home/vkj/ros2_ws/install/custom_interfaces/share/custom_interfaces/cmake/custom_interfaces__rosidl_typesupport_cppExport-noconfig.cmake
[19.067s] -- Up-to-date: /home/vkj/ros2_ws/install/custom_interfaces/share/custom_interfaces/cmake/export_custom_interfaces__rosidl_generator_pyExport.cmake
[19.067s] -- Up-to-date: /home/vkj/ros2_ws/install/custom_interfaces/share/custom_interfaces/cmake/export_custom_interfaces__rosidl_generator_pyExport-noconfig.cmake
[19.067s] -- Up-to-date: /home/vkj/ros2_ws/install/custom_interfaces/share/custom_interfaces/cmake/rosidl_cmake-extras.cmake
[19.068s] -- Up-to-date: /home/vkj/ros2_ws/install/custom_interfaces/share/custom_interfaces/cmake/ament_cmake_export_dependencies-extras.cmake
[19.068s] -- Up-to-date: /home/vkj/ros2_ws/install/custom_interfaces/share/custom_interfaces/cmake/ament_cmake_export_include_directories-extras.cmake
[19.068s] -- Up-to-date: /home/vkj/ros2_ws/install/custom_interfaces/share/custom_interfaces/cmake/ament_cmake_export_libraries-extras.cmake
[19.068s] -- Up-to-date: /home/vkj/ros2_ws/install/custom_interfaces/share/custom_interfaces/cmake/ament_cmake_export_targets-extras.cmake
[19.068s] -- Up-to-date: /home/vkj/ros2_ws/install/custom_interfaces/share/custom_interfaces/cmake/rosidl_cmake_export_typesupport_targets-extras.cmake
[19.068s] -- Up-to-date: /home/vkj/ros2_ws/install/custom_interfaces/share/custom_interfaces/cmake/rosidl_cmake_export_typesupport_libraries-extras.cmake
[19.068s] -- Up-to-date: /home/vkj/ros2_ws/install/custom_interfaces/share/custom_interfaces/cmake/custom_interfacesConfig.cmake
[19.068s] -- Up-to-date: /home/vkj/ros2_ws/install/custom_interfaces/share/custom_interfaces/cmake/custom_interfacesConfig-version.cmake
[19.068s] -- Up-to-date: /home/vkj/ros2_ws/install/custom_interfaces/share/custom_interfaces/package.xml
[19.070s] Invoked command in '/home/vkj/ros2_ws/build/custom_interfaces' returned '0': CMAKE_PREFIX_PATH=${CMAKE_PREFIX_PATH}:/home/vkj/ros2_ws/install/test_turtle:/opt/ros/humble /usr/bin/cmake --install /home/vkj/ros2_ws/build/custom_interfaces
