[0.243s] DEBUG:colcon:Command line arguments: ['/usr/bin/colcon', 'build', '--packages-select', 'custom_interfaces']
[0.243s] DEBUG:colcon:Parsed command line arguments: Namespace(log_base=None, log_level=None, verb_name='build', build_base='build', install_base='install', merge_install=False, symlink_install=False, test_result_base=None, continue_on_error=False, executor='parallel', parallel_workers=4, event_handlers=None, ignore_user_meta=False, metas=['./colcon.meta'], base_paths=['.'], packages_ignore=None, packages_ignore_regex=None, paths=None, packages_up_to=None, packages_up_to_regex=None, packages_above=None, packages_above_and_dependencies=None, packages_above_depth=None, packages_select_by_dep=None, packages_skip_by_dep=None, packages_skip_up_to=None, packages_select_build_failed=False, packages_skip_build_finished=False, packages_select_test_failures=False, packages_skip_test_passed=False, packages_select=['custom_interfaces'], packages_skip=None, packages_select_regex=None, packages_skip_regex=None, packages_start=None, packages_end=None, allow_overriding=[], cmake_args=None, cmake_target=None, cmake_target_skip_unavailable=False, cmake_clean_cache=False, cmake_clean_first=False, cmake_force_configure=False, ament_cmake_args=None, catkin_cmake_args=None, catkin_skip_building_tests=False, mixin_files=None, mixin=None, verb_parser=<colcon_mixin.mixin.mixin_argument.MixinArgumentDecorator object at 0x7784360bad70>, verb_extension=<colcon_core.verb.build.BuildVerb object at 0x778436243400>, main=<bound method BuildVerb.main of <colcon_core.verb.build.BuildVerb object at 0x778436243400>>, mixin_verb=('build',))
[0.606s] Level 1:colcon.colcon_core.package_discovery:discover_packages(colcon_meta) check parameters
[0.607s] Level 1:colcon.colcon_core.package_discovery:discover_packages(recursive) check parameters
[0.607s] Level 1:colcon.colcon_core.package_discovery:discover_packages(ignore) check parameters
[0.607s] Level 1:colcon.colcon_core.package_discovery:discover_packages(path) check parameters
[0.607s] Level 1:colcon.colcon_core.package_discovery:discover_packages(colcon_meta) discover
[0.607s] Level 1:colcon.colcon_core.package_discovery:discover_packages(recursive) discover
[0.607s] INFO:colcon.colcon_core.package_discovery:Crawling recursively for packages in '/home/vkj/ros2_ws'
[0.607s] Level 1:colcon.colcon_core.package_identification:_identify(.) by extensions ['ignore', 'ignore_ament_install']
[0.607s] Level 1:colcon.colcon_core.package_identification:_identify(.) by extension 'ignore'
[0.608s] Level 1:colcon.colcon_core.package_identification:_identify(.) by extension 'ignore_ament_install'
[0.608s] Level 1:colcon.colcon_core.package_identification:_identify(.) by extensions ['colcon_pkg']
[0.608s] Level 1:colcon.colcon_core.package_identification:_identify(.) by extension 'colcon_pkg'
[0.608s] Level 1:colcon.colcon_core.package_identification:_identify(.) by extensions ['colcon_meta']
[0.608s] Level 1:colcon.colcon_core.package_identification:_identify(.) by extension 'colcon_meta'
[0.608s] Level 1:colcon.colcon_core.package_identification:_identify(.) by extensions ['ros']
[0.608s] Level 1:colcon.colcon_core.package_identification:_identify(.) by extension 'ros'
[0.629s] Level 1:colcon.colcon_core.package_identification:_identify(.) by extensions ['cmake', 'python']
[0.629s] Level 1:colcon.colcon_core.package_identification:_identify(.) by extension 'cmake'
[0.629s] Level 1:colcon.colcon_core.package_identification:_identify(.) by extension 'python'
[0.629s] Level 1:colcon.colcon_core.package_identification:_identify(.) by extensions ['python_setup_py']
[0.630s] Level 1:colcon.colcon_core.package_identification:_identify(.) by extension 'python_setup_py'
[0.630s] Level 1:colcon.colcon_core.package_identification:_identify(build) by extensions ['ignore', 'ignore_ament_install']
[0.630s] Level 1:colcon.colcon_core.package_identification:_identify(build) by extension 'ignore'
[0.630s] Level 1:colcon.colcon_core.package_identification:_identify(build) ignored
[0.631s] Level 1:colcon.colcon_core.package_identification:_identify(install) by extensions ['ignore', 'ignore_ament_install']
[0.631s] Level 1:colcon.colcon_core.package_identification:_identify(install) by extension 'ignore'
[0.631s] Level 1:colcon.colcon_core.package_identification:_identify(install) ignored
[0.631s] Level 1:colcon.colcon_core.package_identification:_identify(log) by extensions ['ignore', 'ignore_ament_install']
[0.631s] Level 1:colcon.colcon_core.package_identification:_identify(log) by extension 'ignore'
[0.631s] Level 1:colcon.colcon_core.package_identification:_identify(log) ignored
[0.631s] Level 1:colcon.colcon_core.package_identification:_identify(src) by extensions ['ignore', 'ignore_ament_install']
[0.632s] Level 1:colcon.colcon_core.package_identification:_identify(src) by extension 'ignore'
[0.632s] Level 1:colcon.colcon_core.package_identification:_identify(src) by extension 'ignore_ament_install'
[0.632s] Level 1:colcon.colcon_core.package_identification:_identify(src) by extensions ['colcon_pkg']
[0.632s] Level 1:colcon.colcon_core.package_identification:_identify(src) by extension 'colcon_pkg'
[0.632s] Level 1:colcon.colcon_core.package_identification:_identify(src) by extensions ['colcon_meta']
[0.632s] Level 1:colcon.colcon_core.package_identification:_identify(src) by extension 'colcon_meta'
[0.632s] Level 1:colcon.colcon_core.package_identification:_identify(src) by extensions ['ros']
[0.632s] Level 1:colcon.colcon_core.package_identification:_identify(src) by extension 'ros'
[0.632s] Level 1:colcon.colcon_core.package_identification:_identify(src) by extensions ['cmake', 'python']
[0.632s] Level 1:colcon.colcon_core.package_identification:_identify(src) by extension 'cmake'
[0.632s] Level 1:colcon.colcon_core.package_identification:_identify(src) by extension 'python'
[0.633s] Level 1:colcon.colcon_core.package_identification:_identify(src) by extensions ['python_setup_py']
[0.633s] Level 1:colcon.colcon_core.package_identification:_identify(src) by extension 'python_setup_py'
[0.633s] Level 1:colcon.colcon_core.package_identification:_identify(src/cli) by extensions ['ignore', 'ignore_ament_install']
[0.633s] Level 1:colcon.colcon_core.package_identification:_identify(src/cli) by extension 'ignore'
[0.633s] Level 1:colcon.colcon_core.package_identification:_identify(src/cli) by extension 'ignore_ament_install'
[0.633s] Level 1:colcon.colcon_core.package_identification:_identify(src/cli) by extensions ['colcon_pkg']
[0.633s] Level 1:colcon.colcon_core.package_identification:_identify(src/cli) by extension 'colcon_pkg'
[0.633s] Level 1:colcon.colcon_core.package_identification:_identify(src/cli) by extensions ['colcon_meta']
[0.633s] Level 1:colcon.colcon_core.package_identification:_identify(src/cli) by extension 'colcon_meta'
[0.633s] Level 1:colcon.colcon_core.package_identification:_identify(src/cli) by extensions ['ros']
[0.634s] Level 1:colcon.colcon_core.package_identification:_identify(src/cli) by extension 'ros'
[0.634s] Level 1:colcon.colcon_core.package_identification:_identify(src/cli) by extensions ['cmake', 'python']
[0.634s] Level 1:colcon.colcon_core.package_identification:_identify(src/cli) by extension 'cmake'
[0.634s] Level 1:colcon.colcon_core.package_identification:_identify(src/cli) by extension 'python'
[0.634s] Level 1:colcon.colcon_core.package_identification:_identify(src/cli) by extensions ['python_setup_py']
[0.634s] Level 1:colcon.colcon_core.package_identification:_identify(src/cli) by extension 'python_setup_py'
[0.634s] Level 1:colcon.colcon_core.package_identification:_identify(src/custom_interfaces) by extensions ['ignore', 'ignore_ament_install']
[0.634s] Level 1:colcon.colcon_core.package_identification:_identify(src/custom_interfaces) by extension 'ignore'
[0.634s] Level 1:colcon.colcon_core.package_identification:_identify(src/custom_interfaces) by extension 'ignore_ament_install'
[0.635s] Level 1:colcon.colcon_core.package_identification:_identify(src/custom_interfaces) by extensions ['colcon_pkg']
[0.635s] Level 1:colcon.colcon_core.package_identification:_identify(src/custom_interfaces) by extension 'colcon_pkg'
[0.635s] Level 1:colcon.colcon_core.package_identification:_identify(src/custom_interfaces) by extensions ['colcon_meta']
[0.635s] Level 1:colcon.colcon_core.package_identification:_identify(src/custom_interfaces) by extension 'colcon_meta'
[0.635s] Level 1:colcon.colcon_core.package_identification:_identify(src/custom_interfaces) by extensions ['ros']
[0.635s] Level 1:colcon.colcon_core.package_identification:_identify(src/custom_interfaces) by extension 'ros'
[0.654s] DEBUG:colcon.colcon_core.package_identification:Package 'src/custom_interfaces' with type 'ros.ament_cmake' and name 'custom_interfaces'
[0.655s] Level 1:colcon.colcon_core.package_identification:_identify(src/dc_motor_control) by extensions ['ignore', 'ignore_ament_install']
[0.655s] Level 1:colcon.colcon_core.package_identification:_identify(src/dc_motor_control) by extension 'ignore'
[0.655s] Level 1:colcon.colcon_core.package_identification:_identify(src/dc_motor_control) by extension 'ignore_ament_install'
[0.655s] Level 1:colcon.colcon_core.package_identification:_identify(src/dc_motor_control) by extensions ['colcon_pkg']
[0.655s] Level 1:colcon.colcon_core.package_identification:_identify(src/dc_motor_control) by extension 'colcon_pkg'
[0.655s] Level 1:colcon.colcon_core.package_identification:_identify(src/dc_motor_control) by extensions ['colcon_meta']
[0.655s] Level 1:colcon.colcon_core.package_identification:_identify(src/dc_motor_control) by extension 'colcon_meta'
[0.655s] Level 1:colcon.colcon_core.package_identification:_identify(src/dc_motor_control) by extensions ['ros']
[0.655s] Level 1:colcon.colcon_core.package_identification:_identify(src/dc_motor_control) by extension 'ros'
[0.657s] DEBUG:colcon.colcon_core.package_identification:Package 'src/dc_motor_control' with type 'ros.ament_python' and name 'dc_motor_control'
[0.657s] Level 1:colcon.colcon_core.package_identification:_identify(src/test_action) by extensions ['ignore', 'ignore_ament_install']
[0.657s] Level 1:colcon.colcon_core.package_identification:_identify(src/test_action) by extension 'ignore'
[0.657s] Level 1:colcon.colcon_core.package_identification:_identify(src/test_action) by extension 'ignore_ament_install'
[0.657s] Level 1:colcon.colcon_core.package_identification:_identify(src/test_action) by extensions ['colcon_pkg']
[0.657s] Level 1:colcon.colcon_core.package_identification:_identify(src/test_action) by extension 'colcon_pkg'
[0.657s] Level 1:colcon.colcon_core.package_identification:_identify(src/test_action) by extensions ['colcon_meta']
[0.657s] Level 1:colcon.colcon_core.package_identification:_identify(src/test_action) by extension 'colcon_meta'
[0.658s] Level 1:colcon.colcon_core.package_identification:_identify(src/test_action) by extensions ['ros']
[0.658s] Level 1:colcon.colcon_core.package_identification:_identify(src/test_action) by extension 'ros'
[0.659s] DEBUG:colcon.colcon_core.package_identification:Package 'src/test_action' with type 'ros.ament_python' and name 'test_action'
[0.659s] Level 1:colcon.colcon_core.package_identification:_identify(src/test_interfaces) by extensions ['ignore', 'ignore_ament_install']
[0.659s] Level 1:colcon.colcon_core.package_identification:_identify(src/test_interfaces) by extension 'ignore'
[0.659s] Level 1:colcon.colcon_core.package_identification:_identify(src/test_interfaces) by extension 'ignore_ament_install'
[0.659s] Level 1:colcon.colcon_core.package_identification:_identify(src/test_interfaces) by extensions ['colcon_pkg']
[0.659s] Level 1:colcon.colcon_core.package_identification:_identify(src/test_interfaces) by extension 'colcon_pkg'
[0.660s] Level 1:colcon.colcon_core.package_identification:_identify(src/test_interfaces) by extensions ['colcon_meta']
[0.660s] Level 1:colcon.colcon_core.package_identification:_identify(src/test_interfaces) by extension 'colcon_meta'
[0.660s] Level 1:colcon.colcon_core.package_identification:_identify(src/test_interfaces) by extensions ['ros']
[0.660s] Level 1:colcon.colcon_core.package_identification:_identify(src/test_interfaces) by extension 'ros'
[0.661s] DEBUG:colcon.colcon_core.package_identification:Package 'src/test_interfaces' with type 'ros.ament_python' and name 'test_interfaces'
[0.661s] Level 1:colcon.colcon_core.package_identification:_identify(src/test_param) by extensions ['ignore', 'ignore_ament_install']
[0.661s] Level 1:colcon.colcon_core.package_identification:_identify(src/test_param) by extension 'ignore'
[0.661s] Level 1:colcon.colcon_core.package_identification:_identify(src/test_param) by extension 'ignore_ament_install'
[0.662s] Level 1:colcon.colcon_core.package_identification:_identify(src/test_param) by extensions ['colcon_pkg']
[0.662s] Level 1:colcon.colcon_core.package_identification:_identify(src/test_param) by extension 'colcon_pkg'
[0.662s] Level 1:colcon.colcon_core.package_identification:_identify(src/test_param) by extensions ['colcon_meta']
[0.662s] Level 1:colcon.colcon_core.package_identification:_identify(src/test_param) by extension 'colcon_meta'
[0.662s] Level 1:colcon.colcon_core.package_identification:_identify(src/test_param) by extensions ['ros']
[0.662s] Level 1:colcon.colcon_core.package_identification:_identify(src/test_param) by extension 'ros'
[0.663s] DEBUG:colcon.colcon_core.package_identification:Package 'src/test_param' with type 'ros.ament_python' and name 'test_param'
[0.663s] Level 1:colcon.colcon_core.package_identification:_identify(src/test_service) by extensions ['ignore', 'ignore_ament_install']
[0.664s] Level 1:colcon.colcon_core.package_identification:_identify(src/test_service) by extension 'ignore'
[0.664s] Level 1:colcon.colcon_core.package_identification:_identify(src/test_service) by extension 'ignore_ament_install'
[0.664s] Level 1:colcon.colcon_core.package_identification:_identify(src/test_service) by extensions ['colcon_pkg']
[0.664s] Level 1:colcon.colcon_core.package_identification:_identify(src/test_service) by extension 'colcon_pkg'
[0.664s] Level 1:colcon.colcon_core.package_identification:_identify(src/test_service) by extensions ['colcon_meta']
[0.664s] Level 1:colcon.colcon_core.package_identification:_identify(src/test_service) by extension 'colcon_meta'
[0.664s] Level 1:colcon.colcon_core.package_identification:_identify(src/test_service) by extensions ['ros']
[0.664s] Level 1:colcon.colcon_core.package_identification:_identify(src/test_service) by extension 'ros'
[0.665s] DEBUG:colcon.colcon_core.package_identification:Package 'src/test_service' with type 'ros.ament_python' and name 'test_service'
[0.666s] Level 1:colcon.colcon_core.package_identification:_identify(src/test_topic) by extensions ['ignore', 'ignore_ament_install']
[0.666s] Level 1:colcon.colcon_core.package_identification:_identify(src/test_topic) by extension 'ignore'
[0.666s] Level 1:colcon.colcon_core.package_identification:_identify(src/test_topic) by extension 'ignore_ament_install'
[0.666s] Level 1:colcon.colcon_core.package_identification:_identify(src/test_topic) by extensions ['colcon_pkg']
[0.666s] Level 1:colcon.colcon_core.package_identification:_identify(src/test_topic) by extension 'colcon_pkg'
[0.666s] Level 1:colcon.colcon_core.package_identification:_identify(src/test_topic) by extensions ['colcon_meta']
[0.666s] Level 1:colcon.colcon_core.package_identification:_identify(src/test_topic) by extension 'colcon_meta'
[0.666s] Level 1:colcon.colcon_core.package_identification:_identify(src/test_topic) by extensions ['ros']
[0.667s] Level 1:colcon.colcon_core.package_identification:_identify(src/test_topic) by extension 'ros'
[0.668s] DEBUG:colcon.colcon_core.package_identification:Package 'src/test_topic' with type 'ros.ament_python' and name 'test_topic'
[0.668s] Level 1:colcon.colcon_core.package_identification:_identify(src/test_turtle) by extensions ['ignore', 'ignore_ament_install']
[0.668s] Level 1:colcon.colcon_core.package_identification:_identify(src/test_turtle) by extension 'ignore'
[0.668s] Level 1:colcon.colcon_core.package_identification:_identify(src/test_turtle) by extension 'ignore_ament_install'
[0.668s] Level 1:colcon.colcon_core.package_identification:_identify(src/test_turtle) by extensions ['colcon_pkg']
[0.668s] Level 1:colcon.colcon_core.package_identification:_identify(src/test_turtle) by extension 'colcon_pkg'
[0.668s] Level 1:colcon.colcon_core.package_identification:_identify(src/test_turtle) by extensions ['colcon_meta']
[0.669s] Level 1:colcon.colcon_core.package_identification:_identify(src/test_turtle) by extension 'colcon_meta'
[0.669s] Level 1:colcon.colcon_core.package_identification:_identify(src/test_turtle) by extensions ['ros']
[0.669s] Level 1:colcon.colcon_core.package_identification:_identify(src/test_turtle) by extension 'ros'
[0.670s] DEBUG:colcon.colcon_core.package_identification:Package 'src/test_turtle' with type 'ros.ament_python' and name 'test_turtle'
[0.670s] Level 1:colcon.colcon_core.package_discovery:discover_packages(recursive) using defaults
[0.670s] Level 1:colcon.colcon_core.package_discovery:discover_packages(ignore) discover
[0.670s] Level 1:colcon.colcon_core.package_discovery:discover_packages(ignore) using defaults
[0.670s] Level 1:colcon.colcon_core.package_discovery:discover_packages(path) discover
[0.670s] Level 1:colcon.colcon_core.package_discovery:discover_packages(path) using defaults
[0.707s] INFO:colcon.colcon_core.package_selection:Skipping not selected package 'dc_motor_control' in 'src/dc_motor_control'
[0.708s] INFO:colcon.colcon_core.package_selection:Skipping not selected package 'test_param' in 'src/test_param'
[0.708s] INFO:colcon.colcon_core.package_selection:Skipping not selected package 'test_service' in 'src/test_service'
[0.708s] INFO:colcon.colcon_core.package_selection:Skipping not selected package 'test_topic' in 'src/test_topic'
[0.708s] INFO:colcon.colcon_core.package_selection:Skipping not selected package 'test_turtle' in 'src/test_turtle'
[0.708s] INFO:colcon.colcon_core.package_selection:Skipping not selected package 'test_action' in 'src/test_action'
[0.708s] INFO:colcon.colcon_core.package_selection:Skipping not selected package 'test_interfaces' in 'src/test_interfaces'
[0.709s] Level 1:colcon.colcon_core.package_discovery:discover_packages(prefix_path) check parameters
[0.709s] Level 1:colcon.colcon_core.package_discovery:discover_packages(prefix_path) discover
[0.710s] WARNING:colcon.colcon_core.prefix_path.colcon:The path '/home/vkj/ros2_ws/src/test_action/test_action/install' in the environment variable COLCON_PREFIX_PATH doesn't exist
[0.712s] DEBUG:colcon.colcon_installed_package_information.package_discovery:Found 2 installed packages in /home/vkj/ros2_ws/install
[0.714s] DEBUG:colcon.colcon_installed_package_information.package_discovery:Found 294 installed packages in /opt/ros/humble
[0.718s] Level 1:colcon.colcon_core.package_discovery:discover_packages(prefix_path) using defaults
[0.799s] Level 5:colcon.colcon_core.verb:set package 'custom_interfaces' build argument 'cmake_args' from command line to 'None'
[0.799s] Level 5:colcon.colcon_core.verb:set package 'custom_interfaces' build argument 'cmake_target' from command line to 'None'
[0.799s] Level 5:colcon.colcon_core.verb:set package 'custom_interfaces' build argument 'cmake_target_skip_unavailable' from command line to 'False'
[0.799s] Level 5:colcon.colcon_core.verb:set package 'custom_interfaces' build argument 'cmake_clean_cache' from command line to 'False'
[0.799s] Level 5:colcon.colcon_core.verb:set package 'custom_interfaces' build argument 'cmake_clean_first' from command line to 'False'
[0.800s] Level 5:colcon.colcon_core.verb:set package 'custom_interfaces' build argument 'cmake_force_configure' from command line to 'False'
[0.800s] Level 5:colcon.colcon_core.verb:set package 'custom_interfaces' build argument 'ament_cmake_args' from command line to 'None'
[0.800s] Level 5:colcon.colcon_core.verb:set package 'custom_interfaces' build argument 'catkin_cmake_args' from command line to 'None'
[0.800s] Level 5:colcon.colcon_core.verb:set package 'custom_interfaces' build argument 'catkin_skip_building_tests' from command line to 'False'
[0.800s] DEBUG:colcon.colcon_core.verb:Building package 'custom_interfaces' with the following arguments: {'ament_cmake_args': None, 'build_base': '/home/vkj/ros2_ws/build/custom_interfaces', 'catkin_cmake_args': None, 'catkin_skip_building_tests': False, 'cmake_args': None, 'cmake_clean_cache': False, 'cmake_clean_first': False, 'cmake_force_configure': False, 'cmake_target': None, 'cmake_target_skip_unavailable': False, 'install_base': '/home/vkj/ros2_ws/install/custom_interfaces', 'merge_install': False, 'path': '/home/vkj/ros2_ws/src/custom_interfaces', 'symlink_install': False, 'test_result_base': None}
[0.800s] INFO:colcon.colcon_core.executor:Executing jobs using 'parallel' executor
[0.802s] DEBUG:colcon.colcon_parallel_executor.executor.parallel:run_until_complete
[0.802s] INFO:colcon.colcon_ros.task.ament_cmake.build:Building ROS package in '/home/vkj/ros2_ws/src/custom_interfaces' with build type 'ament_cmake'
[0.802s] INFO:colcon.colcon_cmake.task.cmake.build:Building CMake package in '/home/vkj/ros2_ws/src/custom_interfaces'
[0.806s] INFO:colcon.colcon_core.plugin_system:Skipping extension 'colcon_core.shell.bat': Not used on non-Windows systems
[0.806s] INFO:colcon.colcon_core.shell:Skip shell extension 'powershell' for command environment: Not usable outside of PowerShell
[0.806s] DEBUG:colcon.colcon_core.shell:Skip shell extension 'dsv' for command environment
[0.900s] DEBUG:colcon.colcon_core.event_handler.log_command:Invoking command in '/home/vkj/ros2_ws/build/custom_interfaces': CMAKE_PREFIX_PATH=${CMAKE_PREFIX_PATH}:/home/vkj/ros2_ws/install/test_turtle:/opt/ros/humble /usr/bin/cmake --build /home/vkj/ros2_ws/build/custom_interfaces -- -j4 -l4
[20.241s] DEBUG:colcon.colcon_core.event_handler.log_command:Invoked command in '/home/vkj/ros2_ws/build/custom_interfaces' returned '0': CMAKE_PREFIX_PATH=${CMAKE_PREFIX_PATH}:/home/vkj/ros2_ws/install/test_turtle:/opt/ros/humble /usr/bin/cmake --build /home/vkj/ros2_ws/build/custom_interfaces -- -j4 -l4
[20.481s] DEBUG:colcon.colcon_core.event_handler.log_command:Invoking command in '/home/vkj/ros2_ws/build/custom_interfaces': CMAKE_PREFIX_PATH=${CMAKE_PREFIX_PATH}:/home/vkj/ros2_ws/install/test_turtle:/opt/ros/humble /usr/bin/cmake --install /home/vkj/ros2_ws/build/custom_interfaces
[20.784s] Level 1:colcon.colcon_core.environment:create_environment_scripts_only(custom_interfaces)
[20.785s] DEBUG:colcon.colcon_core.event_handler.log_command:Invoked command in '/home/vkj/ros2_ws/build/custom_interfaces' returned '0': CMAKE_PREFIX_PATH=${CMAKE_PREFIX_PATH}:/home/vkj/ros2_ws/install/test_turtle:/opt/ros/humble /usr/bin/cmake --install /home/vkj/ros2_ws/build/custom_interfaces
[20.789s] Level 1:colcon.colcon_core.environment:checking '/home/vkj/ros2_ws/install/custom_interfaces' for CMake module files
[20.790s] Level 1:colcon.colcon_core.environment:checking '/home/vkj/ros2_ws/install/custom_interfaces' for CMake config files
[20.791s] Level 1:colcon.colcon_core.shell:create_environment_hook('custom_interfaces', 'cmake_prefix_path')
[20.792s] INFO:colcon.colcon_core.shell:Creating environment hook '/home/vkj/ros2_ws/install/custom_interfaces/share/custom_interfaces/hook/cmake_prefix_path.ps1'
[20.793s] INFO:colcon.colcon_core.shell:Creating environment descriptor '/home/vkj/ros2_ws/install/custom_interfaces/share/custom_interfaces/hook/cmake_prefix_path.dsv'
[20.794s] INFO:colcon.colcon_core.shell:Creating environment hook '/home/vkj/ros2_ws/install/custom_interfaces/share/custom_interfaces/hook/cmake_prefix_path.sh'
[20.795s] Level 1:colcon.colcon_core.environment:checking '/home/vkj/ros2_ws/install/custom_interfaces/lib'
[20.796s] Level 1:colcon.colcon_core.shell:create_environment_hook('custom_interfaces', 'ld_library_path_lib')
[20.796s] INFO:colcon.colcon_core.shell:Creating environment hook '/home/vkj/ros2_ws/install/custom_interfaces/share/custom_interfaces/hook/ld_library_path_lib.ps1'
[20.797s] INFO:colcon.colcon_core.shell:Creating environment descriptor '/home/vkj/ros2_ws/install/custom_interfaces/share/custom_interfaces/hook/ld_library_path_lib.dsv'
[20.797s] INFO:colcon.colcon_core.shell:Creating environment hook '/home/vkj/ros2_ws/install/custom_interfaces/share/custom_interfaces/hook/ld_library_path_lib.sh'
[20.798s] Level 1:colcon.colcon_core.environment:checking '/home/vkj/ros2_ws/install/custom_interfaces/bin'
[20.798s] Level 1:colcon.colcon_core.environment:checking '/home/vkj/ros2_ws/install/custom_interfaces/lib/pkgconfig/custom_interfaces.pc'
[20.799s] Level 1:colcon.colcon_core.environment:checking '/home/vkj/ros2_ws/install/custom_interfaces/lib/python3.10/site-packages'
[20.799s] Level 1:colcon.colcon_core.environment:checking '/home/vkj/ros2_ws/install/custom_interfaces/bin'
[20.800s] INFO:colcon.colcon_core.shell:Creating package script '/home/vkj/ros2_ws/install/custom_interfaces/share/custom_interfaces/package.ps1'
[20.801s] INFO:colcon.colcon_core.shell:Creating package descriptor '/home/vkj/ros2_ws/install/custom_interfaces/share/custom_interfaces/package.dsv'
[20.802s] INFO:colcon.colcon_core.shell:Creating package script '/home/vkj/ros2_ws/install/custom_interfaces/share/custom_interfaces/package.sh'
[20.804s] INFO:colcon.colcon_core.shell:Creating package script '/home/vkj/ros2_ws/install/custom_interfaces/share/custom_interfaces/package.bash'
[20.805s] INFO:colcon.colcon_core.shell:Creating package script '/home/vkj/ros2_ws/install/custom_interfaces/share/custom_interfaces/package.zsh'
[20.806s] Level 1:colcon.colcon_core.environment:create_file_with_runtime_dependencies(/home/vkj/ros2_ws/install/custom_interfaces/share/colcon-core/packages/custom_interfaces)
[21.033s] Level 1:colcon.colcon_core.environment:create_environment_scripts_only(custom_interfaces)
[21.033s] Level 1:colcon.colcon_core.environment:checking '/home/vkj/ros2_ws/install/custom_interfaces' for CMake module files
[21.035s] Level 1:colcon.colcon_core.environment:checking '/home/vkj/ros2_ws/install/custom_interfaces' for CMake config files
[21.035s] Level 1:colcon.colcon_core.shell:create_environment_hook('custom_interfaces', 'cmake_prefix_path')
[21.035s] INFO:colcon.colcon_core.shell:Creating environment hook '/home/vkj/ros2_ws/install/custom_interfaces/share/custom_interfaces/hook/cmake_prefix_path.ps1'
[21.037s] INFO:colcon.colcon_core.shell:Creating environment descriptor '/home/vkj/ros2_ws/install/custom_interfaces/share/custom_interfaces/hook/cmake_prefix_path.dsv'
[21.037s] INFO:colcon.colcon_core.shell:Creating environment hook '/home/vkj/ros2_ws/install/custom_interfaces/share/custom_interfaces/hook/cmake_prefix_path.sh'
[21.038s] Level 1:colcon.colcon_core.environment:checking '/home/vkj/ros2_ws/install/custom_interfaces/lib'
[21.038s] Level 1:colcon.colcon_core.shell:create_environment_hook('custom_interfaces', 'ld_library_path_lib')
[21.039s] INFO:colcon.colcon_core.shell:Creating environment hook '/home/vkj/ros2_ws/install/custom_interfaces/share/custom_interfaces/hook/ld_library_path_lib.ps1'
[21.040s] INFO:colcon.colcon_core.shell:Creating environment descriptor '/home/vkj/ros2_ws/install/custom_interfaces/share/custom_interfaces/hook/ld_library_path_lib.dsv'
[21.040s] INFO:colcon.colcon_core.shell:Creating environment hook '/home/vkj/ros2_ws/install/custom_interfaces/share/custom_interfaces/hook/ld_library_path_lib.sh'
[21.041s] Level 1:colcon.colcon_core.environment:checking '/home/vkj/ros2_ws/install/custom_interfaces/bin'
[21.041s] Level 1:colcon.colcon_core.environment:checking '/home/vkj/ros2_ws/install/custom_interfaces/lib/pkgconfig/custom_interfaces.pc'
[21.042s] Level 1:colcon.colcon_core.environment:checking '/home/vkj/ros2_ws/install/custom_interfaces/lib/python3.10/site-packages'
[21.042s] Level 1:colcon.colcon_core.environment:checking '/home/vkj/ros2_ws/install/custom_interfaces/bin'
[21.043s] INFO:colcon.colcon_core.shell:Creating package script '/home/vkj/ros2_ws/install/custom_interfaces/share/custom_interfaces/package.ps1'
[21.044s] INFO:colcon.colcon_core.shell:Creating package descriptor '/home/vkj/ros2_ws/install/custom_interfaces/share/custom_interfaces/package.dsv'
[21.045s] INFO:colcon.colcon_core.shell:Creating package script '/home/vkj/ros2_ws/install/custom_interfaces/share/custom_interfaces/package.sh'
[21.046s] INFO:colcon.colcon_core.shell:Creating package script '/home/vkj/ros2_ws/install/custom_interfaces/share/custom_interfaces/package.bash'
[21.047s] INFO:colcon.colcon_core.shell:Creating package script '/home/vkj/ros2_ws/install/custom_interfaces/share/custom_interfaces/package.zsh'
[21.047s] Level 1:colcon.colcon_core.environment:create_file_with_runtime_dependencies(/home/vkj/ros2_ws/install/custom_interfaces/share/colcon-core/packages/custom_interfaces)
[21.048s] DEBUG:colcon.colcon_parallel_executor.executor.parallel:closing loop
[21.048s] DEBUG:colcon.colcon_parallel_executor.executor.parallel:loop closed
[21.048s] DEBUG:colcon.colcon_parallel_executor.executor.parallel:run_until_complete finished with '0'
[21.048s] DEBUG:colcon.colcon_core.event_reactor:joining thread
[21.134s] INFO:colcon.colcon_core.plugin_system:Skipping extension 'colcon_notification.desktop_notification.terminal_notifier': Not used on non-Darwin systems
[21.135s] INFO:colcon.colcon_core.plugin_system:Skipping extension 'colcon_notification.desktop_notification.win32': Not used on non-Windows systems
[21.135s] INFO:colcon.colcon_notification.desktop_notification:Sending desktop notification using 'notify2'
[21.179s] DEBUG:colcon.colcon_core.event_reactor:joined thread
[21.180s] INFO:colcon.colcon_core.shell:Creating prefix script '/home/vkj/ros2_ws/install/local_setup.ps1'
[21.184s] INFO:colcon.colcon_core.shell:Creating prefix util module '/home/vkj/ros2_ws/install/_local_setup_util_ps1.py'
[21.189s] INFO:colcon.colcon_core.shell:Creating prefix chain script '/home/vkj/ros2_ws/install/setup.ps1'
[21.193s] INFO:colcon.colcon_core.shell:Creating prefix script '/home/vkj/ros2_ws/install/local_setup.sh'
[21.197s] INFO:colcon.colcon_core.shell:Creating prefix util module '/home/vkj/ros2_ws/install/_local_setup_util_sh.py'
[21.200s] INFO:colcon.colcon_core.shell:Creating prefix chain script '/home/vkj/ros2_ws/install/setup.sh'
[21.204s] INFO:colcon.colcon_core.shell:Creating prefix script '/home/vkj/ros2_ws/install/local_setup.bash'
[21.206s] INFO:colcon.colcon_core.shell:Creating prefix chain script '/home/vkj/ros2_ws/install/setup.bash'
[21.211s] INFO:colcon.colcon_core.shell:Creating prefix script '/home/vkj/ros2_ws/install/local_setup.zsh'
[21.214s] INFO:colcon.colcon_core.shell:Creating prefix chain script '/home/vkj/ros2_ws/install/setup.zsh'
