[0.215s] DEBUG:colcon:Command line arguments: ['/usr/bin/colcon', 'build', '--packages-select', 'test_action']
[0.216s] DEBUG:colcon:Parsed command line arguments: Namespace(log_base=None, log_level=None, verb_name='build', build_base='build', install_base='install', merge_install=False, symlink_install=False, test_result_base=None, continue_on_error=False, executor='parallel', parallel_workers=4, event_handlers=None, ignore_user_meta=False, metas=['./colcon.meta'], base_paths=['.'], packages_ignore=None, packages_ignore_regex=None, paths=None, packages_up_to=None, packages_up_to_regex=None, packages_above=None, packages_above_and_dependencies=None, packages_above_depth=None, packages_select_by_dep=None, packages_skip_by_dep=None, packages_skip_up_to=None, packages_select_build_failed=False, packages_skip_build_finished=False, packages_select_test_failures=False, packages_skip_test_passed=False, packages_select=['test_action'], packages_skip=None, packages_select_regex=None, packages_skip_regex=None, packages_start=None, packages_end=None, allow_overriding=[], cmake_args=None, cmake_target=None, cmake_target_skip_unavailable=False, cmake_clean_cache=False, cmake_clean_first=False, cmake_force_configure=False, ament_cmake_args=None, catkin_cmake_args=None, catkin_skip_building_tests=False, mixin_files=None, mixin=None, verb_parser=<colcon_mixin.mixin.mixin_argument.MixinArgumentDecorator object at 0x71e3d4c3e9e0>, verb_extension=<colcon_core.verb.build.BuildVerb object at 0x71e3d4d4f070>, main=<bound method BuildVerb.main of <colcon_core.verb.build.BuildVerb object at 0x71e3d4d4f070>>, mixin_verb=('build',))
[0.655s] Level 1:colcon.colcon_core.package_discovery:discover_packages(colcon_meta) check parameters
[0.655s] Level 1:colcon.colcon_core.package_discovery:discover_packages(recursive) check parameters
[0.656s] Level 1:colcon.colcon_core.package_discovery:discover_packages(ignore) check parameters
[0.656s] Level 1:colcon.colcon_core.package_discovery:discover_packages(path) check parameters
[0.656s] Level 1:colcon.colcon_core.package_discovery:discover_packages(colcon_meta) discover
[0.656s] Level 1:colcon.colcon_core.package_discovery:discover_packages(recursive) discover
[0.656s] INFO:colcon.colcon_core.package_discovery:Crawling recursively for packages in '/home/vkj/ros2_ws'
[0.656s] Level 1:colcon.colcon_core.package_identification:_identify(.) by extensions ['ignore', 'ignore_ament_install']
[0.656s] Level 1:colcon.colcon_core.package_identification:_identify(.) by extension 'ignore'
[0.656s] Level 1:colcon.colcon_core.package_identification:_identify(.) by extension 'ignore_ament_install'
[0.656s] Level 1:colcon.colcon_core.package_identification:_identify(.) by extensions ['colcon_pkg']
[0.656s] Level 1:colcon.colcon_core.package_identification:_identify(.) by extension 'colcon_pkg'
[0.657s] Level 1:colcon.colcon_core.package_identification:_identify(.) by extensions ['colcon_meta']
[0.657s] Level 1:colcon.colcon_core.package_identification:_identify(.) by extension 'colcon_meta'
[0.657s] Level 1:colcon.colcon_core.package_identification:_identify(.) by extensions ['ros']
[0.657s] Level 1:colcon.colcon_core.package_identification:_identify(.) by extension 'ros'
[0.678s] Level 1:colcon.colcon_core.package_identification:_identify(.) by extensions ['cmake', 'python']
[0.679s] Level 1:colcon.colcon_core.package_identification:_identify(.) by extension 'cmake'
[0.679s] Level 1:colcon.colcon_core.package_identification:_identify(.) by extension 'python'
[0.679s] Level 1:colcon.colcon_core.package_identification:_identify(.) by extensions ['python_setup_py']
[0.679s] Level 1:colcon.colcon_core.package_identification:_identify(.) by extension 'python_setup_py'
[0.679s] Level 1:colcon.colcon_core.package_identification:_identify(build) by extensions ['ignore', 'ignore_ament_install']
[0.679s] Level 1:colcon.colcon_core.package_identification:_identify(build) by extension 'ignore'
[0.679s] Level 1:colcon.colcon_core.package_identification:_identify(build) ignored
[0.680s] Level 1:colcon.colcon_core.package_identification:_identify(install) by extensions ['ignore', 'ignore_ament_install']
[0.680s] Level 1:colcon.colcon_core.package_identification:_identify(install) by extension 'ignore'
[0.680s] Level 1:colcon.colcon_core.package_identification:_identify(install) ignored
[0.680s] Level 1:colcon.colcon_core.package_identification:_identify(log) by extensions ['ignore', 'ignore_ament_install']
[0.680s] Level 1:colcon.colcon_core.package_identification:_identify(log) by extension 'ignore'
[0.680s] Level 1:colcon.colcon_core.package_identification:_identify(log) ignored
[0.680s] Level 1:colcon.colcon_core.package_identification:_identify(src) by extensions ['ignore', 'ignore_ament_install']
[0.681s] Level 1:colcon.colcon_core.package_identification:_identify(src) by extension 'ignore'
[0.681s] Level 1:colcon.colcon_core.package_identification:_identify(src) by extension 'ignore_ament_install'
[0.681s] Level 1:colcon.colcon_core.package_identification:_identify(src) by extensions ['colcon_pkg']
[0.681s] Level 1:colcon.colcon_core.package_identification:_identify(src) by extension 'colcon_pkg'
[0.681s] Level 1:colcon.colcon_core.package_identification:_identify(src) by extensions ['colcon_meta']
[0.681s] Level 1:colcon.colcon_core.package_identification:_identify(src) by extension 'colcon_meta'
[0.681s] Level 1:colcon.colcon_core.package_identification:_identify(src) by extensions ['ros']
[0.681s] Level 1:colcon.colcon_core.package_identification:_identify(src) by extension 'ros'
[0.681s] Level 1:colcon.colcon_core.package_identification:_identify(src) by extensions ['cmake', 'python']
[0.681s] Level 1:colcon.colcon_core.package_identification:_identify(src) by extension 'cmake'
[0.681s] Level 1:colcon.colcon_core.package_identification:_identify(src) by extension 'python'
[0.682s] Level 1:colcon.colcon_core.package_identification:_identify(src) by extensions ['python_setup_py']
[0.682s] Level 1:colcon.colcon_core.package_identification:_identify(src) by extension 'python_setup_py'
[0.682s] Level 1:colcon.colcon_core.package_identification:_identify(src/cli) by extensions ['ignore', 'ignore_ament_install']
[0.682s] Level 1:colcon.colcon_core.package_identification:_identify(src/cli) by extension 'ignore'
[0.682s] Level 1:colcon.colcon_core.package_identification:_identify(src/cli) by extension 'ignore_ament_install'
[0.682s] Level 1:colcon.colcon_core.package_identification:_identify(src/cli) by extensions ['colcon_pkg']
[0.682s] Level 1:colcon.colcon_core.package_identification:_identify(src/cli) by extension 'colcon_pkg'
[0.682s] Level 1:colcon.colcon_core.package_identification:_identify(src/cli) by extensions ['colcon_meta']
[0.682s] Level 1:colcon.colcon_core.package_identification:_identify(src/cli) by extension 'colcon_meta'
[0.682s] Level 1:colcon.colcon_core.package_identification:_identify(src/cli) by extensions ['ros']
[0.683s] Level 1:colcon.colcon_core.package_identification:_identify(src/cli) by extension 'ros'
[0.683s] Level 1:colcon.colcon_core.package_identification:_identify(src/cli) by extensions ['cmake', 'python']
[0.683s] Level 1:colcon.colcon_core.package_identification:_identify(src/cli) by extension 'cmake'
[0.683s] Level 1:colcon.colcon_core.package_identification:_identify(src/cli) by extension 'python'
[0.683s] Level 1:colcon.colcon_core.package_identification:_identify(src/cli) by extensions ['python_setup_py']
[0.683s] Level 1:colcon.colcon_core.package_identification:_identify(src/cli) by extension 'python_setup_py'
[0.683s] Level 1:colcon.colcon_core.package_identification:_identify(src/custom_interfaces) by extensions ['ignore', 'ignore_ament_install']
[0.683s] Level 1:colcon.colcon_core.package_identification:_identify(src/custom_interfaces) by extension 'ignore'
[0.683s] Level 1:colcon.colcon_core.package_identification:_identify(src/custom_interfaces) by extension 'ignore_ament_install'
[0.684s] Level 1:colcon.colcon_core.package_identification:_identify(src/custom_interfaces) by extensions ['colcon_pkg']
[0.684s] Level 1:colcon.colcon_core.package_identification:_identify(src/custom_interfaces) by extension 'colcon_pkg'
[0.684s] Level 1:colcon.colcon_core.package_identification:_identify(src/custom_interfaces) by extensions ['colcon_meta']
[0.684s] Level 1:colcon.colcon_core.package_identification:_identify(src/custom_interfaces) by extension 'colcon_meta'
[0.684s] Level 1:colcon.colcon_core.package_identification:_identify(src/custom_interfaces) by extensions ['ros']
[0.684s] Level 1:colcon.colcon_core.package_identification:_identify(src/custom_interfaces) by extension 'ros'
[0.702s] DEBUG:colcon.colcon_core.package_identification:Package 'src/custom_interfaces' with type 'ros.ament_cmake' and name 'custom_interfaces'
[0.702s] Level 1:colcon.colcon_core.package_identification:_identify(src/dc_motor_control) by extensions ['ignore', 'ignore_ament_install']
[0.703s] Level 1:colcon.colcon_core.package_identification:_identify(src/dc_motor_control) by extension 'ignore'
[0.703s] Level 1:colcon.colcon_core.package_identification:_identify(src/dc_motor_control) by extension 'ignore_ament_install'
[0.703s] Level 1:colcon.colcon_core.package_identification:_identify(src/dc_motor_control) by extensions ['colcon_pkg']
[0.703s] Level 1:colcon.colcon_core.package_identification:_identify(src/dc_motor_control) by extension 'colcon_pkg'
[0.703s] Level 1:colcon.colcon_core.package_identification:_identify(src/dc_motor_control) by extensions ['colcon_meta']
[0.703s] Level 1:colcon.colcon_core.package_identification:_identify(src/dc_motor_control) by extension 'colcon_meta'
[0.703s] Level 1:colcon.colcon_core.package_identification:_identify(src/dc_motor_control) by extensions ['ros']
[0.703s] Level 1:colcon.colcon_core.package_identification:_identify(src/dc_motor_control) by extension 'ros'
[0.704s] DEBUG:colcon.colcon_core.package_identification:Package 'src/dc_motor_control' with type 'ros.ament_python' and name 'dc_motor_control'
[0.705s] Level 1:colcon.colcon_core.package_identification:_identify(src/test_action) by extensions ['ignore', 'ignore_ament_install']
[0.705s] Level 1:colcon.colcon_core.package_identification:_identify(src/test_action) by extension 'ignore'
[0.705s] Level 1:colcon.colcon_core.package_identification:_identify(src/test_action) by extension 'ignore_ament_install'
[0.705s] Level 1:colcon.colcon_core.package_identification:_identify(src/test_action) by extensions ['colcon_pkg']
[0.705s] Level 1:colcon.colcon_core.package_identification:_identify(src/test_action) by extension 'colcon_pkg'
[0.705s] Level 1:colcon.colcon_core.package_identification:_identify(src/test_action) by extensions ['colcon_meta']
[0.705s] Level 1:colcon.colcon_core.package_identification:_identify(src/test_action) by extension 'colcon_meta'
[0.705s] Level 1:colcon.colcon_core.package_identification:_identify(src/test_action) by extensions ['ros']
[0.705s] Level 1:colcon.colcon_core.package_identification:_identify(src/test_action) by extension 'ros'
[0.707s] DEBUG:colcon.colcon_core.package_identification:Package 'src/test_action' with type 'ros.ament_python' and name 'test_action'
[0.707s] Level 1:colcon.colcon_core.package_identification:_identify(src/test_interfaces) by extensions ['ignore', 'ignore_ament_install']
[0.707s] Level 1:colcon.colcon_core.package_identification:_identify(src/test_interfaces) by extension 'ignore'
[0.707s] Level 1:colcon.colcon_core.package_identification:_identify(src/test_interfaces) by extension 'ignore_ament_install'
[0.707s] Level 1:colcon.colcon_core.package_identification:_identify(src/test_interfaces) by extensions ['colcon_pkg']
[0.707s] Level 1:colcon.colcon_core.package_identification:_identify(src/test_interfaces) by extension 'colcon_pkg'
[0.707s] Level 1:colcon.colcon_core.package_identification:_identify(src/test_interfaces) by extensions ['colcon_meta']
[0.707s] Level 1:colcon.colcon_core.package_identification:_identify(src/test_interfaces) by extension 'colcon_meta'
[0.708s] Level 1:colcon.colcon_core.package_identification:_identify(src/test_interfaces) by extensions ['ros']
[0.708s] Level 1:colcon.colcon_core.package_identification:_identify(src/test_interfaces) by extension 'ros'
[0.709s] DEBUG:colcon.colcon_core.package_identification:Package 'src/test_interfaces' with type 'ros.ament_python' and name 'test_interfaces'
[0.709s] Level 1:colcon.colcon_core.package_identification:_identify(src/test_param) by extensions ['ignore', 'ignore_ament_install']
[0.709s] Level 1:colcon.colcon_core.package_identification:_identify(src/test_param) by extension 'ignore'
[0.709s] Level 1:colcon.colcon_core.package_identification:_identify(src/test_param) by extension 'ignore_ament_install'
[0.709s] Level 1:colcon.colcon_core.package_identification:_identify(src/test_param) by extensions ['colcon_pkg']
[0.709s] Level 1:colcon.colcon_core.package_identification:_identify(src/test_param) by extension 'colcon_pkg'
[0.710s] Level 1:colcon.colcon_core.package_identification:_identify(src/test_param) by extensions ['colcon_meta']
[0.710s] Level 1:colcon.colcon_core.package_identification:_identify(src/test_param) by extension 'colcon_meta'
[0.710s] Level 1:colcon.colcon_core.package_identification:_identify(src/test_param) by extensions ['ros']
[0.710s] Level 1:colcon.colcon_core.package_identification:_identify(src/test_param) by extension 'ros'
[0.711s] DEBUG:colcon.colcon_core.package_identification:Package 'src/test_param' with type 'ros.ament_python' and name 'test_param'
[0.711s] Level 1:colcon.colcon_core.package_identification:_identify(src/test_service) by extensions ['ignore', 'ignore_ament_install']
[0.711s] Level 1:colcon.colcon_core.package_identification:_identify(src/test_service) by extension 'ignore'
[0.711s] Level 1:colcon.colcon_core.package_identification:_identify(src/test_service) by extension 'ignore_ament_install'
[0.712s] Level 1:colcon.colcon_core.package_identification:_identify(src/test_service) by extensions ['colcon_pkg']
[0.712s] Level 1:colcon.colcon_core.package_identification:_identify(src/test_service) by extension 'colcon_pkg'
[0.712s] Level 1:colcon.colcon_core.package_identification:_identify(src/test_service) by extensions ['colcon_meta']
[0.712s] Level 1:colcon.colcon_core.package_identification:_identify(src/test_service) by extension 'colcon_meta'
[0.712s] Level 1:colcon.colcon_core.package_identification:_identify(src/test_service) by extensions ['ros']
[0.712s] Level 1:colcon.colcon_core.package_identification:_identify(src/test_service) by extension 'ros'
[0.713s] DEBUG:colcon.colcon_core.package_identification:Package 'src/test_service' with type 'ros.ament_python' and name 'test_service'
[0.713s] Level 1:colcon.colcon_core.package_identification:_identify(src/test_topic) by extensions ['ignore', 'ignore_ament_install']
[0.713s] Level 1:colcon.colcon_core.package_identification:_identify(src/test_topic) by extension 'ignore'
[0.714s] Level 1:colcon.colcon_core.package_identification:_identify(src/test_topic) by extension 'ignore_ament_install'
[0.714s] Level 1:colcon.colcon_core.package_identification:_identify(src/test_topic) by extensions ['colcon_pkg']
[0.714s] Level 1:colcon.colcon_core.package_identification:_identify(src/test_topic) by extension 'colcon_pkg'
[0.714s] Level 1:colcon.colcon_core.package_identification:_identify(src/test_topic) by extensions ['colcon_meta']
[0.714s] Level 1:colcon.colcon_core.package_identification:_identify(src/test_topic) by extension 'colcon_meta'
[0.714s] Level 1:colcon.colcon_core.package_identification:_identify(src/test_topic) by extensions ['ros']
[0.714s] Level 1:colcon.colcon_core.package_identification:_identify(src/test_topic) by extension 'ros'
[0.715s] DEBUG:colcon.colcon_core.package_identification:Package 'src/test_topic' with type 'ros.ament_python' and name 'test_topic'
[0.716s] Level 1:colcon.colcon_core.package_identification:_identify(src/test_turtle) by extensions ['ignore', 'ignore_ament_install']
[0.716s] Level 1:colcon.colcon_core.package_identification:_identify(src/test_turtle) by extension 'ignore'
[0.716s] Level 1:colcon.colcon_core.package_identification:_identify(src/test_turtle) by extension 'ignore_ament_install'
[0.716s] Level 1:colcon.colcon_core.package_identification:_identify(src/test_turtle) by extensions ['colcon_pkg']
[0.716s] Level 1:colcon.colcon_core.package_identification:_identify(src/test_turtle) by extension 'colcon_pkg'
[0.716s] Level 1:colcon.colcon_core.package_identification:_identify(src/test_turtle) by extensions ['colcon_meta']
[0.716s] Level 1:colcon.colcon_core.package_identification:_identify(src/test_turtle) by extension 'colcon_meta'
[0.716s] Level 1:colcon.colcon_core.package_identification:_identify(src/test_turtle) by extensions ['ros']
[0.716s] Level 1:colcon.colcon_core.package_identification:_identify(src/test_turtle) by extension 'ros'
[0.718s] DEBUG:colcon.colcon_core.package_identification:Package 'src/test_turtle' with type 'ros.ament_python' and name 'test_turtle'
[0.718s] Level 1:colcon.colcon_core.package_discovery:discover_packages(recursive) using defaults
[0.718s] Level 1:colcon.colcon_core.package_discovery:discover_packages(ignore) discover
[0.718s] Level 1:colcon.colcon_core.package_discovery:discover_packages(ignore) using defaults
[0.718s] Level 1:colcon.colcon_core.package_discovery:discover_packages(path) discover
[0.718s] Level 1:colcon.colcon_core.package_discovery:discover_packages(path) using defaults
[0.755s] INFO:colcon.colcon_core.package_selection:Skipping not selected package 'custom_interfaces' in 'src/custom_interfaces'
[0.756s] INFO:colcon.colcon_core.package_selection:Skipping not selected package 'dc_motor_control' in 'src/dc_motor_control'
[0.756s] INFO:colcon.colcon_core.package_selection:Skipping not selected package 'test_param' in 'src/test_param'
[0.756s] INFO:colcon.colcon_core.package_selection:Skipping not selected package 'test_service' in 'src/test_service'
[0.756s] INFO:colcon.colcon_core.package_selection:Skipping not selected package 'test_topic' in 'src/test_topic'
[0.756s] INFO:colcon.colcon_core.package_selection:Skipping not selected package 'test_turtle' in 'src/test_turtle'
[0.756s] INFO:colcon.colcon_core.package_selection:Skipping not selected package 'test_interfaces' in 'src/test_interfaces'
[0.756s] Level 1:colcon.colcon_core.package_discovery:discover_packages(prefix_path) check parameters
[0.757s] Level 1:colcon.colcon_core.package_discovery:discover_packages(prefix_path) discover
[0.760s] DEBUG:colcon.colcon_installed_package_information.package_discovery:Found 3 installed packages in /home/vkj/ros2_ws/install
[0.762s] DEBUG:colcon.colcon_installed_package_information.package_discovery:Found 294 installed packages in /opt/ros/humble
[0.765s] Level 1:colcon.colcon_core.package_discovery:discover_packages(prefix_path) using defaults
[0.847s] Level 5:colcon.colcon_core.verb:set package 'test_action' build argument 'cmake_args' from command line to 'None'
[0.847s] Level 5:colcon.colcon_core.verb:set package 'test_action' build argument 'cmake_target' from command line to 'None'
[0.847s] Level 5:colcon.colcon_core.verb:set package 'test_action' build argument 'cmake_target_skip_unavailable' from command line to 'False'
[0.847s] Level 5:colcon.colcon_core.verb:set package 'test_action' build argument 'cmake_clean_cache' from command line to 'False'
[0.847s] Level 5:colcon.colcon_core.verb:set package 'test_action' build argument 'cmake_clean_first' from command line to 'False'
[0.847s] Level 5:colcon.colcon_core.verb:set package 'test_action' build argument 'cmake_force_configure' from command line to 'False'
[0.848s] Level 5:colcon.colcon_core.verb:set package 'test_action' build argument 'ament_cmake_args' from command line to 'None'
[0.848s] Level 5:colcon.colcon_core.verb:set package 'test_action' build argument 'catkin_cmake_args' from command line to 'None'
[0.848s] Level 5:colcon.colcon_core.verb:set package 'test_action' build argument 'catkin_skip_building_tests' from command line to 'False'
[0.848s] DEBUG:colcon.colcon_core.verb:Building package 'test_action' with the following arguments: {'ament_cmake_args': None, 'build_base': '/home/vkj/ros2_ws/build/test_action', 'catkin_cmake_args': None, 'catkin_skip_building_tests': False, 'cmake_args': None, 'cmake_clean_cache': False, 'cmake_clean_first': False, 'cmake_force_configure': False, 'cmake_target': None, 'cmake_target_skip_unavailable': False, 'install_base': '/home/vkj/ros2_ws/install/test_action', 'merge_install': False, 'path': '/home/vkj/ros2_ws/src/test_action', 'symlink_install': False, 'test_result_base': None}
[0.848s] INFO:colcon.colcon_core.executor:Executing jobs using 'parallel' executor
[0.850s] DEBUG:colcon.colcon_parallel_executor.executor.parallel:run_until_complete
[0.850s] INFO:colcon.colcon_ros.task.ament_python.build:Building ROS package in '/home/vkj/ros2_ws/src/test_action' with build type 'ament_python'
[0.850s] Level 1:colcon.colcon_core.shell:create_environment_hook('test_action', 'ament_prefix_path')
[0.854s] INFO:colcon.colcon_core.plugin_system:Skipping extension 'colcon_core.shell.bat': Not used on non-Windows systems
[0.855s] INFO:colcon.colcon_core.shell:Creating environment hook '/home/vkj/ros2_ws/install/test_action/share/test_action/hook/ament_prefix_path.ps1'
[0.856s] INFO:colcon.colcon_core.shell:Creating environment descriptor '/home/vkj/ros2_ws/install/test_action/share/test_action/hook/ament_prefix_path.dsv'
[0.857s] INFO:colcon.colcon_core.shell:Creating environment hook '/home/vkj/ros2_ws/install/test_action/share/test_action/hook/ament_prefix_path.sh'
[0.858s] INFO:colcon.colcon_core.shell:Skip shell extension 'powershell' for command environment: Not usable outside of PowerShell
[0.858s] DEBUG:colcon.colcon_core.shell:Skip shell extension 'dsv' for command environment
[1.489s] INFO:colcon.colcon_core.task.python.build:Building Python package in '/home/vkj/ros2_ws/src/test_action'
[1.490s] INFO:colcon.colcon_core.shell:Skip shell extension 'powershell' for command environment: Not usable outside of PowerShell
[1.490s] DEBUG:colcon.colcon_core.shell:Skip shell extension 'dsv' for command environment
[2.202s] DEBUG:colcon.colcon_core.event_handler.log_command:Invoking command in '/home/vkj/ros2_ws/src/test_action': PYTHONPATH=/home/vkj/ros2_ws/build/test_action/prefix_override:/usr/lib/python3/dist-packages/colcon_core/task/python/colcon_distutils_commands:/home/vkj/ros2_ws/install/test_action/lib/python3.10/site-packages:${PYTHONPATH} /usr/bin/python3 -W ignore:setup.py install is deprecated setup.py egg_info --egg-base ../../build/test_action build --build-base /home/vkj/ros2_ws/build/test_action/build install --record /home/vkj/ros2_ws/build/test_action/install.log --single-version-externally-managed install_data
[2.822s] DEBUG:colcon.colcon_core.event_handler.log_command:Invoked command in '/home/vkj/ros2_ws/src/test_action' returned '0': PYTHONPATH=/home/vkj/ros2_ws/build/test_action/prefix_override:/usr/lib/python3/dist-packages/colcon_core/task/python/colcon_distutils_commands:/home/vkj/ros2_ws/install/test_action/lib/python3.10/site-packages:${PYTHONPATH} /usr/bin/python3 -W ignore:setup.py install is deprecated setup.py egg_info --egg-base ../../build/test_action build --build-base /home/vkj/ros2_ws/build/test_action/build install --record /home/vkj/ros2_ws/build/test_action/install.log --single-version-externally-managed install_data
[2.825s] Level 1:colcon.colcon_core.environment:checking '/home/vkj/ros2_ws/install/test_action' for CMake module files
[2.826s] Level 1:colcon.colcon_core.environment:checking '/home/vkj/ros2_ws/install/test_action' for CMake config files
[2.827s] Level 1:colcon.colcon_core.environment:checking '/home/vkj/ros2_ws/install/test_action/lib'
[2.828s] Level 1:colcon.colcon_core.environment:checking '/home/vkj/ros2_ws/install/test_action/bin'
[2.828s] Level 1:colcon.colcon_core.environment:checking '/home/vkj/ros2_ws/install/test_action/lib/pkgconfig/test_action.pc'
[2.828s] Level 1:colcon.colcon_core.environment:checking '/home/vkj/ros2_ws/install/test_action/lib/python3.10/site-packages'
[2.828s] Level 1:colcon.colcon_core.shell:create_environment_hook('test_action', 'pythonpath')
[2.829s] INFO:colcon.colcon_core.shell:Creating environment hook '/home/vkj/ros2_ws/install/test_action/share/test_action/hook/pythonpath.ps1'
[2.829s] INFO:colcon.colcon_core.shell:Creating environment descriptor '/home/vkj/ros2_ws/install/test_action/share/test_action/hook/pythonpath.dsv'
[2.830s] INFO:colcon.colcon_core.shell:Creating environment hook '/home/vkj/ros2_ws/install/test_action/share/test_action/hook/pythonpath.sh'
[2.831s] Level 1:colcon.colcon_core.environment:checking '/home/vkj/ros2_ws/install/test_action/bin'
[2.831s] Level 1:colcon.colcon_core.environment:create_environment_scripts_only(test_action)
[2.832s] INFO:colcon.colcon_core.shell:Creating package script '/home/vkj/ros2_ws/install/test_action/share/test_action/package.ps1'
[2.833s] INFO:colcon.colcon_core.shell:Creating package descriptor '/home/vkj/ros2_ws/install/test_action/share/test_action/package.dsv'
[2.834s] INFO:colcon.colcon_core.shell:Creating package script '/home/vkj/ros2_ws/install/test_action/share/test_action/package.sh'
[2.836s] INFO:colcon.colcon_core.shell:Creating package script '/home/vkj/ros2_ws/install/test_action/share/test_action/package.bash'
[2.837s] INFO:colcon.colcon_core.shell:Creating package script '/home/vkj/ros2_ws/install/test_action/share/test_action/package.zsh'
[2.838s] Level 1:colcon.colcon_core.environment:create_file_with_runtime_dependencies(/home/vkj/ros2_ws/install/test_action/share/colcon-core/packages/test_action)
[2.839s] DEBUG:colcon.colcon_parallel_executor.executor.parallel:closing loop
[2.839s] DEBUG:colcon.colcon_parallel_executor.executor.parallel:loop closed
[2.840s] DEBUG:colcon.colcon_parallel_executor.executor.parallel:run_until_complete finished with '0'
[2.840s] DEBUG:colcon.colcon_core.event_reactor:joining thread
[2.848s] INFO:colcon.colcon_core.plugin_system:Skipping extension 'colcon_notification.desktop_notification.terminal_notifier': Not used on non-Darwin systems
[2.849s] INFO:colcon.colcon_core.plugin_system:Skipping extension 'colcon_notification.desktop_notification.win32': Not used on non-Windows systems
[2.849s] INFO:colcon.colcon_notification.desktop_notification:Sending desktop notification using 'notify2'
[2.870s] DEBUG:colcon.colcon_core.event_reactor:joined thread
[2.871s] INFO:colcon.colcon_core.shell:Creating prefix script '/home/vkj/ros2_ws/install/local_setup.ps1'
[2.876s] INFO:colcon.colcon_core.shell:Creating prefix util module '/home/vkj/ros2_ws/install/_local_setup_util_ps1.py'
[2.881s] INFO:colcon.colcon_core.shell:Creating prefix chain script '/home/vkj/ros2_ws/install/setup.ps1'
[2.883s] INFO:colcon.colcon_core.shell:Creating prefix script '/home/vkj/ros2_ws/install/local_setup.sh'
[2.884s] INFO:colcon.colcon_core.shell:Creating prefix util module '/home/vkj/ros2_ws/install/_local_setup_util_sh.py'
[2.885s] INFO:colcon.colcon_core.shell:Creating prefix chain script '/home/vkj/ros2_ws/install/setup.sh'
[2.887s] INFO:colcon.colcon_core.shell:Creating prefix script '/home/vkj/ros2_ws/install/local_setup.bash'
[2.889s] INFO:colcon.colcon_core.shell:Creating prefix chain script '/home/vkj/ros2_ws/install/setup.bash'
[2.891s] INFO:colcon.colcon_core.shell:Creating prefix script '/home/vkj/ros2_ws/install/local_setup.zsh'
[2.894s] INFO:colcon.colcon_core.shell:Creating prefix chain script '/home/vkj/ros2_ws/install/setup.zsh'
