[0.731s] DEBUG:colcon:Command line arguments: ['/usr/bin/colcon', 'build', '--packages-select', 'custom_interfaces']
[0.731s] DEBUG:colcon:Parsed command line arguments: Namespace(log_base=None, log_level=None, verb_name='build', build_base='build', install_base='install', merge_install=False, symlink_install=False, test_result_base=None, continue_on_error=False, executor='parallel', parallel_workers=4, event_handlers=None, ignore_user_meta=False, metas=['./colcon.meta'], base_paths=['.'], packages_ignore=None, packages_ignore_regex=None, paths=None, packages_up_to=None, packages_up_to_regex=None, packages_above=None, packages_above_and_dependencies=None, packages_above_depth=None, packages_select_by_dep=None, packages_skip_by_dep=None, packages_skip_up_to=None, packages_select_build_failed=False, packages_skip_build_finished=False, packages_select_test_failures=False, packages_skip_test_passed=False, packages_select=['custom_interfaces'], packages_skip=None, packages_select_regex=None, packages_skip_regex=None, packages_start=None, packages_end=None, allow_overriding=[], cmake_args=None, cmake_target=None, cmake_target_skip_unavailable=False, cmake_clean_cache=False, cmake_clean_first=False, cmake_force_configure=False, ament_cmake_args=None, catkin_cmake_args=None, catkin_skip_building_tests=False, mixin_files=None, mixin=None, verb_parser=<colcon_mixin.mixin.mixin_argument.MixinArgumentDecorator object at 0x7dc2fb1dad70>, verb_extension=<colcon_core.verb.build.BuildVerb object at 0x7dc2fb33f400>, main=<bound method BuildVerb.main of <colcon_core.verb.build.BuildVerb object at 0x7dc2fb33f400>>, mixin_verb=('build',))
[1.178s] Level 1:colcon.colcon_core.package_discovery:discover_packages(colcon_meta) check parameters
[1.179s] Level 1:colcon.colcon_core.package_discovery:discover_packages(recursive) check parameters
[1.179s] Level 1:colcon.colcon_core.package_discovery:discover_packages(ignore) check parameters
[1.179s] Level 1:colcon.colcon_core.package_discovery:discover_packages(path) check parameters
[1.179s] Level 1:colcon.colcon_core.package_discovery:discover_packages(colcon_meta) discover
[1.179s] Level 1:colcon.colcon_core.package_discovery:discover_packages(recursive) discover
[1.179s] INFO:colcon.colcon_core.package_discovery:Crawling recursively for packages in '/home/vkj/ros2_ws'
[1.179s] Level 1:colcon.colcon_core.package_identification:_identify(.) by extensions ['ignore', 'ignore_ament_install']
[1.179s] Level 1:colcon.colcon_core.package_identification:_identify(.) by extension 'ignore'
[1.179s] Level 1:colcon.colcon_core.package_identification:_identify(.) by extension 'ignore_ament_install'
[1.179s] Level 1:colcon.colcon_core.package_identification:_identify(.) by extensions ['colcon_pkg']
[1.180s] Level 1:colcon.colcon_core.package_identification:_identify(.) by extension 'colcon_pkg'
[1.180s] Level 1:colcon.colcon_core.package_identification:_identify(.) by extensions ['colcon_meta']
[1.180s] Level 1:colcon.colcon_core.package_identification:_identify(.) by extension 'colcon_meta'
[1.180s] Level 1:colcon.colcon_core.package_identification:_identify(.) by extensions ['ros']
[1.180s] Level 1:colcon.colcon_core.package_identification:_identify(.) by extension 'ros'
[1.201s] Level 1:colcon.colcon_core.package_identification:_identify(.) by extensions ['cmake', 'python']
[1.201s] Level 1:colcon.colcon_core.package_identification:_identify(.) by extension 'cmake'
[1.201s] Level 1:colcon.colcon_core.package_identification:_identify(.) by extension 'python'
[1.201s] Level 1:colcon.colcon_core.package_identification:_identify(.) by extensions ['python_setup_py']
[1.201s] Level 1:colcon.colcon_core.package_identification:_identify(.) by extension 'python_setup_py'
[1.202s] Level 1:colcon.colcon_core.package_identification:_identify(build) by extensions ['ignore', 'ignore_ament_install']
[1.202s] Level 1:colcon.colcon_core.package_identification:_identify(build) by extension 'ignore'
[1.202s] Level 1:colcon.colcon_core.package_identification:_identify(build) ignored
[1.202s] Level 1:colcon.colcon_core.package_identification:_identify(install) by extensions ['ignore', 'ignore_ament_install']
[1.202s] Level 1:colcon.colcon_core.package_identification:_identify(install) by extension 'ignore'
[1.202s] Level 1:colcon.colcon_core.package_identification:_identify(install) ignored
[1.203s] Level 1:colcon.colcon_core.package_identification:_identify(log) by extensions ['ignore', 'ignore_ament_install']
[1.203s] Level 1:colcon.colcon_core.package_identification:_identify(log) by extension 'ignore'
[1.203s] Level 1:colcon.colcon_core.package_identification:_identify(log) ignored
[1.203s] Level 1:colcon.colcon_core.package_identification:_identify(src) by extensions ['ignore', 'ignore_ament_install']
[1.203s] Level 1:colcon.colcon_core.package_identification:_identify(src) by extension 'ignore'
[1.203s] Level 1:colcon.colcon_core.package_identification:_identify(src) by extension 'ignore_ament_install'
[1.203s] Level 1:colcon.colcon_core.package_identification:_identify(src) by extensions ['colcon_pkg']
[1.203s] Level 1:colcon.colcon_core.package_identification:_identify(src) by extension 'colcon_pkg'
[1.203s] Level 1:colcon.colcon_core.package_identification:_identify(src) by extensions ['colcon_meta']
[1.204s] Level 1:colcon.colcon_core.package_identification:_identify(src) by extension 'colcon_meta'
[1.204s] Level 1:colcon.colcon_core.package_identification:_identify(src) by extensions ['ros']
[1.204s] Level 1:colcon.colcon_core.package_identification:_identify(src) by extension 'ros'
[1.204s] Level 1:colcon.colcon_core.package_identification:_identify(src) by extensions ['cmake', 'python']
[1.204s] Level 1:colcon.colcon_core.package_identification:_identify(src) by extension 'cmake'
[1.204s] Level 1:colcon.colcon_core.package_identification:_identify(src) by extension 'python'
[1.204s] Level 1:colcon.colcon_core.package_identification:_identify(src) by extensions ['python_setup_py']
[1.204s] Level 1:colcon.colcon_core.package_identification:_identify(src) by extension 'python_setup_py'
[1.204s] Level 1:colcon.colcon_core.package_identification:_identify(src/cli) by extensions ['ignore', 'ignore_ament_install']
[1.204s] Level 1:colcon.colcon_core.package_identification:_identify(src/cli) by extension 'ignore'
[1.205s] Level 1:colcon.colcon_core.package_identification:_identify(src/cli) by extension 'ignore_ament_install'
[1.205s] Level 1:colcon.colcon_core.package_identification:_identify(src/cli) by extensions ['colcon_pkg']
[1.205s] Level 1:colcon.colcon_core.package_identification:_identify(src/cli) by extension 'colcon_pkg'
[1.205s] Level 1:colcon.colcon_core.package_identification:_identify(src/cli) by extensions ['colcon_meta']
[1.205s] Level 1:colcon.colcon_core.package_identification:_identify(src/cli) by extension 'colcon_meta'
[1.205s] Level 1:colcon.colcon_core.package_identification:_identify(src/cli) by extensions ['ros']
[1.205s] Level 1:colcon.colcon_core.package_identification:_identify(src/cli) by extension 'ros'
[1.205s] Level 1:colcon.colcon_core.package_identification:_identify(src/cli) by extensions ['cmake', 'python']
[1.205s] Level 1:colcon.colcon_core.package_identification:_identify(src/cli) by extension 'cmake'
[1.205s] Level 1:colcon.colcon_core.package_identification:_identify(src/cli) by extension 'python'
[1.205s] Level 1:colcon.colcon_core.package_identification:_identify(src/cli) by extensions ['python_setup_py']
[1.205s] Level 1:colcon.colcon_core.package_identification:_identify(src/cli) by extension 'python_setup_py'
[1.206s] Level 1:colcon.colcon_core.package_identification:_identify(src/custom_interfaces) by extensions ['ignore', 'ignore_ament_install']
[1.206s] Level 1:colcon.colcon_core.package_identification:_identify(src/custom_interfaces) by extension 'ignore'
[1.206s] Level 1:colcon.colcon_core.package_identification:_identify(src/custom_interfaces) by extension 'ignore_ament_install'
[1.206s] Level 1:colcon.colcon_core.package_identification:_identify(src/custom_interfaces) by extensions ['colcon_pkg']
[1.206s] Level 1:colcon.colcon_core.package_identification:_identify(src/custom_interfaces) by extension 'colcon_pkg'
[1.206s] Level 1:colcon.colcon_core.package_identification:_identify(src/custom_interfaces) by extensions ['colcon_meta']
[1.206s] Level 1:colcon.colcon_core.package_identification:_identify(src/custom_interfaces) by extension 'colcon_meta'
[1.206s] Level 1:colcon.colcon_core.package_identification:_identify(src/custom_interfaces) by extensions ['ros']
[1.206s] Level 1:colcon.colcon_core.package_identification:_identify(src/custom_interfaces) by extension 'ros'
[1.264s] DEBUG:colcon.colcon_core.package_identification:Package 'src/custom_interfaces' with type 'ros.ament_cmake' and name 'custom_interfaces'
[1.265s] Level 1:colcon.colcon_core.package_identification:_identify(src/dc_motor_control) by extensions ['ignore', 'ignore_ament_install']
[1.265s] Level 1:colcon.colcon_core.package_identification:_identify(src/dc_motor_control) by extension 'ignore'
[1.265s] Level 1:colcon.colcon_core.package_identification:_identify(src/dc_motor_control) by extension 'ignore_ament_install'
[1.265s] Level 1:colcon.colcon_core.package_identification:_identify(src/dc_motor_control) by extensions ['colcon_pkg']
[1.265s] Level 1:colcon.colcon_core.package_identification:_identify(src/dc_motor_control) by extension 'colcon_pkg'
[1.265s] Level 1:colcon.colcon_core.package_identification:_identify(src/dc_motor_control) by extensions ['colcon_meta']
[1.265s] Level 1:colcon.colcon_core.package_identification:_identify(src/dc_motor_control) by extension 'colcon_meta'
[1.266s] Level 1:colcon.colcon_core.package_identification:_identify(src/dc_motor_control) by extensions ['ros']
[1.266s] Level 1:colcon.colcon_core.package_identification:_identify(src/dc_motor_control) by extension 'ros'
[1.294s] DEBUG:colcon.colcon_core.package_identification:Package 'src/dc_motor_control' with type 'ros.ament_python' and name 'dc_motor_control'
[1.294s] Level 1:colcon.colcon_core.package_identification:_identify(src/test_action) by extensions ['ignore', 'ignore_ament_install']
[1.295s] Level 1:colcon.colcon_core.package_identification:_identify(src/test_action) by extension 'ignore'
[1.295s] Level 1:colcon.colcon_core.package_identification:_identify(src/test_action) by extension 'ignore_ament_install'
[1.295s] Level 1:colcon.colcon_core.package_identification:_identify(src/test_action) by extensions ['colcon_pkg']
[1.295s] Level 1:colcon.colcon_core.package_identification:_identify(src/test_action) by extension 'colcon_pkg'
[1.295s] Level 1:colcon.colcon_core.package_identification:_identify(src/test_action) by extensions ['colcon_meta']
[1.295s] Level 1:colcon.colcon_core.package_identification:_identify(src/test_action) by extension 'colcon_meta'
[1.295s] Level 1:colcon.colcon_core.package_identification:_identify(src/test_action) by extensions ['ros']
[1.295s] Level 1:colcon.colcon_core.package_identification:_identify(src/test_action) by extension 'ros'
[1.297s] DEBUG:colcon.colcon_core.package_identification:Package 'src/test_action' with type 'ros.ament_python' and name 'test_action'
[1.297s] Level 1:colcon.colcon_core.package_identification:_identify(src/test_interfaces) by extensions ['ignore', 'ignore_ament_install']
[1.297s] Level 1:colcon.colcon_core.package_identification:_identify(src/test_interfaces) by extension 'ignore'
[1.298s] Level 1:colcon.colcon_core.package_identification:_identify(src/test_interfaces) by extension 'ignore_ament_install'
[1.298s] Level 1:colcon.colcon_core.package_identification:_identify(src/test_interfaces) by extensions ['colcon_pkg']
[1.298s] Level 1:colcon.colcon_core.package_identification:_identify(src/test_interfaces) by extension 'colcon_pkg'
[1.298s] Level 1:colcon.colcon_core.package_identification:_identify(src/test_interfaces) by extensions ['colcon_meta']
[1.298s] Level 1:colcon.colcon_core.package_identification:_identify(src/test_interfaces) by extension 'colcon_meta'
[1.298s] Level 1:colcon.colcon_core.package_identification:_identify(src/test_interfaces) by extensions ['ros']
[1.298s] Level 1:colcon.colcon_core.package_identification:_identify(src/test_interfaces) by extension 'ros'
[1.300s] DEBUG:colcon.colcon_core.package_identification:Package 'src/test_interfaces' with type 'ros.ament_python' and name 'test_interfaces'
[1.301s] Level 1:colcon.colcon_core.package_identification:_identify(src/test_param) by extensions ['ignore', 'ignore_ament_install']
[1.301s] Level 1:colcon.colcon_core.package_identification:_identify(src/test_param) by extension 'ignore'
[1.301s] Level 1:colcon.colcon_core.package_identification:_identify(src/test_param) by extension 'ignore_ament_install'
[1.301s] Level 1:colcon.colcon_core.package_identification:_identify(src/test_param) by extensions ['colcon_pkg']
[1.301s] Level 1:colcon.colcon_core.package_identification:_identify(src/test_param) by extension 'colcon_pkg'
[1.302s] Level 1:colcon.colcon_core.package_identification:_identify(src/test_param) by extensions ['colcon_meta']
[1.302s] Level 1:colcon.colcon_core.package_identification:_identify(src/test_param) by extension 'colcon_meta'
[1.302s] Level 1:colcon.colcon_core.package_identification:_identify(src/test_param) by extensions ['ros']
[1.302s] Level 1:colcon.colcon_core.package_identification:_identify(src/test_param) by extension 'ros'
[1.314s] DEBUG:colcon.colcon_core.package_identification:Package 'src/test_param' with type 'ros.ament_python' and name 'test_param'
[1.314s] Level 1:colcon.colcon_core.package_identification:_identify(src/test_service) by extensions ['ignore', 'ignore_ament_install']
[1.314s] Level 1:colcon.colcon_core.package_identification:_identify(src/test_service) by extension 'ignore'
[1.315s] Level 1:colcon.colcon_core.package_identification:_identify(src/test_service) by extension 'ignore_ament_install'
[1.315s] Level 1:colcon.colcon_core.package_identification:_identify(src/test_service) by extensions ['colcon_pkg']
[1.315s] Level 1:colcon.colcon_core.package_identification:_identify(src/test_service) by extension 'colcon_pkg'
[1.315s] Level 1:colcon.colcon_core.package_identification:_identify(src/test_service) by extensions ['colcon_meta']
[1.315s] Level 1:colcon.colcon_core.package_identification:_identify(src/test_service) by extension 'colcon_meta'
[1.315s] Level 1:colcon.colcon_core.package_identification:_identify(src/test_service) by extensions ['ros']
[1.315s] Level 1:colcon.colcon_core.package_identification:_identify(src/test_service) by extension 'ros'
[1.317s] DEBUG:colcon.colcon_core.package_identification:Package 'src/test_service' with type 'ros.ament_python' and name 'test_service'
[1.318s] Level 1:colcon.colcon_core.package_identification:_identify(src/test_topic) by extensions ['ignore', 'ignore_ament_install']
[1.318s] Level 1:colcon.colcon_core.package_identification:_identify(src/test_topic) by extension 'ignore'
[1.318s] Level 1:colcon.colcon_core.package_identification:_identify(src/test_topic) by extension 'ignore_ament_install'
[1.318s] Level 1:colcon.colcon_core.package_identification:_identify(src/test_topic) by extensions ['colcon_pkg']
[1.319s] Level 1:colcon.colcon_core.package_identification:_identify(src/test_topic) by extension 'colcon_pkg'
[1.319s] Level 1:colcon.colcon_core.package_identification:_identify(src/test_topic) by extensions ['colcon_meta']
[1.319s] Level 1:colcon.colcon_core.package_identification:_identify(src/test_topic) by extension 'colcon_meta'
[1.319s] Level 1:colcon.colcon_core.package_identification:_identify(src/test_topic) by extensions ['ros']
[1.319s] Level 1:colcon.colcon_core.package_identification:_identify(src/test_topic) by extension 'ros'
[1.321s] DEBUG:colcon.colcon_core.package_identification:Package 'src/test_topic' with type 'ros.ament_python' and name 'test_topic'
[1.322s] Level 1:colcon.colcon_core.package_identification:_identify(src/test_turtle) by extensions ['ignore', 'ignore_ament_install']
[1.322s] Level 1:colcon.colcon_core.package_identification:_identify(src/test_turtle) by extension 'ignore'
[1.322s] Level 1:colcon.colcon_core.package_identification:_identify(src/test_turtle) by extension 'ignore_ament_install'
[1.322s] Level 1:colcon.colcon_core.package_identification:_identify(src/test_turtle) by extensions ['colcon_pkg']
[1.322s] Level 1:colcon.colcon_core.package_identification:_identify(src/test_turtle) by extension 'colcon_pkg'
[1.323s] Level 1:colcon.colcon_core.package_identification:_identify(src/test_turtle) by extensions ['colcon_meta']
[1.323s] Level 1:colcon.colcon_core.package_identification:_identify(src/test_turtle) by extension 'colcon_meta'
[1.323s] Level 1:colcon.colcon_core.package_identification:_identify(src/test_turtle) by extensions ['ros']
[1.323s] Level 1:colcon.colcon_core.package_identification:_identify(src/test_turtle) by extension 'ros'
[1.325s] DEBUG:colcon.colcon_core.package_identification:Package 'src/test_turtle' with type 'ros.ament_python' and name 'test_turtle'
[1.326s] Level 1:colcon.colcon_core.package_discovery:discover_packages(recursive) using defaults
[1.326s] Level 1:colcon.colcon_core.package_discovery:discover_packages(ignore) discover
[1.326s] Level 1:colcon.colcon_core.package_discovery:discover_packages(ignore) using defaults
[1.326s] Level 1:colcon.colcon_core.package_discovery:discover_packages(path) discover
[1.326s] Level 1:colcon.colcon_core.package_discovery:discover_packages(path) using defaults
[1.574s] INFO:colcon.colcon_core.package_selection:Skipping not selected package 'dc_motor_control' in 'src/dc_motor_control'
[1.574s] INFO:colcon.colcon_core.package_selection:Skipping not selected package 'test_param' in 'src/test_param'
[1.575s] INFO:colcon.colcon_core.package_selection:Skipping not selected package 'test_service' in 'src/test_service'
[1.575s] INFO:colcon.colcon_core.package_selection:Skipping not selected package 'test_topic' in 'src/test_topic'
[1.575s] INFO:colcon.colcon_core.package_selection:Skipping not selected package 'test_turtle' in 'src/test_turtle'
[1.575s] INFO:colcon.colcon_core.package_selection:Skipping not selected package 'test_action' in 'src/test_action'
[1.575s] INFO:colcon.colcon_core.package_selection:Skipping not selected package 'test_interfaces' in 'src/test_interfaces'
[1.586s] Level 1:colcon.colcon_core.package_discovery:discover_packages(prefix_path) check parameters
[1.586s] Level 1:colcon.colcon_core.package_discovery:discover_packages(prefix_path) discover
[1.608s] WARNING:colcon.colcon_core.prefix_path.colcon:The path '/home/vkj/ros2_ws/src/test_action/test_action/install' in the environment variable COLCON_PREFIX_PATH doesn't exist
[1.620s] DEBUG:colcon.colcon_installed_package_information.package_discovery:Found 2 installed packages in /home/vkj/ros2_ws/install
[1.626s] DEBUG:colcon.colcon_installed_package_information.package_discovery:Found 294 installed packages in /opt/ros/humble
[1.635s] Level 1:colcon.colcon_core.package_discovery:discover_packages(prefix_path) using defaults
[1.789s] Level 5:colcon.colcon_core.verb:set package 'custom_interfaces' build argument 'cmake_args' from command line to 'None'
[1.789s] Level 5:colcon.colcon_core.verb:set package 'custom_interfaces' build argument 'cmake_target' from command line to 'None'
[1.789s] Level 5:colcon.colcon_core.verb:set package 'custom_interfaces' build argument 'cmake_target_skip_unavailable' from command line to 'False'
[1.789s] Level 5:colcon.colcon_core.verb:set package 'custom_interfaces' build argument 'cmake_clean_cache' from command line to 'False'
[1.789s] Level 5:colcon.colcon_core.verb:set package 'custom_interfaces' build argument 'cmake_clean_first' from command line to 'False'
[1.789s] Level 5:colcon.colcon_core.verb:set package 'custom_interfaces' build argument 'cmake_force_configure' from command line to 'False'
[1.789s] Level 5:colcon.colcon_core.verb:set package 'custom_interfaces' build argument 'ament_cmake_args' from command line to 'None'
[1.789s] Level 5:colcon.colcon_core.verb:set package 'custom_interfaces' build argument 'catkin_cmake_args' from command line to 'None'
[1.789s] Level 5:colcon.colcon_core.verb:set package 'custom_interfaces' build argument 'catkin_skip_building_tests' from command line to 'False'
[1.789s] DEBUG:colcon.colcon_core.verb:Building package 'custom_interfaces' with the following arguments: {'ament_cmake_args': None, 'build_base': '/home/vkj/ros2_ws/build/custom_interfaces', 'catkin_cmake_args': None, 'catkin_skip_building_tests': False, 'cmake_args': None, 'cmake_clean_cache': False, 'cmake_clean_first': False, 'cmake_force_configure': False, 'cmake_target': None, 'cmake_target_skip_unavailable': False, 'install_base': '/home/vkj/ros2_ws/install/custom_interfaces', 'merge_install': False, 'path': '/home/vkj/ros2_ws/src/custom_interfaces', 'symlink_install': False, 'test_result_base': None}
[1.790s] INFO:colcon.colcon_core.executor:Executing jobs using 'parallel' executor
[1.791s] DEBUG:colcon.colcon_parallel_executor.executor.parallel:run_until_complete
[1.792s] INFO:colcon.colcon_ros.task.ament_cmake.build:Building ROS package in '/home/vkj/ros2_ws/src/custom_interfaces' with build type 'ament_cmake'
[1.792s] INFO:colcon.colcon_cmake.task.cmake.build:Building CMake package in '/home/vkj/ros2_ws/src/custom_interfaces'
[1.819s] INFO:colcon.colcon_core.plugin_system:Skipping extension 'colcon_core.shell.bat': Not used on non-Windows systems
[1.820s] INFO:colcon.colcon_core.shell:Skip shell extension 'powershell' for command environment: Not usable outside of PowerShell
[1.820s] DEBUG:colcon.colcon_core.shell:Skip shell extension 'dsv' for command environment
[1.839s] DEBUG:colcon.colcon_core.event_handler.log_command:Invoking command in '/home/vkj/ros2_ws/build/custom_interfaces': CMAKE_PREFIX_PATH=${CMAKE_PREFIX_PATH}:/home/vkj/ros2_ws/install/test_turtle:/opt/ros/humble /usr/bin/cmake --build /home/vkj/ros2_ws/build/custom_interfaces -- -j4 -l4
[20.441s] DEBUG:colcon.colcon_core.event_handler.log_command:Invoked command in '/home/vkj/ros2_ws/build/custom_interfaces' returned '0': CMAKE_PREFIX_PATH=${CMAKE_PREFIX_PATH}:/home/vkj/ros2_ws/install/test_turtle:/opt/ros/humble /usr/bin/cmake --build /home/vkj/ros2_ws/build/custom_interfaces -- -j4 -l4
[20.686s] DEBUG:colcon.colcon_core.event_handler.log_command:Invoking command in '/home/vkj/ros2_ws/build/custom_interfaces': CMAKE_PREFIX_PATH=${CMAKE_PREFIX_PATH}:/home/vkj/ros2_ws/install/test_turtle:/opt/ros/humble /usr/bin/cmake --install /home/vkj/ros2_ws/build/custom_interfaces
[20.862s] Level 1:colcon.colcon_core.environment:create_environment_scripts_only(custom_interfaces)
[20.863s] DEBUG:colcon.colcon_core.event_handler.log_command:Invoked command in '/home/vkj/ros2_ws/build/custom_interfaces' returned '0': CMAKE_PREFIX_PATH=${CMAKE_PREFIX_PATH}:/home/vkj/ros2_ws/install/test_turtle:/opt/ros/humble /usr/bin/cmake --install /home/vkj/ros2_ws/build/custom_interfaces
[20.867s] Level 1:colcon.colcon_core.environment:checking '/home/vkj/ros2_ws/install/custom_interfaces' for CMake module files
[20.868s] Level 1:colcon.colcon_core.environment:checking '/home/vkj/ros2_ws/install/custom_interfaces' for CMake config files
[20.869s] Level 1:colcon.colcon_core.shell:create_environment_hook('custom_interfaces', 'cmake_prefix_path')
[20.869s] INFO:colcon.colcon_core.shell:Creating environment hook '/home/vkj/ros2_ws/install/custom_interfaces/share/custom_interfaces/hook/cmake_prefix_path.ps1'
[20.872s] INFO:colcon.colcon_core.shell:Creating environment descriptor '/home/vkj/ros2_ws/install/custom_interfaces/share/custom_interfaces/hook/cmake_prefix_path.dsv'
[20.873s] INFO:colcon.colcon_core.shell:Creating environment hook '/home/vkj/ros2_ws/install/custom_interfaces/share/custom_interfaces/hook/cmake_prefix_path.sh'
[20.874s] Level 1:colcon.colcon_core.environment:checking '/home/vkj/ros2_ws/install/custom_interfaces/lib'
[20.875s] Level 1:colcon.colcon_core.shell:create_environment_hook('custom_interfaces', 'ld_library_path_lib')
[20.875s] INFO:colcon.colcon_core.shell:Creating environment hook '/home/vkj/ros2_ws/install/custom_interfaces/share/custom_interfaces/hook/ld_library_path_lib.ps1'
[20.876s] INFO:colcon.colcon_core.shell:Creating environment descriptor '/home/vkj/ros2_ws/install/custom_interfaces/share/custom_interfaces/hook/ld_library_path_lib.dsv'
[20.876s] INFO:colcon.colcon_core.shell:Creating environment hook '/home/vkj/ros2_ws/install/custom_interfaces/share/custom_interfaces/hook/ld_library_path_lib.sh'
[20.877s] Level 1:colcon.colcon_core.environment:checking '/home/vkj/ros2_ws/install/custom_interfaces/bin'
[20.877s] Level 1:colcon.colcon_core.environment:checking '/home/vkj/ros2_ws/install/custom_interfaces/lib/pkgconfig/custom_interfaces.pc'
[20.878s] Level 1:colcon.colcon_core.environment:checking '/home/vkj/ros2_ws/install/custom_interfaces/lib/python3.10/site-packages'
[20.878s] Level 1:colcon.colcon_core.environment:checking '/home/vkj/ros2_ws/install/custom_interfaces/bin'
[20.879s] INFO:colcon.colcon_core.shell:Creating package script '/home/vkj/ros2_ws/install/custom_interfaces/share/custom_interfaces/package.ps1'
[20.880s] INFO:colcon.colcon_core.shell:Creating package descriptor '/home/vkj/ros2_ws/install/custom_interfaces/share/custom_interfaces/package.dsv'
[20.881s] INFO:colcon.colcon_core.shell:Creating package script '/home/vkj/ros2_ws/install/custom_interfaces/share/custom_interfaces/package.sh'
[20.883s] INFO:colcon.colcon_core.shell:Creating package script '/home/vkj/ros2_ws/install/custom_interfaces/share/custom_interfaces/package.bash'
[20.884s] INFO:colcon.colcon_core.shell:Creating package script '/home/vkj/ros2_ws/install/custom_interfaces/share/custom_interfaces/package.zsh'
[20.885s] Level 1:colcon.colcon_core.environment:create_file_with_runtime_dependencies(/home/vkj/ros2_ws/install/custom_interfaces/share/colcon-core/packages/custom_interfaces)
[21.123s] Level 1:colcon.colcon_core.environment:create_environment_scripts_only(custom_interfaces)
[21.123s] Level 1:colcon.colcon_core.environment:checking '/home/vkj/ros2_ws/install/custom_interfaces' for CMake module files
[21.125s] Level 1:colcon.colcon_core.environment:checking '/home/vkj/ros2_ws/install/custom_interfaces' for CMake config files
[21.125s] Level 1:colcon.colcon_core.shell:create_environment_hook('custom_interfaces', 'cmake_prefix_path')
[21.126s] INFO:colcon.colcon_core.shell:Creating environment hook '/home/vkj/ros2_ws/install/custom_interfaces/share/custom_interfaces/hook/cmake_prefix_path.ps1'
[21.127s] INFO:colcon.colcon_core.shell:Creating environment descriptor '/home/vkj/ros2_ws/install/custom_interfaces/share/custom_interfaces/hook/cmake_prefix_path.dsv'
[21.128s] INFO:colcon.colcon_core.shell:Creating environment hook '/home/vkj/ros2_ws/install/custom_interfaces/share/custom_interfaces/hook/cmake_prefix_path.sh'
[21.129s] Level 1:colcon.colcon_core.environment:checking '/home/vkj/ros2_ws/install/custom_interfaces/lib'
[21.129s] Level 1:colcon.colcon_core.shell:create_environment_hook('custom_interfaces', 'ld_library_path_lib')
[21.130s] INFO:colcon.colcon_core.shell:Creating environment hook '/home/vkj/ros2_ws/install/custom_interfaces/share/custom_interfaces/hook/ld_library_path_lib.ps1'
[21.131s] INFO:colcon.colcon_core.shell:Creating environment descriptor '/home/vkj/ros2_ws/install/custom_interfaces/share/custom_interfaces/hook/ld_library_path_lib.dsv'
[21.132s] INFO:colcon.colcon_core.shell:Creating environment hook '/home/vkj/ros2_ws/install/custom_interfaces/share/custom_interfaces/hook/ld_library_path_lib.sh'
[21.132s] Level 1:colcon.colcon_core.environment:checking '/home/vkj/ros2_ws/install/custom_interfaces/bin'
[21.133s] Level 1:colcon.colcon_core.environment:checking '/home/vkj/ros2_ws/install/custom_interfaces/lib/pkgconfig/custom_interfaces.pc'
[21.133s] Level 1:colcon.colcon_core.environment:checking '/home/vkj/ros2_ws/install/custom_interfaces/lib/python3.10/site-packages'
[21.134s] Level 1:colcon.colcon_core.environment:checking '/home/vkj/ros2_ws/install/custom_interfaces/bin'
[21.134s] INFO:colcon.colcon_core.shell:Creating package script '/home/vkj/ros2_ws/install/custom_interfaces/share/custom_interfaces/package.ps1'
[21.136s] INFO:colcon.colcon_core.shell:Creating package descriptor '/home/vkj/ros2_ws/install/custom_interfaces/share/custom_interfaces/package.dsv'
[21.137s] INFO:colcon.colcon_core.shell:Creating package script '/home/vkj/ros2_ws/install/custom_interfaces/share/custom_interfaces/package.sh'
[21.138s] INFO:colcon.colcon_core.shell:Creating package script '/home/vkj/ros2_ws/install/custom_interfaces/share/custom_interfaces/package.bash'
[21.139s] INFO:colcon.colcon_core.shell:Creating package script '/home/vkj/ros2_ws/install/custom_interfaces/share/custom_interfaces/package.zsh'
[21.140s] Level 1:colcon.colcon_core.environment:create_file_with_runtime_dependencies(/home/vkj/ros2_ws/install/custom_interfaces/share/colcon-core/packages/custom_interfaces)
[21.141s] DEBUG:colcon.colcon_parallel_executor.executor.parallel:closing loop
[21.142s] DEBUG:colcon.colcon_parallel_executor.executor.parallel:loop closed
[21.142s] DEBUG:colcon.colcon_parallel_executor.executor.parallel:run_until_complete finished with '0'
[21.142s] DEBUG:colcon.colcon_core.event_reactor:joining thread
[21.155s] INFO:colcon.colcon_core.plugin_system:Skipping extension 'colcon_notification.desktop_notification.terminal_notifier': Not used on non-Darwin systems
[21.155s] INFO:colcon.colcon_core.plugin_system:Skipping extension 'colcon_notification.desktop_notification.win32': Not used on non-Windows systems
[21.156s] INFO:colcon.colcon_notification.desktop_notification:Sending desktop notification using 'notify2'
[21.215s] DEBUG:colcon.colcon_core.event_reactor:joined thread
[21.216s] INFO:colcon.colcon_core.shell:Creating prefix script '/home/vkj/ros2_ws/install/local_setup.ps1'
[21.221s] INFO:colcon.colcon_core.shell:Creating prefix util module '/home/vkj/ros2_ws/install/_local_setup_util_ps1.py'
[21.227s] INFO:colcon.colcon_core.shell:Creating prefix chain script '/home/vkj/ros2_ws/install/setup.ps1'
[21.231s] INFO:colcon.colcon_core.shell:Creating prefix script '/home/vkj/ros2_ws/install/local_setup.sh'
[21.234s] INFO:colcon.colcon_core.shell:Creating prefix util module '/home/vkj/ros2_ws/install/_local_setup_util_sh.py'
[21.236s] INFO:colcon.colcon_core.shell:Creating prefix chain script '/home/vkj/ros2_ws/install/setup.sh'
[21.241s] INFO:colcon.colcon_core.shell:Creating prefix script '/home/vkj/ros2_ws/install/local_setup.bash'
[21.243s] INFO:colcon.colcon_core.shell:Creating prefix chain script '/home/vkj/ros2_ws/install/setup.bash'
[21.247s] INFO:colcon.colcon_core.shell:Creating prefix script '/home/vkj/ros2_ws/install/local_setup.zsh'
[21.249s] INFO:colcon.colcon_core.shell:Creating prefix chain script '/home/vkj/ros2_ws/install/setup.zsh'
