[0.163s] Invoking command in '/home/vkj/ros2_ws/build/custom_interfaces': CMAKE_PREFIX_PATH=${CMAKE_PREFIX_PATH}:/home/vkj/ros2_ws/install/test_turtle:/home/vkj/ros2_ws/install/test_action:/opt/ros/humble /usr/bin/cmake --build /home/vkj/ros2_ws/build/custom_interfaces -- -j4 -l4
[1.393s] [  1%] Built target custom_interfaces__cpp
[1.540s] [35m[1mConsolidate compiler generated dependencies of target custom_interfaces__rosidl_generator_c[0m
[1.786s] [35m[1mConsolidate compiler generated dependencies of target custom_interfaces__rosidl_typesupport_cpp[0m
[1.981s] [35m[1mConsolidate compiler generated dependencies of target custom_interfaces__rosidl_typesupport_fastrtps_cpp[0m
[2.103s] [ 12%] Built target custom_interfaces__rosidl_generator_c
[2.235s] [ 12%] Built target ament_cmake_python_copy_custom_interfaces
[2.526s] [35m[1mConsolidate compiler generated dependencies of target custom_interfaces__rosidl_typesupport_introspection_cpp[0m
[2.531s] [ 34%] Built target custom_interfaces__rosidl_typesupport_fastrtps_cpp
[2.531s] [ 34%] Built target custom_interfaces__rosidl_typesupport_cpp
[2.548s] [35m[1mConsolidate compiler generated dependencies of target custom_interfaces__rosidl_typesupport_fastrtps_c[0m
[2.586s] [ 46%] Built target custom_interfaces__rosidl_typesupport_introspection_cpp
[2.605s] [ 57%] Built target custom_interfaces__rosidl_typesupport_fastrtps_c
[2.638s] [35m[1mConsolidate compiler generated dependencies of target custom_interfaces__rosidl_typesupport_introspection_c[0m
[2.639s] [35m[1mConsolidate compiler generated dependencies of target custom_interfaces__rosidl_typesupport_c[0m
[2.663s] [ 68%] Built target custom_interfaces__rosidl_typesupport_c
[2.670s] [ 79%] Built target custom_interfaces__rosidl_typesupport_introspection_c
[2.740s] [ 79%] Built target custom_interfaces
[2.796s] [ 80%] Built target custom_interfaces__py
[2.939s] [35m[1mConsolidate compiler generated dependencies of target custom_interfaces__rosidl_generator_py[0m
[3.117s] [ 90%] Built target custom_interfaces__rosidl_generator_py
[3.189s] [35m[1mConsolidate compiler generated dependencies of target custom_interfaces__rosidl_typesupport_fastrtps_c__pyext[0m
[3.189s] [35m[1mConsolidate compiler generated dependencies of target custom_interfaces__rosidl_typesupport_c__pyext[0m
[3.190s] [35m[1mConsolidate compiler generated dependencies of target custom_interfaces__rosidl_typesupport_introspection_c__pyext[0m
[3.220s] [ 93%] Built target custom_interfaces__rosidl_typesupport_c__pyext
[3.222s] [ 96%] Built target custom_interfaces__rosidl_typesupport_introspection_c__pyext
[3.223s] [100%] Built target custom_interfaces__rosidl_typesupport_fastrtps_c__pyext
[3.447s] running egg_info
[3.450s] writing custom_interfaces.egg-info/PKG-INFO
[3.450s] writing dependency_links to custom_interfaces.egg-info/dependency_links.txt
[3.451s] writing top-level names to custom_interfaces.egg-info/top_level.txt
[3.456s] reading manifest file 'custom_interfaces.egg-info/SOURCES.txt'
[3.467s] writing manifest file 'custom_interfaces.egg-info/SOURCES.txt'
[3.515s] [100%] Built target ament_cmake_python_build_custom_interfaces_egg
[3.536s] Invoked command in '/home/vkj/ros2_ws/build/custom_interfaces' returned '0': CMAKE_PREFIX_PATH=${CMAKE_PREFIX_PATH}:/home/vkj/ros2_ws/install/test_turtle:/home/vkj/ros2_ws/install/test_action:/opt/ros/humble /usr/bin/cmake --build /home/vkj/ros2_ws/build/custom_interfaces -- -j4 -l4
[3.779s] Invoking command in '/home/vkj/ros2_ws/build/custom_interfaces': CMAKE_PREFIX_PATH=${CMAKE_PREFIX_PATH}:/home/vkj/ros2_ws/install/test_turtle:/home/vkj/ros2_ws/install/test_action:/opt/ros/humble /usr/bin/cmake --install /home/vkj/ros2_ws/build/custom_interfaces
[3.813s] -- Install configuration: ""
[3.822s] -- Up-to-date: /home/vkj/ros2_ws/install/custom_interfaces/share/ament_index/resource_index/rosidl_interfaces/custom_interfaces
[3.822s] -- Up-to-date: /home/vkj/ros2_ws/install/custom_interfaces/include/custom_interfaces/custom_interfaces
[3.853s] -- Up-to-date: /home/vkj/ros2_ws/install/custom_interfaces/include/custom_interfaces/custom_interfaces/srv
[3.854s] -- Up-to-date: /home/vkj/ros2_ws/install/custom_interfaces/include/custom_interfaces/custom_interfaces/srv/add_three_ints.h
[3.854s] -- Up-to-date: /home/vkj/ros2_ws/install/custom_interfaces/include/custom_interfaces/custom_interfaces/srv/detail
[3.854s] -- Up-to-date: /home/vkj/ros2_ws/install/custom_interfaces/include/custom_interfaces/custom_interfaces/srv/detail/add_three_ints__functions.c
[3.854s] -- Up-to-date: /home/vkj/ros2_ws/install/custom_interfaces/include/custom_interfaces/custom_interfaces/srv/detail/add_three_ints__type_support.h
[3.855s] -- Up-to-date: /home/vkj/ros2_ws/install/custom_interfaces/include/custom_interfaces/custom_interfaces/srv/detail/add_three_ints__struct.h
[3.855s] -- Up-to-date: /home/vkj/ros2_ws/install/custom_interfaces/include/custom_interfaces/custom_interfaces/srv/detail/add_three_ints__functions.h
[3.855s] -- Up-to-date: /home/vkj/ros2_ws/install/custom_interfaces/include/custom_interfaces/custom_interfaces/action
[3.855s] -- Up-to-date: /home/vkj/ros2_ws/install/custom_interfaces/include/custom_interfaces/custom_interfaces/action/cruise_speed.h
[3.856s] -- Up-to-date: /home/vkj/ros2_ws/install/custom_interfaces/include/custom_interfaces/custom_interfaces/action/detail
[3.856s] -- Up-to-date: /home/vkj/ros2_ws/install/custom_interfaces/include/custom_interfaces/custom_interfaces/action/detail/cruise_speed__functions.h
[3.856s] -- Up-to-date: /home/vkj/ros2_ws/install/custom_interfaces/include/custom_interfaces/custom_interfaces/action/detail/cruise_speed__type_support.h
[3.856s] -- Up-to-date: /home/vkj/ros2_ws/install/custom_interfaces/include/custom_interfaces/custom_interfaces/action/detail/cruise_speed__functions.c
[3.856s] -- Up-to-date: /home/vkj/ros2_ws/install/custom_interfaces/include/custom_interfaces/custom_interfaces/action/detail/cruise_speed__struct.h
[3.856s] -- Up-to-date: /home/vkj/ros2_ws/install/custom_interfaces/include/custom_interfaces/custom_interfaces/msg
[3.856s] -- Up-to-date: /home/vkj/ros2_ws/install/custom_interfaces/include/custom_interfaces/custom_interfaces/msg/rosidl_generator_c__visibility_control.h
[3.856s] -- Up-to-date: /home/vkj/ros2_ws/install/custom_interfaces/include/custom_interfaces/custom_interfaces/msg/sphere.h
[3.856s] -- Up-to-date: /home/vkj/ros2_ws/install/custom_interfaces/include/custom_interfaces/custom_interfaces/msg/go_to_goal.h
[3.857s] -- Up-to-date: /home/vkj/ros2_ws/install/custom_interfaces/include/custom_interfaces/custom_interfaces/msg/num.h
[3.857s] -- Up-to-date: /home/vkj/ros2_ws/install/custom_interfaces/include/custom_interfaces/custom_interfaces/msg/detail
[3.857s] -- Up-to-date: /home/vkj/ros2_ws/install/custom_interfaces/include/custom_interfaces/custom_interfaces/msg/detail/sphere__struct.h
[3.857s] -- Up-to-date: /home/vkj/ros2_ws/install/custom_interfaces/include/custom_interfaces/custom_interfaces/msg/detail/go_to_goal__functions.h
[3.857s] -- Up-to-date: /home/vkj/ros2_ws/install/custom_interfaces/include/custom_interfaces/custom_interfaces/msg/detail/go_to_goal__struct.h
[3.857s] -- Up-to-date: /home/vkj/ros2_ws/install/custom_interfaces/include/custom_interfaces/custom_interfaces/msg/detail/num__functions.c
[3.857s] -- Up-to-date: /home/vkj/ros2_ws/install/custom_interfaces/include/custom_interfaces/custom_interfaces/msg/detail/sphere__type_support.h
[3.857s] -- Up-to-date: /home/vkj/ros2_ws/install/custom_interfaces/include/custom_interfaces/custom_interfaces/msg/detail/num__type_support.h
[3.857s] -- Up-to-date: /home/vkj/ros2_ws/install/custom_interfaces/include/custom_interfaces/custom_interfaces/msg/detail/sphere__functions.c
[3.857s] -- Up-to-date: /home/vkj/ros2_ws/install/custom_interfaces/include/custom_interfaces/custom_interfaces/msg/detail/num__struct.h
[3.858s] -- Up-to-date: /home/vkj/ros2_ws/install/custom_interfaces/include/custom_interfaces/custom_interfaces/msg/detail/num__functions.h
[3.858s] -- Up-to-date: /home/vkj/ros2_ws/install/custom_interfaces/include/custom_interfaces/custom_interfaces/msg/detail/sphere__functions.h
[3.858s] -- Up-to-date: /home/vkj/ros2_ws/install/custom_interfaces/include/custom_interfaces/custom_interfaces/msg/detail/go_to_goal__type_support.h
[3.858s] -- Up-to-date: /home/vkj/ros2_ws/install/custom_interfaces/include/custom_interfaces/custom_interfaces/msg/detail/go_to_goal__functions.c
[3.858s] -- Up-to-date: /home/vkj/ros2_ws/install/custom_interfaces/share/custom_interfaces/environment/library_path.sh
[3.858s] -- Up-to-date: /home/vkj/ros2_ws/install/custom_interfaces/share/custom_interfaces/environment/library_path.dsv
[3.888s] -- Up-to-date: /home/vkj/ros2_ws/install/custom_interfaces/lib/libcustom_interfaces__rosidl_generator_c.so
[3.888s] -- Up-to-date: /home/vkj/ros2_ws/install/custom_interfaces/include/custom_interfaces/custom_interfaces
[3.890s] -- Up-to-date: /home/vkj/ros2_ws/install/custom_interfaces/include/custom_interfaces/custom_interfaces/srv
[3.890s] -- Up-to-date: /home/vkj/ros2_ws/install/custom_interfaces/include/custom_interfaces/custom_interfaces/srv/detail
[3.891s] -- Up-to-date: /home/vkj/ros2_ws/install/custom_interfaces/include/custom_interfaces/custom_interfaces/srv/detail/add_three_ints__rosidl_typesupport_fastrtps_c.h
[3.891s] -- Up-to-date: /home/vkj/ros2_ws/install/custom_interfaces/include/custom_interfaces/custom_interfaces/action
[3.891s] -- Up-to-date: /home/vkj/ros2_ws/install/custom_interfaces/include/custom_interfaces/custom_interfaces/action/detail
[3.891s] -- Up-to-date: /home/vkj/ros2_ws/install/custom_interfaces/include/custom_interfaces/custom_interfaces/action/detail/cruise_speed__rosidl_typesupport_fastrtps_c.h
[3.891s] -- Up-to-date: /home/vkj/ros2_ws/install/custom_interfaces/include/custom_interfaces/custom_interfaces/msg
[3.892s] -- Up-to-date: /home/vkj/ros2_ws/install/custom_interfaces/include/custom_interfaces/custom_interfaces/msg/rosidl_typesupport_fastrtps_c__visibility_control.h
[3.892s] -- Up-to-date: /home/vkj/ros2_ws/install/custom_interfaces/include/custom_interfaces/custom_interfaces/msg/detail
[3.892s] -- Up-to-date: /home/vkj/ros2_ws/install/custom_interfaces/include/custom_interfaces/custom_interfaces/msg/detail/go_to_goal__rosidl_typesupport_fastrtps_c.h
[3.892s] -- Up-to-date: /home/vkj/ros2_ws/install/custom_interfaces/include/custom_interfaces/custom_interfaces/msg/detail/num__rosidl_typesupport_fastrtps_c.h
[3.892s] -- Up-to-date: /home/vkj/ros2_ws/install/custom_interfaces/include/custom_interfaces/custom_interfaces/msg/detail/sphere__rosidl_typesupport_fastrtps_c.h
[3.892s] -- Up-to-date: /home/vkj/ros2_ws/install/custom_interfaces/lib/libcustom_interfaces__rosidl_typesupport_fastrtps_c.so
[3.893s] -- Up-to-date: /home/vkj/ros2_ws/install/custom_interfaces/include/custom_interfaces/custom_interfaces
[3.893s] -- Up-to-date: /home/vkj/ros2_ws/install/custom_interfaces/include/custom_interfaces/custom_interfaces/srv
[3.893s] -- Up-to-date: /home/vkj/ros2_ws/install/custom_interfaces/include/custom_interfaces/custom_interfaces/srv/detail
[3.893s] -- Up-to-date: /home/vkj/ros2_ws/install/custom_interfaces/include/custom_interfaces/custom_interfaces/srv/detail/add_three_ints__type_support.c
[3.893s] -- Up-to-date: /home/vkj/ros2_ws/install/custom_interfaces/include/custom_interfaces/custom_interfaces/srv/detail/add_three_ints__rosidl_typesupport_introspection_c.h
[3.894s] -- Up-to-date: /home/vkj/ros2_ws/install/custom_interfaces/include/custom_interfaces/custom_interfaces/action
[3.894s] -- Up-to-date: /home/vkj/ros2_ws/install/custom_interfaces/include/custom_interfaces/custom_interfaces/action/detail
[3.894s] -- Up-to-date: /home/vkj/ros2_ws/install/custom_interfaces/include/custom_interfaces/custom_interfaces/action/detail/cruise_speed__type_support.c
[3.894s] -- Up-to-date: /home/vkj/ros2_ws/install/custom_interfaces/include/custom_interfaces/custom_interfaces/action/detail/cruise_speed__rosidl_typesupport_introspection_c.h
[3.894s] -- Up-to-date: /home/vkj/ros2_ws/install/custom_interfaces/include/custom_interfaces/custom_interfaces/msg
[3.895s] -- Up-to-date: /home/vkj/ros2_ws/install/custom_interfaces/include/custom_interfaces/custom_interfaces/msg/rosidl_typesupport_introspection_c__visibility_control.h
[3.895s] -- Up-to-date: /home/vkj/ros2_ws/install/custom_interfaces/include/custom_interfaces/custom_interfaces/msg/detail
[3.895s] -- Up-to-date: /home/vkj/ros2_ws/install/custom_interfaces/include/custom_interfaces/custom_interfaces/msg/detail/go_to_goal__type_support.c
[3.895s] -- Up-to-date: /home/vkj/ros2_ws/install/custom_interfaces/include/custom_interfaces/custom_interfaces/msg/detail/num__rosidl_typesupport_introspection_c.h
[3.895s] -- Up-to-date: /home/vkj/ros2_ws/install/custom_interfaces/include/custom_interfaces/custom_interfaces/msg/detail/sphere__rosidl_typesupport_introspection_c.h
[3.895s] -- Up-to-date: /home/vkj/ros2_ws/install/custom_interfaces/include/custom_interfaces/custom_interfaces/msg/detail/num__type_support.c
[3.895s] -- Up-to-date: /home/vkj/ros2_ws/install/custom_interfaces/include/custom_interfaces/custom_interfaces/msg/detail/sphere__type_support.c
[3.896s] -- Up-to-date: /home/vkj/ros2_ws/install/custom_interfaces/include/custom_interfaces/custom_interfaces/msg/detail/go_to_goal__rosidl_typesupport_introspection_c.h
[3.896s] -- Up-to-date: /home/vkj/ros2_ws/install/custom_interfaces/lib/libcustom_interfaces__rosidl_typesupport_introspection_c.so
[3.896s] -- Up-to-date: /home/vkj/ros2_ws/install/custom_interfaces/lib/libcustom_interfaces__rosidl_typesupport_c.so
[3.896s] -- Up-to-date: /home/vkj/ros2_ws/install/custom_interfaces/include/custom_interfaces/custom_interfaces
[3.896s] -- Up-to-date: /home/vkj/ros2_ws/install/custom_interfaces/include/custom_interfaces/custom_interfaces/srv
[3.897s] -- Up-to-date: /home/vkj/ros2_ws/install/custom_interfaces/include/custom_interfaces/custom_interfaces/srv/add_three_ints.hpp
[3.897s] -- Up-to-date: /home/vkj/ros2_ws/install/custom_interfaces/include/custom_interfaces/custom_interfaces/srv/detail
[3.897s] -- Up-to-date: /home/vkj/ros2_ws/install/custom_interfaces/include/custom_interfaces/custom_interfaces/srv/detail/add_three_ints__traits.hpp
[3.897s] -- Up-to-date: /home/vkj/ros2_ws/install/custom_interfaces/include/custom_interfaces/custom_interfaces/srv/detail/add_three_ints__struct.hpp
[3.897s] -- Up-to-date: /home/vkj/ros2_ws/install/custom_interfaces/include/custom_interfaces/custom_interfaces/srv/detail/add_three_ints__builder.hpp
[3.898s] -- Up-to-date: /home/vkj/ros2_ws/install/custom_interfaces/include/custom_interfaces/custom_interfaces/action
[3.898s] -- Up-to-date: /home/vkj/ros2_ws/install/custom_interfaces/include/custom_interfaces/custom_interfaces/action/cruise_speed.hpp
[3.898s] -- Up-to-date: /home/vkj/ros2_ws/install/custom_interfaces/include/custom_interfaces/custom_interfaces/action/detail
[3.898s] -- Up-to-date: /home/vkj/ros2_ws/install/custom_interfaces/include/custom_interfaces/custom_interfaces/action/detail/cruise_speed__builder.hpp
[3.898s] -- Up-to-date: /home/vkj/ros2_ws/install/custom_interfaces/include/custom_interfaces/custom_interfaces/action/detail/cruise_speed__struct.hpp
[3.898s] -- Up-to-date: /home/vkj/ros2_ws/install/custom_interfaces/include/custom_interfaces/custom_interfaces/action/detail/cruise_speed__traits.hpp
[3.899s] -- Up-to-date: /home/vkj/ros2_ws/install/custom_interfaces/include/custom_interfaces/custom_interfaces/msg
[3.899s] -- Up-to-date: /home/vkj/ros2_ws/install/custom_interfaces/include/custom_interfaces/custom_interfaces/msg/go_to_goal.hpp
[3.899s] -- Up-to-date: /home/vkj/ros2_ws/install/custom_interfaces/include/custom_interfaces/custom_interfaces/msg/sphere.hpp
[3.899s] -- Up-to-date: /home/vkj/ros2_ws/install/custom_interfaces/include/custom_interfaces/custom_interfaces/msg/num.hpp
[3.899s] -- Up-to-date: /home/vkj/ros2_ws/install/custom_interfaces/include/custom_interfaces/custom_interfaces/msg/detail
[3.899s] -- Up-to-date: /home/vkj/ros2_ws/install/custom_interfaces/include/custom_interfaces/custom_interfaces/msg/detail/num__struct.hpp
[3.899s] -- Up-to-date: /home/vkj/ros2_ws/install/custom_interfaces/include/custom_interfaces/custom_interfaces/msg/detail/go_to_goal__builder.hpp
[3.900s] -- Up-to-date: /home/vkj/ros2_ws/install/custom_interfaces/include/custom_interfaces/custom_interfaces/msg/detail/go_to_goal__struct.hpp
[3.900s] -- Up-to-date: /home/vkj/ros2_ws/install/custom_interfaces/include/custom_interfaces/custom_interfaces/msg/detail/sphere__traits.hpp
[3.900s] -- Up-to-date: /home/vkj/ros2_ws/install/custom_interfaces/include/custom_interfaces/custom_interfaces/msg/detail/num__builder.hpp
[3.900s] -- Up-to-date: /home/vkj/ros2_ws/install/custom_interfaces/include/custom_interfaces/custom_interfaces/msg/detail/sphere__struct.hpp
[3.900s] -- Up-to-date: /home/vkj/ros2_ws/install/custom_interfaces/include/custom_interfaces/custom_interfaces/msg/detail/sphere__builder.hpp
[3.900s] -- Up-to-date: /home/vkj/ros2_ws/install/custom_interfaces/include/custom_interfaces/custom_interfaces/msg/detail/go_to_goal__traits.hpp
[3.900s] -- Up-to-date: /home/vkj/ros2_ws/install/custom_interfaces/include/custom_interfaces/custom_interfaces/msg/detail/num__traits.hpp
[3.901s] -- Up-to-date: /home/vkj/ros2_ws/install/custom_interfaces/include/custom_interfaces/custom_interfaces
[3.901s] -- Up-to-date: /home/vkj/ros2_ws/install/custom_interfaces/include/custom_interfaces/custom_interfaces/srv
[3.901s] -- Up-to-date: /home/vkj/ros2_ws/install/custom_interfaces/include/custom_interfaces/custom_interfaces/srv/detail
[3.901s] -- Up-to-date: /home/vkj/ros2_ws/install/custom_interfaces/include/custom_interfaces/custom_interfaces/srv/detail/dds_fastrtps
[3.901s] -- Up-to-date: /home/vkj/ros2_ws/install/custom_interfaces/include/custom_interfaces/custom_interfaces/srv/detail/add_three_ints__rosidl_typesupport_fastrtps_cpp.hpp
[3.901s] -- Up-to-date: /home/vkj/ros2_ws/install/custom_interfaces/include/custom_interfaces/custom_interfaces/action
[3.902s] -- Up-to-date: /home/vkj/ros2_ws/install/custom_interfaces/include/custom_interfaces/custom_interfaces/action/detail
[3.902s] -- Up-to-date: /home/vkj/ros2_ws/install/custom_interfaces/include/custom_interfaces/custom_interfaces/action/detail/dds_fastrtps
[3.902s] -- Up-to-date: /home/vkj/ros2_ws/install/custom_interfaces/include/custom_interfaces/custom_interfaces/action/detail/cruise_speed__rosidl_typesupport_fastrtps_cpp.hpp
[3.902s] -- Up-to-date: /home/vkj/ros2_ws/install/custom_interfaces/include/custom_interfaces/custom_interfaces/msg
[3.902s] -- Up-to-date: /home/vkj/ros2_ws/install/custom_interfaces/include/custom_interfaces/custom_interfaces/msg/rosidl_typesupport_fastrtps_cpp__visibility_control.h
[3.902s] -- Up-to-date: /home/vkj/ros2_ws/install/custom_interfaces/include/custom_interfaces/custom_interfaces/msg/detail
[3.902s] -- Up-to-date: /home/vkj/ros2_ws/install/custom_interfaces/include/custom_interfaces/custom_interfaces/msg/detail/sphere__rosidl_typesupport_fastrtps_cpp.hpp
[3.902s] -- Up-to-date: /home/vkj/ros2_ws/install/custom_interfaces/include/custom_interfaces/custom_interfaces/msg/detail/dds_fastrtps
[3.902s] -- Up-to-date: /home/vkj/ros2_ws/install/custom_interfaces/include/custom_interfaces/custom_interfaces/msg/detail/num__rosidl_typesupport_fastrtps_cpp.hpp
[3.903s] -- Up-to-date: /home/vkj/ros2_ws/install/custom_interfaces/include/custom_interfaces/custom_interfaces/msg/detail/go_to_goal__rosidl_typesupport_fastrtps_cpp.hpp
[3.919s] -- Up-to-date: /home/vkj/ros2_ws/install/custom_interfaces/lib/libcustom_interfaces__rosidl_typesupport_fastrtps_cpp.so
[3.919s] -- Up-to-date: /home/vkj/ros2_ws/install/custom_interfaces/include/custom_interfaces/custom_interfaces
[3.920s] -- Up-to-date: /home/vkj/ros2_ws/install/custom_interfaces/include/custom_interfaces/custom_interfaces/srv
[3.920s] -- Up-to-date: /home/vkj/ros2_ws/install/custom_interfaces/include/custom_interfaces/custom_interfaces/srv/detail
[3.920s] -- Up-to-date: /home/vkj/ros2_ws/install/custom_interfaces/include/custom_interfaces/custom_interfaces/srv/detail/add_three_ints__rosidl_typesupport_introspection_cpp.hpp
[3.920s] -- Up-to-date: /home/vkj/ros2_ws/install/custom_interfaces/include/custom_interfaces/custom_interfaces/srv/detail/add_three_ints__type_support.cpp
[3.921s] -- Up-to-date: /home/vkj/ros2_ws/install/custom_interfaces/include/custom_interfaces/custom_interfaces/action
[3.921s] -- Up-to-date: /home/vkj/ros2_ws/install/custom_interfaces/include/custom_interfaces/custom_interfaces/action/detail
[3.921s] -- Up-to-date: /home/vkj/ros2_ws/install/custom_interfaces/include/custom_interfaces/custom_interfaces/action/detail/cruise_speed__rosidl_typesupport_introspection_cpp.hpp
[3.921s] -- Up-to-date: /home/vkj/ros2_ws/install/custom_interfaces/include/custom_interfaces/custom_interfaces/action/detail/cruise_speed__type_support.cpp
[3.921s] -- Up-to-date: /home/vkj/ros2_ws/install/custom_interfaces/include/custom_interfaces/custom_interfaces/msg
[3.921s] -- Up-to-date: /home/vkj/ros2_ws/install/custom_interfaces/include/custom_interfaces/custom_interfaces/msg/detail
[3.921s] -- Up-to-date: /home/vkj/ros2_ws/install/custom_interfaces/include/custom_interfaces/custom_interfaces/msg/detail/go_to_goal__type_support.cpp
[3.922s] -- Up-to-date: /home/vkj/ros2_ws/install/custom_interfaces/include/custom_interfaces/custom_interfaces/msg/detail/num__type_support.cpp
[3.922s] -- Up-to-date: /home/vkj/ros2_ws/install/custom_interfaces/include/custom_interfaces/custom_interfaces/msg/detail/num__rosidl_typesupport_introspection_cpp.hpp
[3.922s] -- Up-to-date: /home/vkj/ros2_ws/install/custom_interfaces/include/custom_interfaces/custom_interfaces/msg/detail/sphere__rosidl_typesupport_introspection_cpp.hpp
[3.922s] -- Up-to-date: /home/vkj/ros2_ws/install/custom_interfaces/include/custom_interfaces/custom_interfaces/msg/detail/go_to_goal__rosidl_typesupport_introspection_cpp.hpp
[3.922s] -- Up-to-date: /home/vkj/ros2_ws/install/custom_interfaces/include/custom_interfaces/custom_interfaces/msg/detail/sphere__type_support.cpp
[3.922s] -- Up-to-date: /home/vkj/ros2_ws/install/custom_interfaces/lib/libcustom_interfaces__rosidl_typesupport_introspection_cpp.so
[3.935s] -- Up-to-date: /home/vkj/ros2_ws/install/custom_interfaces/lib/libcustom_interfaces__rosidl_typesupport_cpp.so
[3.936s] -- Up-to-date: /home/vkj/ros2_ws/install/custom_interfaces/share/custom_interfaces/environment/pythonpath.sh
[3.937s] -- Up-to-date: /home/vkj/ros2_ws/install/custom_interfaces/share/custom_interfaces/environment/pythonpath.dsv
[3.938s] -- Up-to-date: /home/vkj/ros2_ws/install/custom_interfaces/local/lib/python3.10/dist-packages/custom_interfaces-0.0.0-py3.10.egg-info
[3.938s] -- Installing: /home/vkj/ros2_ws/install/custom_interfaces/local/lib/python3.10/dist-packages/custom_interfaces-0.0.0-py3.10.egg-info/PKG-INFO
[3.938s] -- Installing: /home/vkj/ros2_ws/install/custom_interfaces/local/lib/python3.10/dist-packages/custom_interfaces-0.0.0-py3.10.egg-info/SOURCES.txt
[3.939s] -- Installing: /home/vkj/ros2_ws/install/custom_interfaces/local/lib/python3.10/dist-packages/custom_interfaces-0.0.0-py3.10.egg-info/dependency_links.txt
[3.939s] -- Installing: /home/vkj/ros2_ws/install/custom_interfaces/local/lib/python3.10/dist-packages/custom_interfaces-0.0.0-py3.10.egg-info/top_level.txt
[3.940s] -- Up-to-date: /home/vkj/ros2_ws/install/custom_interfaces/local/lib/python3.10/dist-packages/custom_interfaces
[3.941s] -- Up-to-date: /home/vkj/ros2_ws/install/custom_interfaces/local/lib/python3.10/dist-packages/custom_interfaces/custom_interfaces_s__rosidl_typesupport_introspection_c.cpython-310-x86_64-linux-gnu.so
[3.942s] -- Up-to-date: /home/vkj/ros2_ws/install/custom_interfaces/local/lib/python3.10/dist-packages/custom_interfaces/__init__.py
[3.943s] -- Up-to-date: /home/vkj/ros2_ws/install/custom_interfaces/local/lib/python3.10/dist-packages/custom_interfaces/srv
[3.943s] -- Up-to-date: /home/vkj/ros2_ws/install/custom_interfaces/local/lib/python3.10/dist-packages/custom_interfaces/srv/__init__.py
[3.943s] -- Up-to-date: /home/vkj/ros2_ws/install/custom_interfaces/local/lib/python3.10/dist-packages/custom_interfaces/srv/_add_three_ints.py
[3.944s] -- Up-to-date: /home/vkj/ros2_ws/install/custom_interfaces/local/lib/python3.10/dist-packages/custom_interfaces/srv/_add_three_ints_s.c
[3.944s] -- Up-to-date: /home/vkj/ros2_ws/install/custom_interfaces/local/lib/python3.10/dist-packages/custom_interfaces/_custom_interfaces_s.ep.rosidl_typesupport_fastrtps_c.c
[3.944s] -- Up-to-date: /home/vkj/ros2_ws/install/custom_interfaces/local/lib/python3.10/dist-packages/custom_interfaces/_custom_interfaces_s.ep.rosidl_typesupport_introspection_c.c
[3.944s] -- Up-to-date: /home/vkj/ros2_ws/install/custom_interfaces/local/lib/python3.10/dist-packages/custom_interfaces/_custom_interfaces_s.ep.rosidl_typesupport_c.c
[3.944s] -- Up-to-date: /home/vkj/ros2_ws/install/custom_interfaces/local/lib/python3.10/dist-packages/custom_interfaces/action
[3.944s] -- Up-to-date: /home/vkj/ros2_ws/install/custom_interfaces/local/lib/python3.10/dist-packages/custom_interfaces/action/__init__.py
[3.944s] -- Up-to-date: /home/vkj/ros2_ws/install/custom_interfaces/local/lib/python3.10/dist-packages/custom_interfaces/action/_cruise_speed_s.c
[3.945s] -- Up-to-date: /home/vkj/ros2_ws/install/custom_interfaces/local/lib/python3.10/dist-packages/custom_interfaces/action/_cruise_speed.py
[3.945s] -- Up-to-date: /home/vkj/ros2_ws/install/custom_interfaces/local/lib/python3.10/dist-packages/custom_interfaces/libcustom_interfaces__rosidl_generator_py.so
[3.945s] -- Up-to-date: /home/vkj/ros2_ws/install/custom_interfaces/local/lib/python3.10/dist-packages/custom_interfaces/msg
[3.945s] -- Up-to-date: /home/vkj/ros2_ws/install/custom_interfaces/local/lib/python3.10/dist-packages/custom_interfaces/msg/_sphere_s.c
[3.945s] -- Up-to-date: /home/vkj/ros2_ws/install/custom_interfaces/local/lib/python3.10/dist-packages/custom_interfaces/msg/__init__.py
[3.945s] -- Up-to-date: /home/vkj/ros2_ws/install/custom_interfaces/local/lib/python3.10/dist-packages/custom_interfaces/msg/_go_to_goal.py
[3.946s] -- Up-to-date: /home/vkj/ros2_ws/install/custom_interfaces/local/lib/python3.10/dist-packages/custom_interfaces/msg/_num_s.c
[3.946s] -- Up-to-date: /home/vkj/ros2_ws/install/custom_interfaces/local/lib/python3.10/dist-packages/custom_interfaces/msg/_num.py
[3.946s] -- Up-to-date: /home/vkj/ros2_ws/install/custom_interfaces/local/lib/python3.10/dist-packages/custom_interfaces/msg/_sphere.py
[3.946s] -- Up-to-date: /home/vkj/ros2_ws/install/custom_interfaces/local/lib/python3.10/dist-packages/custom_interfaces/msg/_go_to_goal_s.c
[3.946s] -- Up-to-date: /home/vkj/ros2_ws/install/custom_interfaces/local/lib/python3.10/dist-packages/custom_interfaces/custom_interfaces_s__rosidl_typesupport_c.cpython-310-x86_64-linux-gnu.so
[3.947s] -- Up-to-date: /home/vkj/ros2_ws/install/custom_interfaces/local/lib/python3.10/dist-packages/custom_interfaces/custom_interfaces_s__rosidl_typesupport_fastrtps_c.cpython-310-x86_64-linux-gnu.so
[4.088s] Listing '/home/vkj/ros2_ws/install/custom_interfaces/local/lib/python3.10/dist-packages/custom_interfaces'...
[4.088s] Listing '/home/vkj/ros2_ws/install/custom_interfaces/local/lib/python3.10/dist-packages/custom_interfaces/action'...
[4.088s] Listing '/home/vkj/ros2_ws/install/custom_interfaces/local/lib/python3.10/dist-packages/custom_interfaces/msg'...
[4.088s] Listing '/home/vkj/ros2_ws/install/custom_interfaces/local/lib/python3.10/dist-packages/custom_interfaces/srv'...
[4.098s] -- Up-to-date: /home/vkj/ros2_ws/install/custom_interfaces/local/lib/python3.10/dist-packages/custom_interfaces/custom_interfaces_s__rosidl_typesupport_fastrtps_c.cpython-310-x86_64-linux-gnu.so
[4.099s] -- Up-to-date: /home/vkj/ros2_ws/install/custom_interfaces/local/lib/python3.10/dist-packages/custom_interfaces/custom_interfaces_s__rosidl_typesupport_introspection_c.cpython-310-x86_64-linux-gnu.so
[4.101s] -- Up-to-date: /home/vkj/ros2_ws/install/custom_interfaces/local/lib/python3.10/dist-packages/custom_interfaces/custom_interfaces_s__rosidl_typesupport_c.cpython-310-x86_64-linux-gnu.so
[4.103s] -- Up-to-date: /home/vkj/ros2_ws/install/custom_interfaces/lib/libcustom_interfaces__rosidl_generator_py.so
[4.103s] -- Up-to-date: /home/vkj/ros2_ws/install/custom_interfaces/share/custom_interfaces/msg/Num.idl
[4.103s] -- Up-to-date: /home/vkj/ros2_ws/install/custom_interfaces/share/custom_interfaces/msg/Sphere.idl
[4.104s] -- Up-to-date: /home/vkj/ros2_ws/install/custom_interfaces/share/custom_interfaces/msg/GoToGoal.idl
[4.104s] -- Up-to-date: /home/vkj/ros2_ws/install/custom_interfaces/share/custom_interfaces/srv/AddThreeInts.idl
[4.104s] -- Up-to-date: /home/vkj/ros2_ws/install/custom_interfaces/share/custom_interfaces/action/CruiseSpeed.idl
[4.104s] -- Up-to-date: /home/vkj/ros2_ws/install/custom_interfaces/share/custom_interfaces/msg/Num.msg
[4.104s] -- Up-to-date: /home/vkj/ros2_ws/install/custom_interfaces/share/custom_interfaces/msg/Sphere.msg
[4.105s] -- Up-to-date: /home/vkj/ros2_ws/install/custom_interfaces/share/custom_interfaces/msg/GoToGoal.msg
[4.105s] -- Up-to-date: /home/vkj/ros2_ws/install/custom_interfaces/share/custom_interfaces/srv/AddThreeInts.srv
[4.105s] -- Up-to-date: /home/vkj/ros2_ws/install/custom_interfaces/share/custom_interfaces/srv/AddThreeInts_Request.msg
[4.105s] -- Up-to-date: /home/vkj/ros2_ws/install/custom_interfaces/share/custom_interfaces/srv/AddThreeInts_Response.msg
[4.105s] -- Up-to-date: /home/vkj/ros2_ws/install/custom_interfaces/share/custom_interfaces/action/CruiseSpeed.action
[4.105s] -- Up-to-date: /home/vkj/ros2_ws/install/custom_interfaces/share/ament_index/resource_index/package_run_dependencies/custom_interfaces
[4.105s] -- Up-to-date: /home/vkj/ros2_ws/install/custom_interfaces/share/ament_index/resource_index/parent_prefix_path/custom_interfaces
[4.105s] -- Up-to-date: /home/vkj/ros2_ws/install/custom_interfaces/share/custom_interfaces/environment/ament_prefix_path.sh
[4.106s] -- Up-to-date: /home/vkj/ros2_ws/install/custom_interfaces/share/custom_interfaces/environment/ament_prefix_path.dsv
[4.106s] -- Up-to-date: /home/vkj/ros2_ws/install/custom_interfaces/share/custom_interfaces/environment/path.sh
[4.106s] -- Up-to-date: /home/vkj/ros2_ws/install/custom_interfaces/share/custom_interfaces/environment/path.dsv
[4.106s] -- Up-to-date: /home/vkj/ros2_ws/install/custom_interfaces/share/custom_interfaces/local_setup.bash
[4.106s] -- Up-to-date: /home/vkj/ros2_ws/install/custom_interfaces/share/custom_interfaces/local_setup.sh
[4.106s] -- Up-to-date: /home/vkj/ros2_ws/install/custom_interfaces/share/custom_interfaces/local_setup.zsh
[4.106s] -- Up-to-date: /home/vkj/ros2_ws/install/custom_interfaces/share/custom_interfaces/local_setup.dsv
[4.106s] -- Installing: /home/vkj/ros2_ws/install/custom_interfaces/share/custom_interfaces/package.dsv
[4.136s] -- Up-to-date: /home/vkj/ros2_ws/install/custom_interfaces/share/ament_index/resource_index/packages/custom_interfaces
[4.151s] -- Up-to-date: /home/vkj/ros2_ws/install/custom_interfaces/share/custom_interfaces/cmake/export_custom_interfaces__rosidl_generator_cExport.cmake
[4.152s] -- Up-to-date: /home/vkj/ros2_ws/install/custom_interfaces/share/custom_interfaces/cmake/export_custom_interfaces__rosidl_generator_cExport-noconfig.cmake
[4.152s] -- Up-to-date: /home/vkj/ros2_ws/install/custom_interfaces/share/custom_interfaces/cmake/export_custom_interfaces__rosidl_typesupport_fastrtps_cExport.cmake
[4.152s] -- Up-to-date: /home/vkj/ros2_ws/install/custom_interfaces/share/custom_interfaces/cmake/export_custom_interfaces__rosidl_typesupport_fastrtps_cExport-noconfig.cmake
[4.153s] -- Up-to-date: /home/vkj/ros2_ws/install/custom_interfaces/share/custom_interfaces/cmake/custom_interfaces__rosidl_typesupport_introspection_cExport.cmake
[4.154s] -- Up-to-date: /home/vkj/ros2_ws/install/custom_interfaces/share/custom_interfaces/cmake/custom_interfaces__rosidl_typesupport_introspection_cExport-noconfig.cmake
[4.154s] -- Up-to-date: /home/vkj/ros2_ws/install/custom_interfaces/share/custom_interfaces/cmake/custom_interfaces__rosidl_typesupport_cExport.cmake
[4.154s] -- Up-to-date: /home/vkj/ros2_ws/install/custom_interfaces/share/custom_interfaces/cmake/custom_interfaces__rosidl_typesupport_cExport-noconfig.cmake
[4.155s] -- Up-to-date: /home/vkj/ros2_ws/install/custom_interfaces/share/custom_interfaces/cmake/export_custom_interfaces__rosidl_generator_cppExport.cmake
[4.155s] -- Up-to-date: /home/vkj/ros2_ws/install/custom_interfaces/share/custom_interfaces/cmake/export_custom_interfaces__rosidl_typesupport_fastrtps_cppExport.cmake
[4.155s] -- Up-to-date: /home/vkj/ros2_ws/install/custom_interfaces/share/custom_interfaces/cmake/export_custom_interfaces__rosidl_typesupport_fastrtps_cppExport-noconfig.cmake
[4.156s] -- Up-to-date: /home/vkj/ros2_ws/install/custom_interfaces/share/custom_interfaces/cmake/custom_interfaces__rosidl_typesupport_introspection_cppExport.cmake
[4.156s] -- Up-to-date: /home/vkj/ros2_ws/install/custom_interfaces/share/custom_interfaces/cmake/custom_interfaces__rosidl_typesupport_introspection_cppExport-noconfig.cmake
[4.156s] -- Up-to-date: /home/vkj/ros2_ws/install/custom_interfaces/share/custom_interfaces/cmake/custom_interfaces__rosidl_typesupport_cppExport.cmake
[4.156s] -- Up-to-date: /home/vkj/ros2_ws/install/custom_interfaces/share/custom_interfaces/cmake/custom_interfaces__rosidl_typesupport_cppExport-noconfig.cmake
[4.157s] -- Up-to-date: /home/vkj/ros2_ws/install/custom_interfaces/share/custom_interfaces/cmake/export_custom_interfaces__rosidl_generator_pyExport.cmake
[4.157s] -- Up-to-date: /home/vkj/ros2_ws/install/custom_interfaces/share/custom_interfaces/cmake/export_custom_interfaces__rosidl_generator_pyExport-noconfig.cmake
[4.157s] -- Up-to-date: /home/vkj/ros2_ws/install/custom_interfaces/share/custom_interfaces/cmake/rosidl_cmake-extras.cmake
[4.157s] -- Up-to-date: /home/vkj/ros2_ws/install/custom_interfaces/share/custom_interfaces/cmake/ament_cmake_export_dependencies-extras.cmake
[4.158s] -- Up-to-date: /home/vkj/ros2_ws/install/custom_interfaces/share/custom_interfaces/cmake/ament_cmake_export_include_directories-extras.cmake
[4.158s] -- Up-to-date: /home/vkj/ros2_ws/install/custom_interfaces/share/custom_interfaces/cmake/ament_cmake_export_libraries-extras.cmake
[4.158s] -- Up-to-date: /home/vkj/ros2_ws/install/custom_interfaces/share/custom_interfaces/cmake/ament_cmake_export_targets-extras.cmake
[4.158s] -- Up-to-date: /home/vkj/ros2_ws/install/custom_interfaces/share/custom_interfaces/cmake/rosidl_cmake_export_typesupport_targets-extras.cmake
[4.158s] -- Up-to-date: /home/vkj/ros2_ws/install/custom_interfaces/share/custom_interfaces/cmake/rosidl_cmake_export_typesupport_libraries-extras.cmake
[4.158s] -- Up-to-date: /home/vkj/ros2_ws/install/custom_interfaces/share/custom_interfaces/cmake/custom_interfacesConfig.cmake
[4.158s] -- Up-to-date: /home/vkj/ros2_ws/install/custom_interfaces/share/custom_interfaces/cmake/custom_interfacesConfig-version.cmake
[4.159s] -- Up-to-date: /home/vkj/ros2_ws/install/custom_interfaces/share/custom_interfaces/package.xml
[4.171s] Invoked command in '/home/vkj/ros2_ws/build/custom_interfaces' returned '0': CMAKE_PREFIX_PATH=${CMAKE_PREFIX_PATH}:/home/vkj/ros2_ws/install/test_turtle:/home/vkj/ros2_ws/install/test_action:/opt/ros/humble /usr/bin/cmake --install /home/vkj/ros2_ws/build/custom_interfaces
