[0.018s] Invoking command in '/home/vkj/ros2_ws/build/custom_interfaces': CMAKE_PREFIX_PATH=${CMAKE_PREFIX_PATH}:/home/vkj/ros2_ws/install/test_turtle:/home/vkj/ros2_ws/install/test_action:/opt/ros/humble /usr/bin/cmake --build /home/vkj/ros2_ws/build/custom_interfaces -- -j4 -l4
[0.308s] -- Found ament_cmake: 1.3.10 (/opt/ros/humble/share/ament_cmake/cmake)
[1.006s] -- Found rosidl_default_generators: 1.2.0 (/opt/ros/humble/share/rosidl_default_generators/cmake)
[1.037s] -- Using all available rosidl_typesupport_c: rosidl_typesupport_fastrtps_c;rosidl_typesupport_introspection_c
[1.055s] -- Found rosidl_adapter: 3.1.5 (/opt/ros/humble/share/rosidl_adapter/cmake)
[1.322s] -- Using all available rosidl_typesupport_cpp: rosidl_typesupport_fastrtps_cpp;rosidl_typesupport_introspection_cpp
[1.468s] -- Found geometry_msgs: 4.2.4 (/opt/ros/humble/share/geometry_msgs/cmake)
[2.674s] -- Found ament_cmake_ros: 0.10.0 (/opt/ros/humble/share/ament_cmake_ros/cmake)
[3.204s] -- Using all available rosidl_typesupport_c: rosidl_typesupport_fastrtps_c;rosidl_typesupport_introspection_c
[3.884s] -- Using all available rosidl_typesupport_cpp: rosidl_typesupport_fastrtps_cpp;rosidl_typesupport_introspection_cpp
[3.993s] -- Found python_cmake_module: 0.10.0 (/opt/ros/humble/share/python_cmake_module/cmake)
[4.072s] -- Using PYTHON_EXECUTABLE: /usr/bin/python3
[4.072s] -- Using PYTHON_INCLUDE_DIRS: /usr/include/python3.10
[4.072s] -- Using PYTHON_LIBRARIES: /usr/lib/x86_64-linux-gnu/libpython3.10.so
[4.389s] -- Configuring done
[4.645s] -- Generating done
[4.652s] -- Build files have been written to: /home/vkj/ros2_ws/build/custom_interfaces
[4.702s] [  1%] [34m[1mGenerating C code for ROS interfaces[0m
[4.737s] [  2%] [34m[1mGenerating C++ code for ROS interfaces[0m
[4.746s] [  2%] Built target ament_cmake_python_copy_custom_interfaces
[5.582s] running egg_info
[5.583s] writing custom_interfaces.egg-info/PKG-INFO
[5.585s] writing dependency_links to custom_interfaces.egg-info/dependency_links.txt
[5.585s] writing top-level names to custom_interfaces.egg-info/top_level.txt
[5.592s] reading manifest file 'custom_interfaces.egg-info/SOURCES.txt'
[5.594s] writing manifest file 'custom_interfaces.egg-info/SOURCES.txt'
[5.659s] [  2%] Built target ament_cmake_python_build_custom_interfaces_egg
[6.883s] [35m[1mConsolidate compiler generated dependencies of target custom_interfaces__rosidl_generator_c[0m
[6.912s] [  4%] [32mBuilding C object CMakeFiles/custom_interfaces__rosidl_generator_c.dir/rosidl_generator_c/custom_interfaces/msg/detail/num__functions.c.o[0m
[6.912s] [  5%] [32mBuilding C object CMakeFiles/custom_interfaces__rosidl_generator_c.dir/rosidl_generator_c/custom_interfaces/msg/detail/sphere__functions.c.o[0m
[6.913s] [  7%] [32mBuilding C object CMakeFiles/custom_interfaces__rosidl_generator_c.dir/rosidl_generator_c/custom_interfaces/msg/detail/go_to_goal__functions.c.o[0m
[7.396s] [  7%] Built target custom_interfaces__cpp
[7.410s] [  8%] [32mBuilding C object CMakeFiles/custom_interfaces__rosidl_generator_c.dir/rosidl_generator_c/custom_interfaces/srv/detail/add_three_ints__functions.c.o[0m
[8.125s] [  9%] [32mBuilding C object CMakeFiles/custom_interfaces__rosidl_generator_c.dir/rosidl_generator_c/custom_interfaces/action/detail/cruise_speed__functions.c.o[0m
[8.128s] [ 11%] [32mBuilding C object CMakeFiles/custom_interfaces__rosidl_generator_c.dir/rosidl_generator_c/custom_interfaces/action/detail/count_action__functions.c.o[0m
[8.128s] [ 12%] [34m[1mGenerating C++ type support dispatch for ROS interfaces[0m
[8.131s] [ 14%] [34m[1mGenerating C++ type support for eProsima Fast-RTPS[0m
[8.591s] [ 15%] [34m[1mGenerating C++ introspection for ROS interfaces[0m
[8.591s] [ 16%] [32m[1mLinking C shared library libcustom_interfaces__rosidl_generator_c.so[0m
[8.988s] [ 16%] Built target custom_interfaces__rosidl_generator_c
[9.015s] [ 18%] [34m[1mGenerating C type support for eProsima Fast-RTPS[0m
[9.897s] [35m[1mConsolidate compiler generated dependencies of target custom_interfaces__rosidl_typesupport_cpp[0m
[9.935s] [ 19%] [32mBuilding CXX object CMakeFiles/custom_interfaces__rosidl_typesupport_cpp.dir/rosidl_typesupport_cpp/custom_interfaces/msg/num__type_support.cpp.o[0m
[10.776s] [35m[1mConsolidate compiler generated dependencies of target custom_interfaces__rosidl_typesupport_introspection_cpp[0m
[10.818s] [ 21%] [32mBuilding CXX object CMakeFiles/custom_interfaces__rosidl_typesupport_introspection_cpp.dir/rosidl_typesupport_introspection_cpp/custom_interfaces/msg/detail/num__type_support.cpp.o[0m
[10.957s] [35m[1mConsolidate compiler generated dependencies of target custom_interfaces__rosidl_typesupport_fastrtps_cpp[0m
[10.984s] [ 22%] [32mBuilding CXX object CMakeFiles/custom_interfaces__rosidl_typesupport_fastrtps_cpp.dir/rosidl_typesupport_fastrtps_cpp/custom_interfaces/msg/detail/dds_fastrtps/num__type_support.cpp.o[0m
[11.416s] [35m[1mConsolidate compiler generated dependencies of target custom_interfaces__rosidl_typesupport_fastrtps_c[0m
[11.445s] [ 23%] [32mBuilding CXX object CMakeFiles/custom_interfaces__rosidl_typesupport_fastrtps_c.dir/rosidl_typesupport_fastrtps_c/custom_interfaces/msg/detail/num__type_support_c.cpp.o[0m
[15.013s] [ 28%] [32mBuilding CXX object CMakeFiles/custom_interfaces__rosidl_typesupport_fastrtps_cpp.dir/rosidl_typesupport_fastrtps_cpp/custom_interfaces/msg/detail/dds_fastrtps/sphere__type_support.cpp.o[0m
[15.014s] [ 29%] [32mBuilding CXX object CMakeFiles/custom_interfaces__rosidl_typesupport_fastrtps_c.dir/rosidl_typesupport_fastrtps_c/custom_interfaces/msg/detail/sphere__type_support_c.cpp.o[0m
[15.014s] [ 29%] [32mBuilding CXX object CMakeFiles/custom_interfaces__rosidl_typesupport_introspection_cpp.dir/rosidl_typesupport_introspection_cpp/custom_interfaces/msg/detail/sphere__type_support.cpp.o[0m
[15.014s] [ 29%] [32mBuilding CXX object CMakeFiles/custom_interfaces__rosidl_typesupport_cpp.dir/rosidl_typesupport_cpp/custom_interfaces/msg/sphere__type_support.cpp.o[0m
[15.888s] [ 30%] [32mBuilding CXX object CMakeFiles/custom_interfaces__rosidl_typesupport_cpp.dir/rosidl_typesupport_cpp/custom_interfaces/msg/go_to_goal__type_support.cpp.o[0m
[16.097s] [ 32%] [32mBuilding CXX object CMakeFiles/custom_interfaces__rosidl_typesupport_fastrtps_c.dir/rosidl_typesupport_fastrtps_c/custom_interfaces/msg/detail/go_to_goal__type_support_c.cpp.o[0m
[16.267s] [ 33%] [32mBuilding CXX object CMakeFiles/custom_interfaces__rosidl_typesupport_introspection_cpp.dir/rosidl_typesupport_introspection_cpp/custom_interfaces/msg/detail/go_to_goal__type_support.cpp.o[0m
[16.299s] [ 35%] [32mBuilding CXX object CMakeFiles/custom_interfaces__rosidl_typesupport_fastrtps_cpp.dir/rosidl_typesupport_fastrtps_cpp/custom_interfaces/msg/detail/dds_fastrtps/go_to_goal__type_support.cpp.o[0m
[16.712s] [ 36%] [32mBuilding CXX object CMakeFiles/custom_interfaces__rosidl_typesupport_cpp.dir/rosidl_typesupport_cpp/custom_interfaces/srv/add_three_ints__type_support.cpp.o[0m
[17.217s] [ 38%] [32mBuilding CXX object CMakeFiles/custom_interfaces__rosidl_typesupport_fastrtps_c.dir/rosidl_typesupport_fastrtps_c/custom_interfaces/srv/detail/add_three_ints__type_support_c.cpp.o[0m
[17.497s] [ 39%] [32mBuilding CXX object CMakeFiles/custom_interfaces__rosidl_typesupport_introspection_cpp.dir/rosidl_typesupport_introspection_cpp/custom_interfaces/srv/detail/add_three_ints__type_support.cpp.o[0m
[17.549s] [ 40%] [32mBuilding CXX object CMakeFiles/custom_interfaces__rosidl_typesupport_fastrtps_cpp.dir/rosidl_typesupport_fastrtps_cpp/custom_interfaces/srv/detail/dds_fastrtps/add_three_ints__type_support.cpp.o[0m
[17.686s] [ 42%] [32mBuilding CXX object CMakeFiles/custom_interfaces__rosidl_typesupport_cpp.dir/rosidl_typesupport_cpp/custom_interfaces/action/cruise_speed__type_support.cpp.o[0m
[18.381s] [ 43%] [32mBuilding CXX object CMakeFiles/custom_interfaces__rosidl_typesupport_fastrtps_c.dir/rosidl_typesupport_fastrtps_c/custom_interfaces/action/detail/cruise_speed__type_support_c.cpp.o[0m
[18.711s] [ 45%] [32mBuilding CXX object CMakeFiles/custom_interfaces__rosidl_typesupport_introspection_cpp.dir/rosidl_typesupport_introspection_cpp/custom_interfaces/action/detail/cruise_speed__type_support.cpp.o[0m
[18.820s] [ 46%] [32mBuilding CXX object CMakeFiles/custom_interfaces__rosidl_typesupport_fastrtps_cpp.dir/rosidl_typesupport_fastrtps_cpp/custom_interfaces/action/detail/dds_fastrtps/cruise_speed__type_support.cpp.o[0m
[19.510s] [ 47%] [32mBuilding CXX object CMakeFiles/custom_interfaces__rosidl_typesupport_cpp.dir/rosidl_typesupport_cpp/custom_interfaces/action/count_action__type_support.cpp.o[0m
[19.606s] [ 49%] [32mBuilding CXX object CMakeFiles/custom_interfaces__rosidl_typesupport_fastrtps_c.dir/rosidl_typesupport_fastrtps_c/custom_interfaces/action/detail/count_action__type_support_c.cpp.o[0m
[20.607s] [ 50%] [32mBuilding CXX object CMakeFiles/custom_interfaces__rosidl_typesupport_introspection_cpp.dir/rosidl_typesupport_introspection_cpp/custom_interfaces/action/detail/count_action__type_support.cpp.o[0m
[20.620s] [ 52%] [32mBuilding CXX object CMakeFiles/custom_interfaces__rosidl_typesupport_fastrtps_cpp.dir/rosidl_typesupport_fastrtps_cpp/custom_interfaces/action/detail/dds_fastrtps/count_action__type_support.cpp.o[0m
[20.893s] [ 53%] [32m[1mLinking CXX shared library libcustom_interfaces__rosidl_typesupport_fastrtps_c.so[0m
[21.000s] [ 54%] [32m[1mLinking CXX shared library libcustom_interfaces__rosidl_typesupport_cpp.so[0m
[21.297s] [ 54%] Built target custom_interfaces__rosidl_typesupport_cpp
[21.323s] [ 56%] [34m[1mGenerating C introspection for ROS interfaces[0m
[21.380s] [ 56%] Built target custom_interfaces__rosidl_typesupport_fastrtps_c
[21.405s] [ 57%] [34m[1mGenerating C type support dispatch for ROS interfaces[0m
[22.472s] [ 59%] [32m[1mLinking CXX shared library libcustom_interfaces__rosidl_typesupport_fastrtps_cpp.so[0m
[22.475s] [ 60%] [32m[1mLinking CXX shared library libcustom_interfaces__rosidl_typesupport_introspection_cpp.so[0m
[22.786s] [ 60%] Built target custom_interfaces__rosidl_typesupport_fastrtps_cpp
[22.790s] [ 60%] Built target custom_interfaces__rosidl_typesupport_introspection_cpp
[23.050s] [35m[1mConsolidate compiler generated dependencies of target custom_interfaces__rosidl_typesupport_c[0m
[23.075s] [ 61%] [32mBuilding CXX object CMakeFiles/custom_interfaces__rosidl_typesupport_c.dir/rosidl_typesupport_c/custom_interfaces/msg/num__type_support.cpp.o[0m
[23.076s] [ 64%] [32mBuilding CXX object CMakeFiles/custom_interfaces__rosidl_typesupport_c.dir/rosidl_typesupport_c/custom_interfaces/msg/go_to_goal__type_support.cpp.o[0m
[23.076s] [ 64%] [32mBuilding CXX object CMakeFiles/custom_interfaces__rosidl_typesupport_c.dir/rosidl_typesupport_c/custom_interfaces/msg/sphere__type_support.cpp.o[0m
[23.161s] [ 66%] [32mBuilding CXX object CMakeFiles/custom_interfaces__rosidl_typesupport_c.dir/rosidl_typesupport_c/custom_interfaces/srv/add_three_ints__type_support.cpp.o[0m
[23.163s] [ 67%] [32mBuilding CXX object CMakeFiles/custom_interfaces__rosidl_typesupport_c.dir/rosidl_typesupport_c/custom_interfaces/action/cruise_speed__type_support.cpp.o[0m
[23.163s] [ 69%] [32mBuilding CXX object CMakeFiles/custom_interfaces__rosidl_typesupport_c.dir/rosidl_typesupport_c/custom_interfaces/action/count_action__type_support.cpp.o[0m
[23.296s] [ 70%] [32m[1mLinking CXX shared library libcustom_interfaces__rosidl_typesupport_c.so[0m
[23.400s] [ 70%] Built target custom_interfaces__rosidl_typesupport_c
[23.587s] [35m[1mConsolidate compiler generated dependencies of target custom_interfaces__rosidl_typesupport_introspection_c[0m
[23.616s] [ 73%] [32mBuilding C object CMakeFiles/custom_interfaces__rosidl_typesupport_introspection_c.dir/rosidl_typesupport_introspection_c/custom_interfaces/msg/detail/num__type_support.c.o[0m
[23.616s] [ 73%] [32mBuilding C object CMakeFiles/custom_interfaces__rosidl_typesupport_introspection_c.dir/rosidl_typesupport_introspection_c/custom_interfaces/msg/detail/sphere__type_support.c.o[0m
[23.618s] [ 74%] [32mBuilding C object CMakeFiles/custom_interfaces__rosidl_typesupport_introspection_c.dir/rosidl_typesupport_introspection_c/custom_interfaces/msg/detail/go_to_goal__type_support.c.o[0m
[23.618s] [ 76%] [32mBuilding C object CMakeFiles/custom_interfaces__rosidl_typesupport_introspection_c.dir/rosidl_typesupport_introspection_c/custom_interfaces/srv/detail/add_three_ints__type_support.c.o[0m
[23.726s] [ 77%] [32mBuilding C object CMakeFiles/custom_interfaces__rosidl_typesupport_introspection_c.dir/rosidl_typesupport_introspection_c/custom_interfaces/action/detail/cruise_speed__type_support.c.o[0m
[23.746s] [ 78%] [32mBuilding C object CMakeFiles/custom_interfaces__rosidl_typesupport_introspection_c.dir/rosidl_typesupport_introspection_c/custom_interfaces/action/detail/count_action__type_support.c.o[0m
[23.864s] [ 80%] [32m[1mLinking C shared library libcustom_interfaces__rosidl_typesupport_introspection_c.so[0m
[23.950s] [ 80%] Built target custom_interfaces__rosidl_typesupport_introspection_c
[23.982s] [ 80%] Built target custom_interfaces
[24.017s] [ 81%] [34m[1mGenerating Python code for ROS interfaces[0m
[27.338s] [ 81%] Built target custom_interfaces__py
[27.358s] [35m[1mConsolidate compiler generated dependencies of target custom_interfaces__rosidl_generator_py[0m
[27.392s] [ 83%] [32mBuilding C object CMakeFiles/custom_interfaces__rosidl_generator_py.dir/rosidl_generator_py/custom_interfaces/msg/_num_s.c.o[0m
[27.392s] [ 85%] [32mBuilding C object CMakeFiles/custom_interfaces__rosidl_generator_py.dir/rosidl_generator_py/custom_interfaces/msg/_sphere_s.c.o[0m
[27.392s] [ 85%] [32mBuilding C object CMakeFiles/custom_interfaces__rosidl_generator_py.dir/rosidl_generator_py/custom_interfaces/msg/_go_to_goal_s.c.o[0m
[27.392s] [ 87%] [32mBuilding C object CMakeFiles/custom_interfaces__rosidl_generator_py.dir/rosidl_generator_py/custom_interfaces/srv/_add_three_ints_s.c.o[0m
[28.211s] [ 88%] [32mBuilding C object CMakeFiles/custom_interfaces__rosidl_generator_py.dir/rosidl_generator_py/custom_interfaces/action/_cruise_speed_s.c.o[0m
[28.216s] [ 90%] [32mBuilding C object CMakeFiles/custom_interfaces__rosidl_generator_py.dir/rosidl_generator_py/custom_interfaces/action/_count_action_s.c.o[0m
[28.481s] [ 91%] [32m[1mLinking C shared library rosidl_generator_py/custom_interfaces/libcustom_interfaces__rosidl_generator_py.so[0m
[28.652s] [ 91%] Built target custom_interfaces__rosidl_generator_py
[28.672s] [35m[1mConsolidate compiler generated dependencies of target custom_interfaces__rosidl_typesupport_introspection_c__pyext[0m
[28.678s] [35m[1mConsolidate compiler generated dependencies of target custom_interfaces__rosidl_typesupport_c__pyext[0m
[28.678s] [35m[1mConsolidate compiler generated dependencies of target custom_interfaces__rosidl_typesupport_fastrtps_c__pyext[0m
[28.697s] [ 92%] [32mBuilding C object CMakeFiles/custom_interfaces__rosidl_typesupport_introspection_c__pyext.dir/rosidl_generator_py/custom_interfaces/_custom_interfaces_s.ep.rosidl_typesupport_introspection_c.c.o[0m
[28.701s] [ 94%] [32mBuilding C object CMakeFiles/custom_interfaces__rosidl_typesupport_c__pyext.dir/rosidl_generator_py/custom_interfaces/_custom_interfaces_s.ep.rosidl_typesupport_c.c.o[0m
[28.709s] [ 95%] [32mBuilding C object CMakeFiles/custom_interfaces__rosidl_typesupport_fastrtps_c__pyext.dir/rosidl_generator_py/custom_interfaces/_custom_interfaces_s.ep.rosidl_typesupport_fastrtps_c.c.o[0m
[29.032s] [ 97%] [32m[1mLinking C shared library rosidl_generator_py/custom_interfaces/custom_interfaces_s__rosidl_typesupport_c.cpython-310-x86_64-linux-gnu.so[0m
[29.120s] [ 97%] Built target custom_interfaces__rosidl_typesupport_c__pyext
[29.181s] [ 98%] [32m[1mLinking C shared library rosidl_generator_py/custom_interfaces/custom_interfaces_s__rosidl_typesupport_introspection_c.cpython-310-x86_64-linux-gnu.so[0m
[29.201s] [100%] [32m[1mLinking C shared library rosidl_generator_py/custom_interfaces/custom_interfaces_s__rosidl_typesupport_fastrtps_c.cpython-310-x86_64-linux-gnu.so[0m
[29.269s] [100%] Built target custom_interfaces__rosidl_typesupport_introspection_c__pyext
[29.287s] [100%] Built target custom_interfaces__rosidl_typesupport_fastrtps_c__pyext
[29.307s] Invoked command in '/home/vkj/ros2_ws/build/custom_interfaces' returned '0': CMAKE_PREFIX_PATH=${CMAKE_PREFIX_PATH}:/home/vkj/ros2_ws/install/test_turtle:/home/vkj/ros2_ws/install/test_action:/opt/ros/humble /usr/bin/cmake --build /home/vkj/ros2_ws/build/custom_interfaces -- -j4 -l4
[29.582s] Invoking command in '/home/vkj/ros2_ws/build/custom_interfaces': CMAKE_PREFIX_PATH=${CMAKE_PREFIX_PATH}:/home/vkj/ros2_ws/install/test_turtle:/home/vkj/ros2_ws/install/test_action:/opt/ros/humble /usr/bin/cmake --install /home/vkj/ros2_ws/build/custom_interfaces
[29.596s] -- Install configuration: ""
[29.597s] -- Installing: /home/vkj/ros2_ws/install/custom_interfaces/share/ament_index/resource_index/rosidl_interfaces/custom_interfaces
[29.597s] -- Up-to-date: /home/vkj/ros2_ws/install/custom_interfaces/include/custom_interfaces/custom_interfaces
[29.597s] -- Up-to-date: /home/vkj/ros2_ws/install/custom_interfaces/include/custom_interfaces/custom_interfaces/srv
[29.597s] -- Installing: /home/vkj/ros2_ws/install/custom_interfaces/include/custom_interfaces/custom_interfaces/srv/add_three_ints.h
[29.615s] -- Up-to-date: /home/vkj/ros2_ws/install/custom_interfaces/include/custom_interfaces/custom_interfaces/srv/detail
[29.615s] -- Installing: /home/vkj/ros2_ws/install/custom_interfaces/include/custom_interfaces/custom_interfaces/srv/detail/add_three_ints__functions.c
[29.615s] -- Installing: /home/vkj/ros2_ws/install/custom_interfaces/include/custom_interfaces/custom_interfaces/srv/detail/add_three_ints__type_support.h
[29.616s] -- Installing: /home/vkj/ros2_ws/install/custom_interfaces/include/custom_interfaces/custom_interfaces/srv/detail/add_three_ints__struct.h
[29.616s] -- Installing: /home/vkj/ros2_ws/install/custom_interfaces/include/custom_interfaces/custom_interfaces/srv/detail/add_three_ints__functions.h
[29.616s] -- Up-to-date: /home/vkj/ros2_ws/install/custom_interfaces/include/custom_interfaces/custom_interfaces/action
[29.618s] -- Installing: /home/vkj/ros2_ws/install/custom_interfaces/include/custom_interfaces/custom_interfaces/action/count_action.h
[29.618s] -- Installing: /home/vkj/ros2_ws/install/custom_interfaces/include/custom_interfaces/custom_interfaces/action/cruise_speed.h
[29.619s] -- Up-to-date: /home/vkj/ros2_ws/install/custom_interfaces/include/custom_interfaces/custom_interfaces/action/detail
[29.619s] -- Installing: /home/vkj/ros2_ws/install/custom_interfaces/include/custom_interfaces/custom_interfaces/action/detail/cruise_speed__functions.h
[29.619s] -- Installing: /home/vkj/ros2_ws/install/custom_interfaces/include/custom_interfaces/custom_interfaces/action/detail/count_action__functions.h
[29.619s] -- Installing: /home/vkj/ros2_ws/install/custom_interfaces/include/custom_interfaces/custom_interfaces/action/detail/cruise_speed__type_support.h
[29.620s] -- Installing: /home/vkj/ros2_ws/install/custom_interfaces/include/custom_interfaces/custom_interfaces/action/detail/cruise_speed__functions.c
[29.620s] -- Installing: /home/vkj/ros2_ws/install/custom_interfaces/include/custom_interfaces/custom_interfaces/action/detail/cruise_speed__struct.h
[29.620s] -- Installing: /home/vkj/ros2_ws/install/custom_interfaces/include/custom_interfaces/custom_interfaces/action/detail/count_action__struct.h
[29.620s] -- Installing: /home/vkj/ros2_ws/install/custom_interfaces/include/custom_interfaces/custom_interfaces/action/detail/count_action__functions.c
[29.621s] -- Installing: /home/vkj/ros2_ws/install/custom_interfaces/include/custom_interfaces/custom_interfaces/action/detail/count_action__type_support.h
[29.621s] -- Up-to-date: /home/vkj/ros2_ws/install/custom_interfaces/include/custom_interfaces/custom_interfaces/msg
[29.621s] -- Up-to-date: /home/vkj/ros2_ws/install/custom_interfaces/include/custom_interfaces/custom_interfaces/msg/rosidl_generator_c__visibility_control.h
[29.621s] -- Installing: /home/vkj/ros2_ws/install/custom_interfaces/include/custom_interfaces/custom_interfaces/msg/sphere.h
[29.622s] -- Installing: /home/vkj/ros2_ws/install/custom_interfaces/include/custom_interfaces/custom_interfaces/msg/go_to_goal.h
[29.622s] -- Installing: /home/vkj/ros2_ws/install/custom_interfaces/include/custom_interfaces/custom_interfaces/msg/num.h
[29.622s] -- Up-to-date: /home/vkj/ros2_ws/install/custom_interfaces/include/custom_interfaces/custom_interfaces/msg/detail
[29.622s] -- Installing: /home/vkj/ros2_ws/install/custom_interfaces/include/custom_interfaces/custom_interfaces/msg/detail/sphere__struct.h
[29.622s] -- Installing: /home/vkj/ros2_ws/install/custom_interfaces/include/custom_interfaces/custom_interfaces/msg/detail/go_to_goal__functions.h
[29.623s] -- Installing: /home/vkj/ros2_ws/install/custom_interfaces/include/custom_interfaces/custom_interfaces/msg/detail/go_to_goal__struct.h
[29.623s] -- Installing: /home/vkj/ros2_ws/install/custom_interfaces/include/custom_interfaces/custom_interfaces/msg/detail/num__functions.c
[29.623s] -- Installing: /home/vkj/ros2_ws/install/custom_interfaces/include/custom_interfaces/custom_interfaces/msg/detail/sphere__type_support.h
[29.623s] -- Installing: /home/vkj/ros2_ws/install/custom_interfaces/include/custom_interfaces/custom_interfaces/msg/detail/num__type_support.h
[29.623s] -- Installing: /home/vkj/ros2_ws/install/custom_interfaces/include/custom_interfaces/custom_interfaces/msg/detail/sphere__functions.c
[29.624s] -- Installing: /home/vkj/ros2_ws/install/custom_interfaces/include/custom_interfaces/custom_interfaces/msg/detail/num__struct.h
[29.624s] -- Installing: /home/vkj/ros2_ws/install/custom_interfaces/include/custom_interfaces/custom_interfaces/msg/detail/num__functions.h
[29.624s] -- Installing: /home/vkj/ros2_ws/install/custom_interfaces/include/custom_interfaces/custom_interfaces/msg/detail/sphere__functions.h
[29.624s] -- Installing: /home/vkj/ros2_ws/install/custom_interfaces/include/custom_interfaces/custom_interfaces/msg/detail/go_to_goal__type_support.h
[29.624s] -- Installing: /home/vkj/ros2_ws/install/custom_interfaces/include/custom_interfaces/custom_interfaces/msg/detail/go_to_goal__functions.c
[29.625s] -- Up-to-date: /home/vkj/ros2_ws/install/custom_interfaces/share/custom_interfaces/environment/library_path.sh
[29.625s] -- Installing: /home/vkj/ros2_ws/install/custom_interfaces/share/custom_interfaces/environment/library_path.dsv
[29.625s] -- Installing: /home/vkj/ros2_ws/install/custom_interfaces/lib/libcustom_interfaces__rosidl_generator_c.so
[29.627s] -- Set runtime path of "/home/vkj/ros2_ws/install/custom_interfaces/lib/libcustom_interfaces__rosidl_generator_c.so" to ""
[29.627s] -- Up-to-date: /home/vkj/ros2_ws/install/custom_interfaces/include/custom_interfaces/custom_interfaces
[29.627s] -- Up-to-date: /home/vkj/ros2_ws/install/custom_interfaces/include/custom_interfaces/custom_interfaces/srv
[29.627s] -- Up-to-date: /home/vkj/ros2_ws/install/custom_interfaces/include/custom_interfaces/custom_interfaces/srv/detail
[29.627s] -- Installing: /home/vkj/ros2_ws/install/custom_interfaces/include/custom_interfaces/custom_interfaces/srv/detail/add_three_ints__rosidl_typesupport_fastrtps_c.h
[29.627s] -- Up-to-date: /home/vkj/ros2_ws/install/custom_interfaces/include/custom_interfaces/custom_interfaces/action
[29.628s] -- Up-to-date: /home/vkj/ros2_ws/install/custom_interfaces/include/custom_interfaces/custom_interfaces/action/detail
[29.628s] -- Installing: /home/vkj/ros2_ws/install/custom_interfaces/include/custom_interfaces/custom_interfaces/action/detail/count_action__rosidl_typesupport_fastrtps_c.h
[29.628s] -- Installing: /home/vkj/ros2_ws/install/custom_interfaces/include/custom_interfaces/custom_interfaces/action/detail/cruise_speed__rosidl_typesupport_fastrtps_c.h
[29.628s] -- Up-to-date: /home/vkj/ros2_ws/install/custom_interfaces/include/custom_interfaces/custom_interfaces/msg
[29.628s] -- Up-to-date: /home/vkj/ros2_ws/install/custom_interfaces/include/custom_interfaces/custom_interfaces/msg/rosidl_typesupport_fastrtps_c__visibility_control.h
[29.628s] -- Up-to-date: /home/vkj/ros2_ws/install/custom_interfaces/include/custom_interfaces/custom_interfaces/msg/detail
[29.629s] -- Installing: /home/vkj/ros2_ws/install/custom_interfaces/include/custom_interfaces/custom_interfaces/msg/detail/go_to_goal__rosidl_typesupport_fastrtps_c.h
[29.629s] -- Installing: /home/vkj/ros2_ws/install/custom_interfaces/include/custom_interfaces/custom_interfaces/msg/detail/num__rosidl_typesupport_fastrtps_c.h
[29.629s] -- Installing: /home/vkj/ros2_ws/install/custom_interfaces/include/custom_interfaces/custom_interfaces/msg/detail/sphere__rosidl_typesupport_fastrtps_c.h
[29.629s] -- Installing: /home/vkj/ros2_ws/install/custom_interfaces/lib/libcustom_interfaces__rosidl_typesupport_fastrtps_c.so
[29.630s] -- Set runtime path of "/home/vkj/ros2_ws/install/custom_interfaces/lib/libcustom_interfaces__rosidl_typesupport_fastrtps_c.so" to ""
[29.630s] -- Up-to-date: /home/vkj/ros2_ws/install/custom_interfaces/include/custom_interfaces/custom_interfaces
[29.631s] -- Up-to-date: /home/vkj/ros2_ws/install/custom_interfaces/include/custom_interfaces/custom_interfaces/srv
[29.631s] -- Up-to-date: /home/vkj/ros2_ws/install/custom_interfaces/include/custom_interfaces/custom_interfaces/srv/detail
[29.631s] -- Installing: /home/vkj/ros2_ws/install/custom_interfaces/include/custom_interfaces/custom_interfaces/srv/detail/add_three_ints__type_support.c
[29.631s] -- Installing: /home/vkj/ros2_ws/install/custom_interfaces/include/custom_interfaces/custom_interfaces/srv/detail/add_three_ints__rosidl_typesupport_introspection_c.h
[29.631s] -- Up-to-date: /home/vkj/ros2_ws/install/custom_interfaces/include/custom_interfaces/custom_interfaces/action
[29.631s] -- Up-to-date: /home/vkj/ros2_ws/install/custom_interfaces/include/custom_interfaces/custom_interfaces/action/detail
[29.632s] -- Installing: /home/vkj/ros2_ws/install/custom_interfaces/include/custom_interfaces/custom_interfaces/action/detail/cruise_speed__type_support.c
[29.632s] -- Installing: /home/vkj/ros2_ws/install/custom_interfaces/include/custom_interfaces/custom_interfaces/action/detail/count_action__type_support.c
[29.633s] -- Installing: /home/vkj/ros2_ws/install/custom_interfaces/include/custom_interfaces/custom_interfaces/action/detail/count_action__rosidl_typesupport_introspection_c.h
[29.633s] -- Installing: /home/vkj/ros2_ws/install/custom_interfaces/include/custom_interfaces/custom_interfaces/action/detail/cruise_speed__rosidl_typesupport_introspection_c.h
[29.633s] -- Up-to-date: /home/vkj/ros2_ws/install/custom_interfaces/include/custom_interfaces/custom_interfaces/msg
[29.633s] -- Up-to-date: /home/vkj/ros2_ws/install/custom_interfaces/include/custom_interfaces/custom_interfaces/msg/rosidl_typesupport_introspection_c__visibility_control.h
[29.634s] -- Up-to-date: /home/vkj/ros2_ws/install/custom_interfaces/include/custom_interfaces/custom_interfaces/msg/detail
[29.634s] -- Installing: /home/vkj/ros2_ws/install/custom_interfaces/include/custom_interfaces/custom_interfaces/msg/detail/go_to_goal__type_support.c
[29.634s] -- Installing: /home/vkj/ros2_ws/install/custom_interfaces/include/custom_interfaces/custom_interfaces/msg/detail/num__rosidl_typesupport_introspection_c.h
[29.634s] -- Installing: /home/vkj/ros2_ws/install/custom_interfaces/include/custom_interfaces/custom_interfaces/msg/detail/sphere__rosidl_typesupport_introspection_c.h
[29.634s] -- Installing: /home/vkj/ros2_ws/install/custom_interfaces/include/custom_interfaces/custom_interfaces/msg/detail/num__type_support.c
[29.635s] -- Installing: /home/vkj/ros2_ws/install/custom_interfaces/include/custom_interfaces/custom_interfaces/msg/detail/sphere__type_support.c
[29.635s] -- Installing: /home/vkj/ros2_ws/install/custom_interfaces/include/custom_interfaces/custom_interfaces/msg/detail/go_to_goal__rosidl_typesupport_introspection_c.h
[29.635s] -- Installing: /home/vkj/ros2_ws/install/custom_interfaces/lib/libcustom_interfaces__rosidl_typesupport_introspection_c.so
[29.635s] -- Set runtime path of "/home/vkj/ros2_ws/install/custom_interfaces/lib/libcustom_interfaces__rosidl_typesupport_introspection_c.so" to ""
[29.636s] -- Installing: /home/vkj/ros2_ws/install/custom_interfaces/lib/libcustom_interfaces__rosidl_typesupport_c.so
[29.637s] -- Set runtime path of "/home/vkj/ros2_ws/install/custom_interfaces/lib/libcustom_interfaces__rosidl_typesupport_c.so" to ""
[29.637s] -- Up-to-date: /home/vkj/ros2_ws/install/custom_interfaces/include/custom_interfaces/custom_interfaces
[29.637s] -- Up-to-date: /home/vkj/ros2_ws/install/custom_interfaces/include/custom_interfaces/custom_interfaces/srv
[29.637s] -- Installing: /home/vkj/ros2_ws/install/custom_interfaces/include/custom_interfaces/custom_interfaces/srv/add_three_ints.hpp
[29.637s] -- Up-to-date: /home/vkj/ros2_ws/install/custom_interfaces/include/custom_interfaces/custom_interfaces/srv/detail
[29.638s] -- Installing: /home/vkj/ros2_ws/install/custom_interfaces/include/custom_interfaces/custom_interfaces/srv/detail/add_three_ints__traits.hpp
[29.638s] -- Installing: /home/vkj/ros2_ws/install/custom_interfaces/include/custom_interfaces/custom_interfaces/srv/detail/add_three_ints__struct.hpp
[29.638s] -- Installing: /home/vkj/ros2_ws/install/custom_interfaces/include/custom_interfaces/custom_interfaces/srv/detail/add_three_ints__builder.hpp
[29.638s] -- Up-to-date: /home/vkj/ros2_ws/install/custom_interfaces/include/custom_interfaces/custom_interfaces/action
[29.638s] -- Installing: /home/vkj/ros2_ws/install/custom_interfaces/include/custom_interfaces/custom_interfaces/action/count_action.hpp
[29.639s] -- Installing: /home/vkj/ros2_ws/install/custom_interfaces/include/custom_interfaces/custom_interfaces/action/cruise_speed.hpp
[29.639s] -- Up-to-date: /home/vkj/ros2_ws/install/custom_interfaces/include/custom_interfaces/custom_interfaces/action/detail
[29.639s] -- Installing: /home/vkj/ros2_ws/install/custom_interfaces/include/custom_interfaces/custom_interfaces/action/detail/cruise_speed__builder.hpp
[29.640s] -- Installing: /home/vkj/ros2_ws/install/custom_interfaces/include/custom_interfaces/custom_interfaces/action/detail/count_action__builder.hpp
[29.640s] -- Installing: /home/vkj/ros2_ws/install/custom_interfaces/include/custom_interfaces/custom_interfaces/action/detail/count_action__struct.hpp
[29.641s] -- Installing: /home/vkj/ros2_ws/install/custom_interfaces/include/custom_interfaces/custom_interfaces/action/detail/count_action__traits.hpp
[29.641s] -- Installing: /home/vkj/ros2_ws/install/custom_interfaces/include/custom_interfaces/custom_interfaces/action/detail/cruise_speed__struct.hpp
[29.641s] -- Installing: /home/vkj/ros2_ws/install/custom_interfaces/include/custom_interfaces/custom_interfaces/action/detail/cruise_speed__traits.hpp
[29.642s] -- Up-to-date: /home/vkj/ros2_ws/install/custom_interfaces/include/custom_interfaces/custom_interfaces/msg
[29.642s] -- Installing: /home/vkj/ros2_ws/install/custom_interfaces/include/custom_interfaces/custom_interfaces/msg/go_to_goal.hpp
[29.642s] -- Installing: /home/vkj/ros2_ws/install/custom_interfaces/include/custom_interfaces/custom_interfaces/msg/sphere.hpp
[29.642s] -- Installing: /home/vkj/ros2_ws/install/custom_interfaces/include/custom_interfaces/custom_interfaces/msg/num.hpp
[29.643s] -- Up-to-date: /home/vkj/ros2_ws/install/custom_interfaces/include/custom_interfaces/custom_interfaces/msg/detail
[29.643s] -- Installing: /home/vkj/ros2_ws/install/custom_interfaces/include/custom_interfaces/custom_interfaces/msg/detail/num__struct.hpp
[29.643s] -- Installing: /home/vkj/ros2_ws/install/custom_interfaces/include/custom_interfaces/custom_interfaces/msg/detail/go_to_goal__builder.hpp
[29.643s] -- Installing: /home/vkj/ros2_ws/install/custom_interfaces/include/custom_interfaces/custom_interfaces/msg/detail/go_to_goal__struct.hpp
[29.644s] -- Installing: /home/vkj/ros2_ws/install/custom_interfaces/include/custom_interfaces/custom_interfaces/msg/detail/sphere__traits.hpp
[29.644s] -- Installing: /home/vkj/ros2_ws/install/custom_interfaces/include/custom_interfaces/custom_interfaces/msg/detail/num__builder.hpp
[29.644s] -- Installing: /home/vkj/ros2_ws/install/custom_interfaces/include/custom_interfaces/custom_interfaces/msg/detail/sphere__struct.hpp
[29.644s] -- Installing: /home/vkj/ros2_ws/install/custom_interfaces/include/custom_interfaces/custom_interfaces/msg/detail/sphere__builder.hpp
[29.645s] -- Installing: /home/vkj/ros2_ws/install/custom_interfaces/include/custom_interfaces/custom_interfaces/msg/detail/go_to_goal__traits.hpp
[29.645s] -- Installing: /home/vkj/ros2_ws/install/custom_interfaces/include/custom_interfaces/custom_interfaces/msg/detail/num__traits.hpp
[29.645s] -- Up-to-date: /home/vkj/ros2_ws/install/custom_interfaces/include/custom_interfaces/custom_interfaces
[29.646s] -- Up-to-date: /home/vkj/ros2_ws/install/custom_interfaces/include/custom_interfaces/custom_interfaces/srv
[29.646s] -- Up-to-date: /home/vkj/ros2_ws/install/custom_interfaces/include/custom_interfaces/custom_interfaces/srv/detail
[29.646s] -- Up-to-date: /home/vkj/ros2_ws/install/custom_interfaces/include/custom_interfaces/custom_interfaces/srv/detail/dds_fastrtps
[29.647s] -- Installing: /home/vkj/ros2_ws/install/custom_interfaces/include/custom_interfaces/custom_interfaces/srv/detail/add_three_ints__rosidl_typesupport_fastrtps_cpp.hpp
[29.647s] -- Up-to-date: /home/vkj/ros2_ws/install/custom_interfaces/include/custom_interfaces/custom_interfaces/action
[29.647s] -- Up-to-date: /home/vkj/ros2_ws/install/custom_interfaces/include/custom_interfaces/custom_interfaces/action/detail
[29.647s] -- Up-to-date: /home/vkj/ros2_ws/install/custom_interfaces/include/custom_interfaces/custom_interfaces/action/detail/dds_fastrtps
[29.648s] -- Installing: /home/vkj/ros2_ws/install/custom_interfaces/include/custom_interfaces/custom_interfaces/action/detail/cruise_speed__rosidl_typesupport_fastrtps_cpp.hpp
[29.648s] -- Installing: /home/vkj/ros2_ws/install/custom_interfaces/include/custom_interfaces/custom_interfaces/action/detail/count_action__rosidl_typesupport_fastrtps_cpp.hpp
[29.648s] -- Up-to-date: /home/vkj/ros2_ws/install/custom_interfaces/include/custom_interfaces/custom_interfaces/msg
[29.648s] -- Up-to-date: /home/vkj/ros2_ws/install/custom_interfaces/include/custom_interfaces/custom_interfaces/msg/rosidl_typesupport_fastrtps_cpp__visibility_control.h
[29.649s] -- Up-to-date: /home/vkj/ros2_ws/install/custom_interfaces/include/custom_interfaces/custom_interfaces/msg/detail
[29.649s] -- Installing: /home/vkj/ros2_ws/install/custom_interfaces/include/custom_interfaces/custom_interfaces/msg/detail/sphere__rosidl_typesupport_fastrtps_cpp.hpp
[29.649s] -- Up-to-date: /home/vkj/ros2_ws/install/custom_interfaces/include/custom_interfaces/custom_interfaces/msg/detail/dds_fastrtps
[29.649s] -- Installing: /home/vkj/ros2_ws/install/custom_interfaces/include/custom_interfaces/custom_interfaces/msg/detail/num__rosidl_typesupport_fastrtps_cpp.hpp
[29.650s] -- Installing: /home/vkj/ros2_ws/install/custom_interfaces/include/custom_interfaces/custom_interfaces/msg/detail/go_to_goal__rosidl_typesupport_fastrtps_cpp.hpp
[29.650s] -- Installing: /home/vkj/ros2_ws/install/custom_interfaces/lib/libcustom_interfaces__rosidl_typesupport_fastrtps_cpp.so
[29.650s] -- Set runtime path of "/home/vkj/ros2_ws/install/custom_interfaces/lib/libcustom_interfaces__rosidl_typesupport_fastrtps_cpp.so" to ""
[29.651s] -- Up-to-date: /home/vkj/ros2_ws/install/custom_interfaces/include/custom_interfaces/custom_interfaces
[29.651s] -- Up-to-date: /home/vkj/ros2_ws/install/custom_interfaces/include/custom_interfaces/custom_interfaces/srv
[29.651s] -- Up-to-date: /home/vkj/ros2_ws/install/custom_interfaces/include/custom_interfaces/custom_interfaces/srv/detail
[29.651s] -- Installing: /home/vkj/ros2_ws/install/custom_interfaces/include/custom_interfaces/custom_interfaces/srv/detail/add_three_ints__rosidl_typesupport_introspection_cpp.hpp
[29.652s] -- Installing: /home/vkj/ros2_ws/install/custom_interfaces/include/custom_interfaces/custom_interfaces/srv/detail/add_three_ints__type_support.cpp
[29.652s] -- Up-to-date: /home/vkj/ros2_ws/install/custom_interfaces/include/custom_interfaces/custom_interfaces/action
[29.652s] -- Up-to-date: /home/vkj/ros2_ws/install/custom_interfaces/include/custom_interfaces/custom_interfaces/action/detail
[29.652s] -- Installing: /home/vkj/ros2_ws/install/custom_interfaces/include/custom_interfaces/custom_interfaces/action/detail/count_action__type_support.cpp
[29.652s] -- Installing: /home/vkj/ros2_ws/install/custom_interfaces/include/custom_interfaces/custom_interfaces/action/detail/count_action__rosidl_typesupport_introspection_cpp.hpp
[29.653s] -- Installing: /home/vkj/ros2_ws/install/custom_interfaces/include/custom_interfaces/custom_interfaces/action/detail/cruise_speed__rosidl_typesupport_introspection_cpp.hpp
[29.653s] -- Installing: /home/vkj/ros2_ws/install/custom_interfaces/include/custom_interfaces/custom_interfaces/action/detail/cruise_speed__type_support.cpp
[29.653s] -- Up-to-date: /home/vkj/ros2_ws/install/custom_interfaces/include/custom_interfaces/custom_interfaces/msg
[29.653s] -- Up-to-date: /home/vkj/ros2_ws/install/custom_interfaces/include/custom_interfaces/custom_interfaces/msg/detail
[29.653s] -- Installing: /home/vkj/ros2_ws/install/custom_interfaces/include/custom_interfaces/custom_interfaces/msg/detail/go_to_goal__type_support.cpp
[29.654s] -- Installing: /home/vkj/ros2_ws/install/custom_interfaces/include/custom_interfaces/custom_interfaces/msg/detail/num__type_support.cpp
[29.654s] -- Installing: /home/vkj/ros2_ws/install/custom_interfaces/include/custom_interfaces/custom_interfaces/msg/detail/num__rosidl_typesupport_introspection_cpp.hpp
[29.654s] -- Installing: /home/vkj/ros2_ws/install/custom_interfaces/include/custom_interfaces/custom_interfaces/msg/detail/sphere__rosidl_typesupport_introspection_cpp.hpp
[29.654s] -- Installing: /home/vkj/ros2_ws/install/custom_interfaces/include/custom_interfaces/custom_interfaces/msg/detail/go_to_goal__rosidl_typesupport_introspection_cpp.hpp
[29.654s] -- Installing: /home/vkj/ros2_ws/install/custom_interfaces/include/custom_interfaces/custom_interfaces/msg/detail/sphere__type_support.cpp
[29.655s] -- Installing: /home/vkj/ros2_ws/install/custom_interfaces/lib/libcustom_interfaces__rosidl_typesupport_introspection_cpp.so
[29.656s] -- Set runtime path of "/home/vkj/ros2_ws/install/custom_interfaces/lib/libcustom_interfaces__rosidl_typesupport_introspection_cpp.so" to ""
[29.656s] -- Installing: /home/vkj/ros2_ws/install/custom_interfaces/lib/libcustom_interfaces__rosidl_typesupport_cpp.so
[29.657s] -- Set runtime path of "/home/vkj/ros2_ws/install/custom_interfaces/lib/libcustom_interfaces__rosidl_typesupport_cpp.so" to ""
[29.657s] -- Up-to-date: /home/vkj/ros2_ws/install/custom_interfaces/share/custom_interfaces/environment/pythonpath.sh
[29.657s] -- Installing: /home/vkj/ros2_ws/install/custom_interfaces/share/custom_interfaces/environment/pythonpath.dsv
[29.657s] -- Up-to-date: /home/vkj/ros2_ws/install/custom_interfaces/local/lib/python3.10/dist-packages/custom_interfaces-0.0.0-py3.10.egg-info
[29.658s] -- Installing: /home/vkj/ros2_ws/install/custom_interfaces/local/lib/python3.10/dist-packages/custom_interfaces-0.0.0-py3.10.egg-info/PKG-INFO
[29.658s] -- Installing: /home/vkj/ros2_ws/install/custom_interfaces/local/lib/python3.10/dist-packages/custom_interfaces-0.0.0-py3.10.egg-info/SOURCES.txt
[29.658s] -- Installing: /home/vkj/ros2_ws/install/custom_interfaces/local/lib/python3.10/dist-packages/custom_interfaces-0.0.0-py3.10.egg-info/dependency_links.txt
[29.658s] -- Installing: /home/vkj/ros2_ws/install/custom_interfaces/local/lib/python3.10/dist-packages/custom_interfaces-0.0.0-py3.10.egg-info/top_level.txt
[29.658s] -- Up-to-date: /home/vkj/ros2_ws/install/custom_interfaces/local/lib/python3.10/dist-packages/custom_interfaces
[29.658s] -- Installing: /home/vkj/ros2_ws/install/custom_interfaces/local/lib/python3.10/dist-packages/custom_interfaces/custom_interfaces_s__rosidl_typesupport_introspection_c.cpython-310-x86_64-linux-gnu.so
[29.659s] -- Installing: /home/vkj/ros2_ws/install/custom_interfaces/local/lib/python3.10/dist-packages/custom_interfaces/__init__.py
[29.659s] -- Up-to-date: /home/vkj/ros2_ws/install/custom_interfaces/local/lib/python3.10/dist-packages/custom_interfaces/srv
[29.659s] -- Installing: /home/vkj/ros2_ws/install/custom_interfaces/local/lib/python3.10/dist-packages/custom_interfaces/srv/__init__.py
[29.659s] -- Installing: /home/vkj/ros2_ws/install/custom_interfaces/local/lib/python3.10/dist-packages/custom_interfaces/srv/_add_three_ints.py
[29.659s] -- Installing: /home/vkj/ros2_ws/install/custom_interfaces/local/lib/python3.10/dist-packages/custom_interfaces/srv/_add_three_ints_s.c
[29.660s] -- Installing: /home/vkj/ros2_ws/install/custom_interfaces/local/lib/python3.10/dist-packages/custom_interfaces/_custom_interfaces_s.ep.rosidl_typesupport_fastrtps_c.c
[29.660s] -- Installing: /home/vkj/ros2_ws/install/custom_interfaces/local/lib/python3.10/dist-packages/custom_interfaces/_custom_interfaces_s.ep.rosidl_typesupport_introspection_c.c
[29.660s] -- Installing: /home/vkj/ros2_ws/install/custom_interfaces/local/lib/python3.10/dist-packages/custom_interfaces/_custom_interfaces_s.ep.rosidl_typesupport_c.c
[29.661s] -- Up-to-date: /home/vkj/ros2_ws/install/custom_interfaces/local/lib/python3.10/dist-packages/custom_interfaces/action
[29.661s] -- Installing: /home/vkj/ros2_ws/install/custom_interfaces/local/lib/python3.10/dist-packages/custom_interfaces/action/__init__.py
[29.661s] -- Installing: /home/vkj/ros2_ws/install/custom_interfaces/local/lib/python3.10/dist-packages/custom_interfaces/action/_cruise_speed_s.c
[29.661s] -- Installing: /home/vkj/ros2_ws/install/custom_interfaces/local/lib/python3.10/dist-packages/custom_interfaces/action/_count_action_s.c
[29.661s] -- Installing: /home/vkj/ros2_ws/install/custom_interfaces/local/lib/python3.10/dist-packages/custom_interfaces/action/_count_action.py
[29.662s] -- Installing: /home/vkj/ros2_ws/install/custom_interfaces/local/lib/python3.10/dist-packages/custom_interfaces/action/_cruise_speed.py
[29.662s] -- Installing: /home/vkj/ros2_ws/install/custom_interfaces/local/lib/python3.10/dist-packages/custom_interfaces/libcustom_interfaces__rosidl_generator_py.so
[29.662s] -- Up-to-date: /home/vkj/ros2_ws/install/custom_interfaces/local/lib/python3.10/dist-packages/custom_interfaces/msg
[29.662s] -- Installing: /home/vkj/ros2_ws/install/custom_interfaces/local/lib/python3.10/dist-packages/custom_interfaces/msg/_sphere_s.c
[29.663s] -- Installing: /home/vkj/ros2_ws/install/custom_interfaces/local/lib/python3.10/dist-packages/custom_interfaces/msg/__init__.py
[29.663s] -- Installing: /home/vkj/ros2_ws/install/custom_interfaces/local/lib/python3.10/dist-packages/custom_interfaces/msg/_go_to_goal.py
[29.663s] -- Installing: /home/vkj/ros2_ws/install/custom_interfaces/local/lib/python3.10/dist-packages/custom_interfaces/msg/_num_s.c
[29.663s] -- Installing: /home/vkj/ros2_ws/install/custom_interfaces/local/lib/python3.10/dist-packages/custom_interfaces/msg/_num.py
[29.663s] -- Installing: /home/vkj/ros2_ws/install/custom_interfaces/local/lib/python3.10/dist-packages/custom_interfaces/msg/_sphere.py
[29.664s] -- Installing: /home/vkj/ros2_ws/install/custom_interfaces/local/lib/python3.10/dist-packages/custom_interfaces/msg/_go_to_goal_s.c
[29.664s] -- Installing: /home/vkj/ros2_ws/install/custom_interfaces/local/lib/python3.10/dist-packages/custom_interfaces/custom_interfaces_s__rosidl_typesupport_c.cpython-310-x86_64-linux-gnu.so
[29.664s] -- Installing: /home/vkj/ros2_ws/install/custom_interfaces/local/lib/python3.10/dist-packages/custom_interfaces/custom_interfaces_s__rosidl_typesupport_fastrtps_c.cpython-310-x86_64-linux-gnu.so
[29.757s] Listing '/home/vkj/ros2_ws/install/custom_interfaces/local/lib/python3.10/dist-packages/custom_interfaces'...
[29.757s] Compiling '/home/vkj/ros2_ws/install/custom_interfaces/local/lib/python3.10/dist-packages/custom_interfaces/__init__.py'...
[29.758s] Listing '/home/vkj/ros2_ws/install/custom_interfaces/local/lib/python3.10/dist-packages/custom_interfaces/action'...
[29.758s] Compiling '/home/vkj/ros2_ws/install/custom_interfaces/local/lib/python3.10/dist-packages/custom_interfaces/action/__init__.py'...
[29.758s] Compiling '/home/vkj/ros2_ws/install/custom_interfaces/local/lib/python3.10/dist-packages/custom_interfaces/action/_count_action.py'...
[29.758s] Compiling '/home/vkj/ros2_ws/install/custom_interfaces/local/lib/python3.10/dist-packages/custom_interfaces/action/_cruise_speed.py'...
[29.758s] Listing '/home/vkj/ros2_ws/install/custom_interfaces/local/lib/python3.10/dist-packages/custom_interfaces/msg'...
[29.758s] Compiling '/home/vkj/ros2_ws/install/custom_interfaces/local/lib/python3.10/dist-packages/custom_interfaces/msg/__init__.py'...
[29.758s] Compiling '/home/vkj/ros2_ws/install/custom_interfaces/local/lib/python3.10/dist-packages/custom_interfaces/msg/_go_to_goal.py'...
[29.759s] Compiling '/home/vkj/ros2_ws/install/custom_interfaces/local/lib/python3.10/dist-packages/custom_interfaces/msg/_num.py'...
[29.759s] Compiling '/home/vkj/ros2_ws/install/custom_interfaces/local/lib/python3.10/dist-packages/custom_interfaces/msg/_sphere.py'...
[29.759s] Listing '/home/vkj/ros2_ws/install/custom_interfaces/local/lib/python3.10/dist-packages/custom_interfaces/srv'...
[29.759s] Compiling '/home/vkj/ros2_ws/install/custom_interfaces/local/lib/python3.10/dist-packages/custom_interfaces/srv/__init__.py'...
[29.759s] Compiling '/home/vkj/ros2_ws/install/custom_interfaces/local/lib/python3.10/dist-packages/custom_interfaces/srv/_add_three_ints.py'...
[29.767s] -- Installing: /home/vkj/ros2_ws/install/custom_interfaces/local/lib/python3.10/dist-packages/custom_interfaces/custom_interfaces_s__rosidl_typesupport_fastrtps_c.cpython-310-x86_64-linux-gnu.so
[29.768s] -- Set runtime path of "/home/vkj/ros2_ws/install/custom_interfaces/local/lib/python3.10/dist-packages/custom_interfaces/custom_interfaces_s__rosidl_typesupport_fastrtps_c.cpython-310-x86_64-linux-gnu.so" to ""
[29.768s] -- Installing: /home/vkj/ros2_ws/install/custom_interfaces/local/lib/python3.10/dist-packages/custom_interfaces/custom_interfaces_s__rosidl_typesupport_introspection_c.cpython-310-x86_64-linux-gnu.so
[29.769s] -- Set runtime path of "/home/vkj/ros2_ws/install/custom_interfaces/local/lib/python3.10/dist-packages/custom_interfaces/custom_interfaces_s__rosidl_typesupport_introspection_c.cpython-310-x86_64-linux-gnu.so" to ""
[29.770s] -- Installing: /home/vkj/ros2_ws/install/custom_interfaces/local/lib/python3.10/dist-packages/custom_interfaces/custom_interfaces_s__rosidl_typesupport_c.cpython-310-x86_64-linux-gnu.so
[29.770s] -- Set runtime path of "/home/vkj/ros2_ws/install/custom_interfaces/local/lib/python3.10/dist-packages/custom_interfaces/custom_interfaces_s__rosidl_typesupport_c.cpython-310-x86_64-linux-gnu.so" to ""
[29.771s] -- Installing: /home/vkj/ros2_ws/install/custom_interfaces/lib/libcustom_interfaces__rosidl_generator_py.so
[29.772s] -- Set runtime path of "/home/vkj/ros2_ws/install/custom_interfaces/lib/libcustom_interfaces__rosidl_generator_py.so" to ""
[29.772s] -- Up-to-date: /home/vkj/ros2_ws/install/custom_interfaces/share/custom_interfaces/msg/Num.idl
[29.772s] -- Up-to-date: /home/vkj/ros2_ws/install/custom_interfaces/share/custom_interfaces/msg/Sphere.idl
[29.773s] -- Up-to-date: /home/vkj/ros2_ws/install/custom_interfaces/share/custom_interfaces/msg/GoToGoal.idl
[29.773s] -- Up-to-date: /home/vkj/ros2_ws/install/custom_interfaces/share/custom_interfaces/srv/AddThreeInts.idl
[29.774s] -- Up-to-date: /home/vkj/ros2_ws/install/custom_interfaces/share/custom_interfaces/action/CruiseSpeed.idl
[29.774s] -- Installing: /home/vkj/ros2_ws/install/custom_interfaces/share/custom_interfaces/action/CountAction.idl
[29.775s] -- Up-to-date: /home/vkj/ros2_ws/install/custom_interfaces/share/custom_interfaces/msg/Num.msg
[29.775s] -- Up-to-date: /home/vkj/ros2_ws/install/custom_interfaces/share/custom_interfaces/msg/Sphere.msg
[29.775s] -- Up-to-date: /home/vkj/ros2_ws/install/custom_interfaces/share/custom_interfaces/msg/GoToGoal.msg
[29.776s] -- Up-to-date: /home/vkj/ros2_ws/install/custom_interfaces/share/custom_interfaces/srv/AddThreeInts.srv
[29.776s] -- Up-to-date: /home/vkj/ros2_ws/install/custom_interfaces/share/custom_interfaces/srv/AddThreeInts_Request.msg
[29.776s] -- Up-to-date: /home/vkj/ros2_ws/install/custom_interfaces/share/custom_interfaces/srv/AddThreeInts_Response.msg
[29.776s] -- Up-to-date: /home/vkj/ros2_ws/install/custom_interfaces/share/custom_interfaces/action/CruiseSpeed.action
[29.777s] -- Installing: /home/vkj/ros2_ws/install/custom_interfaces/share/custom_interfaces/action/CountAction.action
[29.777s] -- Up-to-date: /home/vkj/ros2_ws/install/custom_interfaces/share/ament_index/resource_index/package_run_dependencies/custom_interfaces
[29.777s] -- Installing: /home/vkj/ros2_ws/install/custom_interfaces/share/ament_index/resource_index/parent_prefix_path/custom_interfaces
[29.778s] -- Up-to-date: /home/vkj/ros2_ws/install/custom_interfaces/share/custom_interfaces/environment/ament_prefix_path.sh
[29.778s] -- Installing: /home/vkj/ros2_ws/install/custom_interfaces/share/custom_interfaces/environment/ament_prefix_path.dsv
[29.778s] -- Up-to-date: /home/vkj/ros2_ws/install/custom_interfaces/share/custom_interfaces/environment/path.sh
[29.778s] -- Installing: /home/vkj/ros2_ws/install/custom_interfaces/share/custom_interfaces/environment/path.dsv
[29.779s] -- Up-to-date: /home/vkj/ros2_ws/install/custom_interfaces/share/custom_interfaces/local_setup.bash
[29.779s] -- Up-to-date: /home/vkj/ros2_ws/install/custom_interfaces/share/custom_interfaces/local_setup.sh
[29.779s] -- Up-to-date: /home/vkj/ros2_ws/install/custom_interfaces/share/custom_interfaces/local_setup.zsh
[29.780s] -- Installing: /home/vkj/ros2_ws/install/custom_interfaces/share/custom_interfaces/local_setup.dsv
[29.780s] -- Installing: /home/vkj/ros2_ws/install/custom_interfaces/share/custom_interfaces/package.dsv
[29.780s] -- Up-to-date: /home/vkj/ros2_ws/install/custom_interfaces/share/ament_index/resource_index/packages/custom_interfaces
[29.780s] -- Up-to-date: /home/vkj/ros2_ws/install/custom_interfaces/share/custom_interfaces/cmake/export_custom_interfaces__rosidl_generator_cExport.cmake
[29.781s] -- Up-to-date: /home/vkj/ros2_ws/install/custom_interfaces/share/custom_interfaces/cmake/export_custom_interfaces__rosidl_generator_cExport-noconfig.cmake
[29.781s] -- Up-to-date: /home/vkj/ros2_ws/install/custom_interfaces/share/custom_interfaces/cmake/export_custom_interfaces__rosidl_typesupport_fastrtps_cExport.cmake
[29.781s] -- Up-to-date: /home/vkj/ros2_ws/install/custom_interfaces/share/custom_interfaces/cmake/export_custom_interfaces__rosidl_typesupport_fastrtps_cExport-noconfig.cmake
[29.781s] -- Up-to-date: /home/vkj/ros2_ws/install/custom_interfaces/share/custom_interfaces/cmake/custom_interfaces__rosidl_typesupport_introspection_cExport.cmake
[29.782s] -- Up-to-date: /home/vkj/ros2_ws/install/custom_interfaces/share/custom_interfaces/cmake/custom_interfaces__rosidl_typesupport_introspection_cExport-noconfig.cmake
[29.782s] -- Up-to-date: /home/vkj/ros2_ws/install/custom_interfaces/share/custom_interfaces/cmake/custom_interfaces__rosidl_typesupport_cExport.cmake
[29.782s] -- Up-to-date: /home/vkj/ros2_ws/install/custom_interfaces/share/custom_interfaces/cmake/custom_interfaces__rosidl_typesupport_cExport-noconfig.cmake
[29.783s] -- Up-to-date: /home/vkj/ros2_ws/install/custom_interfaces/share/custom_interfaces/cmake/export_custom_interfaces__rosidl_generator_cppExport.cmake
[29.783s] -- Up-to-date: /home/vkj/ros2_ws/install/custom_interfaces/share/custom_interfaces/cmake/export_custom_interfaces__rosidl_typesupport_fastrtps_cppExport.cmake
[29.783s] -- Up-to-date: /home/vkj/ros2_ws/install/custom_interfaces/share/custom_interfaces/cmake/export_custom_interfaces__rosidl_typesupport_fastrtps_cppExport-noconfig.cmake
[29.783s] -- Up-to-date: /home/vkj/ros2_ws/install/custom_interfaces/share/custom_interfaces/cmake/custom_interfaces__rosidl_typesupport_introspection_cppExport.cmake
[29.783s] -- Up-to-date: /home/vkj/ros2_ws/install/custom_interfaces/share/custom_interfaces/cmake/custom_interfaces__rosidl_typesupport_introspection_cppExport-noconfig.cmake
[29.784s] -- Up-to-date: /home/vkj/ros2_ws/install/custom_interfaces/share/custom_interfaces/cmake/custom_interfaces__rosidl_typesupport_cppExport.cmake
[29.784s] -- Up-to-date: /home/vkj/ros2_ws/install/custom_interfaces/share/custom_interfaces/cmake/custom_interfaces__rosidl_typesupport_cppExport-noconfig.cmake
[29.784s] -- Up-to-date: /home/vkj/ros2_ws/install/custom_interfaces/share/custom_interfaces/cmake/export_custom_interfaces__rosidl_generator_pyExport.cmake
[29.784s] -- Up-to-date: /home/vkj/ros2_ws/install/custom_interfaces/share/custom_interfaces/cmake/export_custom_interfaces__rosidl_generator_pyExport-noconfig.cmake
[29.784s] -- Installing: /home/vkj/ros2_ws/install/custom_interfaces/share/custom_interfaces/cmake/rosidl_cmake-extras.cmake
[29.785s] -- Up-to-date: /home/vkj/ros2_ws/install/custom_interfaces/share/custom_interfaces/cmake/ament_cmake_export_dependencies-extras.cmake
[29.785s] -- Up-to-date: /home/vkj/ros2_ws/install/custom_interfaces/share/custom_interfaces/cmake/ament_cmake_export_include_directories-extras.cmake
[29.785s] -- Up-to-date: /home/vkj/ros2_ws/install/custom_interfaces/share/custom_interfaces/cmake/ament_cmake_export_libraries-extras.cmake
[29.785s] -- Up-to-date: /home/vkj/ros2_ws/install/custom_interfaces/share/custom_interfaces/cmake/ament_cmake_export_targets-extras.cmake
[29.785s] -- Up-to-date: /home/vkj/ros2_ws/install/custom_interfaces/share/custom_interfaces/cmake/rosidl_cmake_export_typesupport_targets-extras.cmake
[29.786s] -- Up-to-date: /home/vkj/ros2_ws/install/custom_interfaces/share/custom_interfaces/cmake/rosidl_cmake_export_typesupport_libraries-extras.cmake
[29.786s] -- Up-to-date: /home/vkj/ros2_ws/install/custom_interfaces/share/custom_interfaces/cmake/custom_interfacesConfig.cmake
[29.786s] -- Up-to-date: /home/vkj/ros2_ws/install/custom_interfaces/share/custom_interfaces/cmake/custom_interfacesConfig-version.cmake
[29.786s] -- Up-to-date: /home/vkj/ros2_ws/install/custom_interfaces/share/custom_interfaces/package.xml
[29.788s] Invoked command in '/home/vkj/ros2_ws/build/custom_interfaces' returned '0': CMAKE_PREFIX_PATH=${CMAKE_PREFIX_PATH}:/home/vkj/ros2_ws/install/test_turtle:/home/vkj/ros2_ws/install/test_action:/opt/ros/humble /usr/bin/cmake --install /home/vkj/ros2_ws/build/custom_interfaces
